{"/home/travis/build/kaizhu256/node-cms2/test.js":{"path":"/home/travis/build/kaizhu256/node-cms2/test.js","s":{"1":1,"2":1,"3":1,"4":1,"5":1,"6":1,"7":1,"8":1,"9":1,"10":0,"11":1,"12":0,"13":0,"14":0,"15":0,"16":0,"17":0,"18":1,"19":1,"20":0,"21":0,"22":0,"23":0,"24":0,"25":0,"26":0,"27":0,"28":1,"29":1,"30":1,"31":1,"32":1,"33":1,"34":1,"35":1,"36":1,"37":1,"38":1,"39":1,"40":1,"41":1,"42":1,"43":1,"44":1,"45":1,"46":1,"47":1,"48":1,"49":1,"50":1,"51":0,"52":1,"53":0,"54":0,"55":1,"56":1,"57":1,"58":1,"59":11,"60":11,"61":11,"62":4,"63":4,"64":1,"65":1,"66":1,"67":1,"68":1,"69":1,"70":1,"71":1,"72":0,"73":1,"74":1,"75":1,"76":1,"77":1,"78":1},"b":{"1":[0,1],"2":[0,1],"3":[1,1],"4":[0,1],"5":[0,0,1],"6":[2,4],"7":[1,1,1,1],"8":[0,0,0],"9":[0,1],"10":[0,1],"11":[0,1]},"f":{"1":1,"2":1,"3":1,"4":1,"5":1,"6":0,"7":0,"8":1,"9":1,"10":1,"11":11,"12":1,"13":1,"14":1},"fnMap":{"1":{"name":"(anonymous_1)","line":9,"loc":{"start":{"line":9,"column":1},"end":{"line":9,"column":18}}},"2":{"name":"(anonymous_2)","line":12,"loc":{"start":{"line":12,"column":5},"end":{"line":12,"column":17}}},"3":{"name":"(anonymous_3)","line":14,"loc":{"start":{"line":14,"column":34},"end":{"line":14,"column":53}}},"4":{"name":"(anonymous_4)","line":21,"loc":{"start":{"line":21,"column":15},"end":{"line":21,"column":32}}},"5":{"name":"(anonymous_5)","line":22,"loc":{"start":{"line":22,"column":44},"end":{"line":22,"column":56}}},"6":{"name":"(anonymous_6)","line":46,"loc":{"start":{"line":46,"column":44},"end":{"line":46,"column":63}}},"7":{"name":"(anonymous_7)","line":77,"loc":{"start":{"line":77,"column":24},"end":{"line":77,"column":36}}},"8":{"name":"(anonymous_8)","line":110,"loc":{"start":{"line":110,"column":20},"end":{"line":110,"column":39}}},"9":{"name":"(anonymous_9)","line":113,"loc":{"start":{"line":113,"column":20},"end":{"line":113,"column":41}}},"10":{"name":"(anonymous_10)","line":172,"loc":{"start":{"line":172,"column":12},"end":{"line":172,"column":57}}},"11":{"name":"(anonymous_11)","line":205,"loc":{"start":{"line":205,"column":48},"end":{"line":205,"column":64}}},"12":{"name":"(anonymous_12)","line":221,"loc":{"start":{"line":221,"column":3},"end":{"line":221,"column":15}}},"13":{"name":"(anonymous_13)","line":228,"loc":{"start":{"line":228,"column":5},"end":{"line":228,"column":17}}},"14":{"name":"(anonymous_14)","line":231,"loc":{"start":{"line":231,"column":24},"end":{"line":231,"column":36}}}},"statementMap":{"1":{"start":{"line":9,"column":0},"end":{"line":261,"column":7}},"2":{"start":{"line":12,"column":4},"end":{"line":31,"column":9}},"3":{"start":{"line":14,"column":8},"end":{"line":30,"column":10}},"4":{"start":{"line":19,"column":12},"end":{"line":29,"column":15}},"5":{"start":{"line":22,"column":16},"end":{"line":28,"column":28}},"6":{"start":{"line":24,"column":20},"end":{"line":24,"column":73}},"7":{"start":{"line":26,"column":20},"end":{"line":26,"column":86}},"8":{"start":{"line":27,"column":20},"end":{"line":27,"column":30}},"9":{"start":{"line":32,"column":4},"end":{"line":66,"column":5}},"10":{"start":{"line":39,"column":8},"end":{"line":39,"column":14}},"11":{"start":{"line":46,"column":8},"end":{"line":64,"column":10}},"12":{"start":{"line":51,"column":12},"end":{"line":51,"column":26}},"13":{"start":{"line":52,"column":12},"end":{"line":52,"column":58}},"14":{"start":{"line":53,"column":12},"end":{"line":53,"column":35}},"15":{"start":{"line":55,"column":12},"end":{"line":55,"column":35}},"16":{"start":{"line":56,"column":12},"end":{"line":62,"column":26}},"17":{"start":{"line":63,"column":12},"end":{"line":63,"column":24}},"18":{"start":{"line":65,"column":8},"end":{"line":65,"column":14}},"19":{"start":{"line":67,"column":4},"end":{"line":220,"column":5}},"20":{"start":{"line":74,"column":8},"end":{"line":74,"column":44}},"21":{"start":{"line":75,"column":8},"end":{"line":82,"column":11}},"22":{"start":{"line":78,"column":16},"end":{"line":78,"column":41}},"23":{"start":{"line":83,"column":8},"end":{"line":83,"column":32}},"24":{"start":{"line":84,"column":8},"end":{"line":84,"column":46}},"25":{"start":{"line":86,"column":8},"end":{"line":86,"column":29}},"26":{"start":{"line":88,"column":8},"end":{"line":88,"column":38}},"27":{"start":{"line":89,"column":8},"end":{"line":89,"column":14}},"28":{"start":{"line":96,"column":8},"end":{"line":96,"column":29}},"29":{"start":{"line":98,"column":8},"end":{"line":98,"column":33}},"30":{"start":{"line":99,"column":8},"end":{"line":99,"column":43}},"31":{"start":{"line":100,"column":8},"end":{"line":100,"column":37}},"32":{"start":{"line":101,"column":8},"end":{"line":101,"column":89}},"33":{"start":{"line":102,"column":8},"end":{"line":102,"column":59}},"34":{"start":{"line":103,"column":8},"end":{"line":103,"column":35}},"35":{"start":{"line":104,"column":8},"end":{"line":104,"column":45}},"36":{"start":{"line":105,"column":8},"end":{"line":105,"column":33}},"37":{"start":{"line":107,"column":8},"end":{"line":107,"column":44}},"38":{"start":{"line":108,"column":8},"end":{"line":122,"column":11}},"39":{"start":{"line":111,"column":16},"end":{"line":120,"column":18}},"40":{"start":{"line":115,"column":24},"end":{"line":115,"column":61}},"41":{"start":{"line":116,"column":24},"end":{"line":116,"column":43}},"42":{"start":{"line":117,"column":24},"end":{"line":117,"column":34}},"43":{"start":{"line":118,"column":24},"end":{"line":118,"column":49}},"44":{"start":{"line":124,"column":8},"end":{"line":139,"column":11}},"45":{"start":{"line":141,"column":8},"end":{"line":151,"column":11}},"46":{"start":{"line":153,"column":8},"end":{"line":158,"column":90}},"47":{"start":{"line":159,"column":8},"end":{"line":163,"column":10}},"48":{"start":{"line":164,"column":8},"end":{"line":168,"column":10}},"49":{"start":{"line":170,"column":8},"end":{"line":199,"column":43}},"50":{"start":{"line":176,"column":16},"end":{"line":187,"column":17}},"51":{"start":{"line":178,"column":20},"end":{"line":186,"column":23}},"52":{"start":{"line":188,"column":16},"end":{"line":197,"column":17}},"53":{"start":{"line":192,"column":20},"end":{"line":192,"column":78}},"54":{"start":{"line":193,"column":20},"end":{"line":193,"column":26}},"55":{"start":{"line":196,"column":20},"end":{"line":196,"column":37}},"56":{"start":{"line":201,"column":8},"end":{"line":201,"column":67}},"57":{"start":{"line":203,"column":8},"end":{"line":203,"column":44}},"58":{"start":{"line":205,"column":8},"end":{"line":216,"column":11}},"59":{"start":{"line":206,"column":12},"end":{"line":206,"column":42}},"60":{"start":{"line":208,"column":12},"end":{"line":208,"column":55}},"61":{"start":{"line":209,"column":12},"end":{"line":215,"column":13}},"62":{"start":{"line":213,"column":16},"end":{"line":213,"column":92}},"63":{"start":{"line":214,"column":16},"end":{"line":214,"column":22}},"64":{"start":{"line":218,"column":8},"end":{"line":218,"column":35}},"65":{"start":{"line":219,"column":8},"end":{"line":219,"column":14}},"66":{"start":{"line":223,"column":4},"end":{"line":223,"column":14}},"67":{"start":{"line":228,"column":4},"end":{"line":259,"column":9}},"68":{"start":{"line":230,"column":8},"end":{"line":230,"column":19}},"69":{"start":{"line":231,"column":8},"end":{"line":242,"column":13}},"70":{"start":{"line":232,"column":12},"end":{"line":241,"column":13}},"71":{"start":{"line":233,"column":16},"end":{"line":236,"column":27}},"72":{"start":{"line":238,"column":16},"end":{"line":240,"column":30}},"73":{"start":{"line":244,"column":8},"end":{"line":246,"column":21}},"74":{"start":{"line":248,"column":8},"end":{"line":250,"column":34}},"75":{"start":{"line":252,"column":8},"end":{"line":252,"column":65}},"76":{"start":{"line":254,"column":8},"end":{"line":254,"column":61}},"77":{"start":{"line":256,"column":8},"end":{"line":258,"column":36}},"78":{"start":{"line":260,"column":4},"end":{"line":260,"column":17}}},"branchMap":{"1":{"line":32,"type":"switch","locations":[{"start":{"line":37,"column":4},"end":{"line":39,"column":14}},{"start":{"line":44,"column":4},"end":{"line":65,"column":14}}]},"2":{"line":67,"type":"switch","locations":[{"start":{"line":72,"column":4},"end":{"line":89,"column":14}},{"start":{"line":94,"column":4},"end":{"line":219,"column":14}}]},"3":{"line":112,"type":"binary-expr","locations":[{"start":{"line":112,"column":20},"end":{"line":112,"column":54}},{"start":{"line":112,"column":58},"end":{"line":112,"column":90}}]},"4":{"line":176,"type":"if","locations":[{"start":{"line":176,"column":16},"end":{"line":176,"column":16}},{"start":{"line":176,"column":16},"end":{"line":176,"column":16}}]},"5":{"line":188,"type":"switch","locations":[{"start":{"line":190,"column":16},"end":{"line":190,"column":25}},{"start":{"line":191,"column":16},"end":{"line":193,"column":26}},{"start":{"line":195,"column":16},"end":{"line":196,"column":37}}]},"6":{"line":209,"type":"switch","locations":[{"start":{"line":210,"column":12},"end":{"line":210,"column":23}},{"start":{"line":211,"column":12},"end":{"line":214,"column":22}}]},"7":{"line":233,"type":"binary-expr","locations":[{"start":{"line":233,"column":23},"end":{"line":233,"column":37}},{"start":{"line":234,"column":20},"end":{"line":234,"column":61}},{"start":{"line":235,"column":20},"end":{"line":235,"column":70}},{"start":{"line":236,"column":20},"end":{"line":236,"column":26}}]},"8":{"line":238,"type":"binary-expr","locations":[{"start":{"line":238,"column":23},"end":{"line":238,"column":62}},{"start":{"line":239,"column":20},"end":{"line":239,"column":70}},{"start":{"line":240,"column":20},"end":{"line":240,"column":29}}]},"9":{"line":244,"type":"cond-expr","locations":[{"start":{"line":245,"column":14},"end":{"line":245,"column":20}},{"start":{"line":246,"column":14},"end":{"line":246,"column":20}}]},"10":{"line":248,"type":"cond-expr","locations":[{"start":{"line":249,"column":14},"end":{"line":249,"column":29}},{"start":{"line":250,"column":14},"end":{"line":250,"column":33}}]},"11":{"line":256,"type":"cond-expr","locations":[{"start":{"line":257,"column":14},"end":{"line":257,"column":25}},{"start":{"line":258,"column":14},"end":{"line":258,"column":35}}]}}},"/home/travis/build/kaizhu256/node-cms2/index.js":{"path":"/home/travis/build/kaizhu256/node-cms2/index.js","s":{"1":1,"2":1,"3":1,"4":24,"5":24,"6":1,"7":0,"8":0,"9":0,"10":0,"11":0,"12":0,"13":0,"14":0,"15":0,"16":0,"17":0,"18":1,"19":0,"20":0,"21":0,"22":0,"23":0,"24":0,"25":0,"26":0,"27":0,"28":0,"29":0,"30":0,"31":1,"32":0,"33":0,"34":0,"35":0,"36":0,"37":0,"38":0,"39":0,"40":0,"41":0,"42":0,"43":0,"44":0,"45":0,"46":0,"47":0,"48":0,"49":0,"50":0,"51":0,"52":0,"53":0,"54":0,"55":0,"56":0,"57":0,"58":0,"59":0,"60":0,"61":0,"62":0,"63":0,"64":0,"65":0,"66":0,"67":0,"68":0,"69":0,"70":0,"71":0,"72":0,"73":0,"74":0,"75":0,"76":0,"77":0,"78":0,"79":0,"80":0,"81":0,"82":1,"83":1,"84":1,"85":1,"86":1,"87":2,"88":2,"89":2,"90":1,"91":0,"92":0,"93":0,"94":0,"95":1,"96":1,"97":1,"98":0,"99":0,"100":0,"101":1,"102":1,"103":0,"104":1,"105":1,"106":2,"107":2,"108":2,"109":341,"110":339,"111":339,"112":16,"113":16,"114":16,"115":339,"116":157,"117":2,"118":14,"119":14,"120":14,"121":14,"122":2,"123":2,"124":4,"125":2,"126":2,"127":2,"128":2,"129":397,"130":182,"131":402,"132":7,"133":2,"134":8,"135":72,"136":72,"137":24,"138":2,"139":1,"140":3,"141":3,"142":3,"143":3,"144":0,"145":0,"146":3,"147":0,"148":3,"149":0,"150":3,"151":3,"152":1,"153":1,"154":0,"155":0,"156":0,"157":1,"158":1,"159":1,"160":1,"161":1,"162":1,"163":1,"164":1,"165":1,"166":1,"167":1,"168":1,"169":1,"170":1,"171":0,"172":0,"173":0,"174":0,"175":0,"176":0,"177":0,"178":1,"179":1,"180":1,"181":1,"182":1,"183":1,"184":1,"185":0,"186":0,"187":0,"188":1,"189":1,"190":0,"191":0,"192":1,"193":0,"194":0,"195":0,"196":0,"197":0,"198":1,"199":0,"200":1,"201":1,"202":1,"203":1,"204":1,"205":1,"206":1,"207":1,"208":1,"209":1,"210":1,"211":1,"212":1,"213":1,"214":1,"215":1,"216":1,"217":1,"218":0,"219":1,"220":1,"221":1},"b":{"1":[0,0],"2":[0,0],"3":[0,0],"4":[0,0],"5":[0,0],"6":[0,0],"7":[0,0],"8":[0,0],"9":[0,0,0,0],"10":[0,0],"11":[0,0],"12":[0,0,0,0,0],"13":[0,0],"14":[0,0],"15":[0,0],"16":[0,0,0,0,0,0,0],"17":[0,0],"18":[0,0],"19":[0,0],"20":[0,0],"21":[0,0,0,0],"22":[0,0],"23":[0,0],"24":[0,0],"25":[1],"26":[0,2],"27":[1,1],"28":[0,0,0,0,0,0,0,0,0,1],"29":[0,1],"30":[0],"31":[2,2],"32":[150,191],"33":[341,327],"34":[16,323],"35":[16,0],"36":[157,182],"37":[4,1],"38":[182,215],"39":[397,397],"40":[7,395],"41":[72,48],"42":[24,0],"43":[0,3],"44":[0,3],"45":[3,1,1],"46":[0,3],"47":[3,1,1],"48":[0,3],"49":[3,1,1],"50":[0,1],"51":[1,1],"52":[0,0],"53":[0,0],"54":[1,1,1,1],"55":[0,0,0],"56":[0,1]},"f":{"1":1,"2":1,"3":24,"4":0,"5":0,"6":0,"7":0,"8":0,"9":0,"10":0,"11":1,"12":2,"13":2,"14":341,"15":339,"16":14,"17":14,"18":4,"19":2,"20":2,"21":397,"22":402,"23":8,"24":72,"25":24,"26":3,"27":3,"28":0,"29":0,"30":1,"31":0,"32":0,"33":0,"34":0,"35":1,"36":1,"37":1,"38":1},"fnMap":{"1":{"name":"(anonymous_1)","line":9,"loc":{"start":{"line":9,"column":1},"end":{"line":9,"column":18}}},"2":{"name":"(anonymous_2)","line":15,"loc":{"start":{"line":15,"column":5},"end":{"line":15,"column":17}}},"3":{"name":"(anonymous_3)","line":16,"loc":{"start":{"line":16,"column":38},"end":{"line":16,"column":54}}},"4":{"name":"(anonymous_4)","line":27,"loc":{"start":{"line":27,"column":35},"end":{"line":27,"column":54}}},"5":{"name":"(anonymous_5)","line":37,"loc":{"start":{"line":37,"column":56},"end":{"line":37,"column":71}}},"6":{"name":"(anonymous_6)","line":55,"loc":{"start":{"line":55,"column":40},"end":{"line":55,"column":59}}},"7":{"name":"(anonymous_7)","line":65,"loc":{"start":{"line":65,"column":31},"end":{"line":65,"column":48}}},"8":{"name":"(anonymous_8)","line":84,"loc":{"start":{"line":84,"column":38},"end":{"line":84,"column":57}}},"9":{"name":"(anonymous_9)","line":90,"loc":{"start":{"line":90,"column":21},"end":{"line":90,"column":38}}},"10":{"name":"(anonymous_10)","line":125,"loc":{"start":{"line":125,"column":33},"end":{"line":125,"column":52}}},"11":{"name":"(anonymous_11)","line":197,"loc":{"start":{"line":197,"column":32},"end":{"line":197,"column":77}}},"12":{"name":"(anonymous_12)","line":203,"loc":{"start":{"line":203,"column":21},"end":{"line":203,"column":38}}},"13":{"name":"(anonymous_13)","line":260,"loc":{"start":{"line":260,"column":33},"end":{"line":260,"column":52}}},"14":{"name":"(anonymous_14)","line":434,"loc":{"start":{"line":434,"column":51},"end":{"line":434,"column":70}}},"15":{"name":"(anonymous_15)","line":437,"loc":{"start":{"line":437,"column":34},"end":{"line":437,"column":49}}},"16":{"name":"(anonymous_16)","line":453,"loc":{"start":{"line":453,"column":47},"end":{"line":453,"column":63}}},"17":{"name":"(anonymous_17)","line":454,"loc":{"start":{"line":454,"column":57},"end":{"line":454,"column":75}}},"18":{"name":"(anonymous_18)","line":475,"loc":{"start":{"line":475,"column":64},"end":{"line":475,"column":80}}},"19":{"name":"(anonymous_19)","line":476,"loc":{"start":{"line":476,"column":37},"end":{"line":476,"column":56}}},"20":{"name":"(anonymous_20)","line":484,"loc":{"start":{"line":484,"column":21},"end":{"line":484,"column":36}}},"21":{"name":"(anonymous_21)","line":492,"loc":{"start":{"line":492,"column":70},"end":{"line":492,"column":89}}},"22":{"name":"(anonymous_22)","line":494,"loc":{"start":{"line":494,"column":57},"end":{"line":494,"column":72}}},"23":{"name":"(anonymous_23)","line":505,"loc":{"start":{"line":505,"column":33},"end":{"line":505,"column":45}}},"24":{"name":"(anonymous_24)","line":506,"loc":{"start":{"line":506,"column":72},"end":{"line":506,"column":89}}},"25":{"name":"(anonymous_25)","line":511,"loc":{"start":{"line":511,"column":33},"end":{"line":511,"column":52}}},"26":{"name":"(anonymous_26)","line":523,"loc":{"start":{"line":523,"column":38},"end":{"line":523,"column":50}}},"27":{"name":"(anonymous_27)","line":532,"loc":{"start":{"line":532,"column":39},"end":{"line":532,"column":64}}},"28":{"name":"(anonymous_28)","line":541,"loc":{"start":{"line":541,"column":50},"end":{"line":541,"column":69}}},"29":{"name":"(anonymous_29)","line":691,"loc":{"start":{"line":691,"column":20},"end":{"line":691,"column":42}},"skip":true},"30":{"name":"(anonymous_30)","line":733,"loc":{"start":{"line":733,"column":9},"end":{"line":733,"column":21}}},"31":{"name":"(anonymous_31)","line":738,"loc":{"start":{"line":738,"column":35},"end":{"line":738,"column":47}}},"32":{"name":"(anonymous_32)","line":744,"loc":{"start":{"line":744,"column":50},"end":{"line":744,"column":73}}},"33":{"name":"(anonymous_33)","line":748,"loc":{"start":{"line":748,"column":50},"end":{"line":748,"column":66}}},"34":{"name":"(anonymous_34)","line":755,"loc":{"start":{"line":755,"column":62},"end":{"line":755,"column":84}}},"35":{"name":"(anonymous_35)","line":768,"loc":{"start":{"line":768,"column":68},"end":{"line":768,"column":86}}},"36":{"name":"(anonymous_36)","line":781,"loc":{"start":{"line":781,"column":3},"end":{"line":781,"column":15}}},"37":{"name":"(anonymous_37)","line":788,"loc":{"start":{"line":788,"column":5},"end":{"line":788,"column":17}}},"38":{"name":"(anonymous_38)","line":791,"loc":{"start":{"line":791,"column":24},"end":{"line":791,"column":36}}}},"statementMap":{"1":{"start":{"line":9,"column":0},"end":{"line":811,"column":7}},"2":{"start":{"line":15,"column":4},"end":{"line":190,"column":9}},"3":{"start":{"line":16,"column":8},"end":{"line":25,"column":10}},"4":{"start":{"line":20,"column":12},"end":{"line":24,"column":13}},"5":{"start":{"line":21,"column":16},"end":{"line":22,"column":77}},"6":{"start":{"line":27,"column":8},"end":{"line":53,"column":10}},"7":{"start":{"line":31,"column":12},"end":{"line":31,"column":28}},"8":{"start":{"line":32,"column":12},"end":{"line":34,"column":13}},"9":{"start":{"line":33,"column":16},"end":{"line":33,"column":23}},"10":{"start":{"line":35,"column":12},"end":{"line":35,"column":32}},"11":{"start":{"line":36,"column":12},"end":{"line":36,"column":40}},"12":{"start":{"line":37,"column":12},"end":{"line":52,"column":15}},"13":{"start":{"line":38,"column":16},"end":{"line":51,"column":17}},"14":{"start":{"line":39,"column":20},"end":{"line":45,"column":23}},"15":{"start":{"line":47,"column":20},"end":{"line":48,"column":44}},"16":{"start":{"line":49,"column":20},"end":{"line":49,"column":87}},"17":{"start":{"line":50,"column":20},"end":{"line":50,"column":38}},"18":{"start":{"line":55,"column":8},"end":{"line":82,"column":10}},"19":{"start":{"line":59,"column":12},"end":{"line":59,"column":38}},"20":{"start":{"line":60,"column":12},"end":{"line":62,"column":13}},"21":{"start":{"line":61,"column":16},"end":{"line":61,"column":23}},"22":{"start":{"line":63,"column":12},"end":{"line":63,"column":32}},"23":{"start":{"line":64,"column":12},"end":{"line":64,"column":50}},"24":{"start":{"line":65,"column":12},"end":{"line":81,"column":15}},"25":{"start":{"line":66,"column":16},"end":{"line":66,"column":33}},"26":{"start":{"line":67,"column":16},"end":{"line":80,"column":17}},"27":{"start":{"line":68,"column":20},"end":{"line":74,"column":23}},"28":{"start":{"line":76,"column":20},"end":{"line":77,"column":44}},"29":{"start":{"line":78,"column":20},"end":{"line":78,"column":87}},"30":{"start":{"line":79,"column":20},"end":{"line":79,"column":38}},"31":{"start":{"line":84,"column":8},"end":{"line":189,"column":10}},"32":{"start":{"line":89,"column":12},"end":{"line":89,"column":58}},"33":{"start":{"line":90,"column":12},"end":{"line":95,"column":14}},"34":{"start":{"line":91,"column":16},"end":{"line":94,"column":17}},"35":{"start":{"line":92,"column":20},"end":{"line":93,"column":68}},"36":{"start":{"line":96,"column":12},"end":{"line":96,"column":46}},"37":{"start":{"line":97,"column":12},"end":{"line":97,"column":32}},"38":{"start":{"line":98,"column":12},"end":{"line":98,"column":95}},"39":{"start":{"line":99,"column":12},"end":{"line":99,"column":45}},"40":{"start":{"line":101,"column":12},"end":{"line":109,"column":13}},"41":{"start":{"line":104,"column":16},"end":{"line":108,"column":17}},"42":{"start":{"line":105,"column":20},"end":{"line":105,"column":44}},"43":{"start":{"line":107,"column":20},"end":{"line":107,"column":33}},"44":{"start":{"line":111,"column":12},"end":{"line":117,"column":13}},"45":{"start":{"line":112,"column":16},"end":{"line":115,"column":17}},"46":{"start":{"line":113,"column":20},"end":{"line":114,"column":66}},"47":{"start":{"line":116,"column":16},"end":{"line":116,"column":23}},"48":{"start":{"line":120,"column":12},"end":{"line":179,"column":13}},"49":{"start":{"line":122,"column":16},"end":{"line":122,"column":44}},"50":{"start":{"line":124,"column":16},"end":{"line":133,"column":17}},"51":{"start":{"line":125,"column":20},"end":{"line":132,"column":23}},"52":{"start":{"line":126,"column":24},"end":{"line":131,"column":27}},"53":{"start":{"line":134,"column":16},"end":{"line":134,"column":22}},"54":{"start":{"line":136,"column":16},"end":{"line":136,"column":50}},"55":{"start":{"line":137,"column":16},"end":{"line":137,"column":22}},"56":{"start":{"line":139,"column":16},"end":{"line":139,"column":22}},"57":{"start":{"line":141,"column":16},"end":{"line":141,"column":72}},"58":{"start":{"line":142,"column":16},"end":{"line":146,"column":17}},"59":{"start":{"line":145,"column":20},"end":{"line":145,"column":26}},"60":{"start":{"line":147,"column":16},"end":{"line":147,"column":22}},"61":{"start":{"line":149,"column":16},"end":{"line":149,"column":49}},"62":{"start":{"line":150,"column":16},"end":{"line":154,"column":17}},"63":{"start":{"line":153,"column":20},"end":{"line":153,"column":26}},"64":{"start":{"line":155,"column":16},"end":{"line":155,"column":22}},"65":{"start":{"line":157,"column":16},"end":{"line":157,"column":49}},"66":{"start":{"line":158,"column":16},"end":{"line":158,"column":22}},"67":{"start":{"line":160,"column":16},"end":{"line":160,"column":49}},"68":{"start":{"line":161,"column":16},"end":{"line":177,"column":17}},"69":{"start":{"line":164,"column":20},"end":{"line":164,"column":67}},"70":{"start":{"line":165,"column":20},"end":{"line":165,"column":26}},"71":{"start":{"line":167,"column":20},"end":{"line":167,"column":41}},"72":{"start":{"line":168,"column":20},"end":{"line":168,"column":85}},"73":{"start":{"line":169,"column":20},"end":{"line":169,"column":26}},"74":{"start":{"line":171,"column":20},"end":{"line":171,"column":41}},"75":{"start":{"line":172,"column":20},"end":{"line":172,"column":72}},"76":{"start":{"line":173,"column":20},"end":{"line":173,"column":26}},"77":{"start":{"line":175,"column":20},"end":{"line":175,"column":74}},"78":{"start":{"line":176,"column":20},"end":{"line":176,"column":26}},"79":{"start":{"line":178,"column":16},"end":{"line":178,"column":22}},"80":{"start":{"line":181,"column":12},"end":{"line":188,"column":13}},"81":{"start":{"line":182,"column":16},"end":{"line":187,"column":19}},"82":{"start":{"line":191,"column":4},"end":{"line":556,"column":5}},"83":{"start":{"line":197,"column":8},"end":{"line":258,"column":10}},"84":{"start":{"line":201,"column":12},"end":{"line":201,"column":33}},"85":{"start":{"line":202,"column":12},"end":{"line":202,"column":25}},"86":{"start":{"line":203,"column":12},"end":{"line":256,"column":14}},"87":{"start":{"line":204,"column":16},"end":{"line":255,"column":17}},"88":{"start":{"line":210,"column":0},"end":{"line":212,"column":19}},"89":{"start":{"line":213,"column":0},"end":{"line":252,"column":21}},"90":{"start":{"line":216,"column":4},"end":{"line":232,"column":5}},"91":{"start":{"line":219,"column":8},"end":{"line":219,"column":75}},"92":{"start":{"line":220,"column":8},"end":{"line":220,"column":15}},"93":{"start":{"line":228,"column":8},"end":{"line":228,"column":71}},"94":{"start":{"line":229,"column":8},"end":{"line":229,"column":15}},"95":{"start":{"line":231,"column":8},"end":{"line":231,"column":17}},"96":{"start":{"line":233,"column":4},"end":{"line":233,"column":10}},"97":{"start":{"line":235,"column":4},"end":{"line":244,"column":5}},"98":{"start":{"line":237,"column":8},"end":{"line":243,"column":9}},"99":{"start":{"line":241,"column":12},"end":{"line":241,"column":86}},"100":{"start":{"line":242,"column":12},"end":{"line":242,"column":19}},"101":{"start":{"line":246,"column":4},"end":{"line":246,"column":21}},"102":{"start":{"line":247,"column":4},"end":{"line":247,"column":10}},"103":{"start":{"line":254,"column":20},"end":{"line":254,"column":95}},"104":{"start":{"line":257,"column":12},"end":{"line":257,"column":21}},"105":{"start":{"line":260,"column":8},"end":{"line":521,"column":10}},"106":{"start":{"line":265,"column":12},"end":{"line":265,"column":32}},"107":{"start":{"line":266,"column":12},"end":{"line":432,"column":18}},"108":{"start":{"line":434,"column":12},"end":{"line":451,"column":18}},"109":{"start":{"line":435,"column":16},"end":{"line":450,"column":19}},"110":{"start":{"line":438,"column":20},"end":{"line":438,"column":68}},"111":{"start":{"line":439,"column":20},"end":{"line":446,"column":21}},"112":{"start":{"line":441,"column":24},"end":{"line":443,"column":25}},"113":{"start":{"line":442,"column":28},"end":{"line":442,"column":56}},"114":{"start":{"line":445,"column":24},"end":{"line":445,"column":44}},"115":{"start":{"line":447,"column":20},"end":{"line":449,"column":21}},"116":{"start":{"line":448,"column":24},"end":{"line":448,"column":90}},"117":{"start":{"line":453,"column":12},"end":{"line":472,"column":15}},"118":{"start":{"line":454,"column":16},"end":{"line":471,"column":19}},"119":{"start":{"line":455,"column":20},"end":{"line":455,"column":61}},"120":{"start":{"line":457,"column":20},"end":{"line":468,"column":28}},"121":{"start":{"line":470,"column":20},"end":{"line":470,"column":64}},"122":{"start":{"line":474,"column":12},"end":{"line":474,"column":21}},"123":{"start":{"line":475,"column":12},"end":{"line":479,"column":15}},"124":{"start":{"line":476,"column":16},"end":{"line":478,"column":19}},"125":{"start":{"line":477,"column":20},"end":{"line":477,"column":48}},"126":{"start":{"line":480,"column":12},"end":{"line":486,"column":19}},"127":{"start":{"line":485,"column":20},"end":{"line":485,"column":36}},"128":{"start":{"line":488,"column":12},"end":{"line":503,"column":14}},"129":{"start":{"line":493,"column":24},"end":{"line":500,"column":25}},"130":{"start":{"line":494,"column":28},"end":{"line":499,"column":31}},"131":{"start":{"line":496,"column":32},"end":{"line":498,"column":33}},"132":{"start":{"line":497,"column":36},"end":{"line":497,"column":56}},"133":{"start":{"line":505,"column":12},"end":{"line":518,"column":15}},"134":{"start":{"line":506,"column":16},"end":{"line":517,"column":19}},"135":{"start":{"line":507,"column":20},"end":{"line":507,"column":70}},"136":{"start":{"line":509,"column":20},"end":{"line":516,"column":27}},"137":{"start":{"line":512,"column":28},"end":{"line":515,"column":34}},"138":{"start":{"line":520,"column":12},"end":{"line":520,"column":42}},"139":{"start":{"line":523,"column":8},"end":{"line":554,"column":10}},"140":{"start":{"line":527,"column":12},"end":{"line":527,"column":28}},"141":{"start":{"line":529,"column":12},"end":{"line":529,"column":74}},"142":{"start":{"line":531,"column":12},"end":{"line":548,"column":19}},"143":{"start":{"line":533,"column":20},"end":{"line":536,"column":21}},"144":{"start":{"line":534,"column":24},"end":{"line":534,"column":61}},"145":{"start":{"line":535,"column":24},"end":{"line":535,"column":31}},"146":{"start":{"line":537,"column":20},"end":{"line":544,"column":23}},"147":{"start":{"line":542,"column":24},"end":{"line":543,"column":84}},"148":{"start":{"line":545,"column":20},"end":{"line":547,"column":21}},"149":{"start":{"line":546,"column":24},"end":{"line":546,"column":66}},"150":{"start":{"line":550,"column":12},"end":{"line":552,"column":15}},"151":{"start":{"line":553,"column":12},"end":{"line":553,"column":54}},"152":{"start":{"line":555,"column":8},"end":{"line":555,"column":14}},"153":{"start":{"line":557,"column":4},"end":{"line":780,"column":5}},"154":{"start":{"line":564,"column":8},"end":{"line":564,"column":33}},"155":{"start":{"line":566,"column":8},"end":{"line":566,"column":41}},"156":{"start":{"line":567,"column":8},"end":{"line":567,"column":14}},"157":{"start":{"line":574,"column":8},"end":{"line":574,"column":36}},"158":{"start":{"line":576,"column":8},"end":{"line":576,"column":33}},"159":{"start":{"line":577,"column":8},"end":{"line":577,"column":43}},"160":{"start":{"line":578,"column":8},"end":{"line":578,"column":37}},"161":{"start":{"line":579,"column":8},"end":{"line":579,"column":89}},"162":{"start":{"line":580,"column":8},"end":{"line":580,"column":59}},"163":{"start":{"line":581,"column":8},"end":{"line":581,"column":35}},"164":{"start":{"line":582,"column":8},"end":{"line":582,"column":45}},"165":{"start":{"line":583,"column":8},"end":{"line":583,"column":33}},"166":{"start":{"line":585,"column":8},"end":{"line":586,"column":46}},"167":{"start":{"line":587,"column":8},"end":{"line":664,"column":10}},"168":{"start":{"line":665,"column":8},"end":{"line":673,"column":14}},"169":{"start":{"line":674,"column":8},"end":{"line":678,"column":14}},"170":{"start":{"line":679,"column":8},"end":{"line":712,"column":14}},"171":{"start":{"line":692,"column":24},"end":{"line":692,"column":33},"skip":true},"172":{"start":{"line":693,"column":24},"end":{"line":696,"column":25},"skip":true},"173":{"start":{"line":694,"column":28},"end":{"line":694,"column":47},"skip":true},"174":{"start":{"line":697,"column":24},"end":{"line":700,"column":25},"skip":true},"175":{"start":{"line":698,"column":28},"end":{"line":698,"column":59},"skip":true},"176":{"start":{"line":701,"column":24},"end":{"line":708,"column":25},"skip":true},"177":{"start":{"line":702,"column":28},"end":{"line":707,"column":31},"skip":true},"178":{"start":{"line":713,"column":8},"end":{"line":715,"column":50}},"179":{"start":{"line":716,"column":8},"end":{"line":718,"column":46}},"180":{"start":{"line":719,"column":8},"end":{"line":721,"column":44}},"181":{"start":{"line":722,"column":8},"end":{"line":731,"column":81}},"182":{"start":{"line":733,"column":8},"end":{"line":776,"column":13}},"183":{"start":{"line":734,"column":12},"end":{"line":737,"column":14}},"184":{"start":{"line":738,"column":12},"end":{"line":742,"column":14}},"185":{"start":{"line":739,"column":16},"end":{"line":739,"column":25}},"186":{"start":{"line":740,"column":16},"end":{"line":740,"column":28}},"187":{"start":{"line":741,"column":16},"end":{"line":741,"column":34}},"188":{"start":{"line":743,"column":12},"end":{"line":743,"column":83}},"189":{"start":{"line":744,"column":12},"end":{"line":747,"column":14}},"190":{"start":{"line":745,"column":16},"end":{"line":745,"column":37}},"191":{"start":{"line":746,"column":16},"end":{"line":746,"column":31}},"192":{"start":{"line":748,"column":12},"end":{"line":754,"column":14}},"193":{"start":{"line":749,"column":16},"end":{"line":749,"column":25}},"194":{"start":{"line":750,"column":16},"end":{"line":750,"column":28}},"195":{"start":{"line":751,"column":16},"end":{"line":751,"column":33}},"196":{"start":{"line":752,"column":16},"end":{"line":752,"column":32}},"197":{"start":{"line":753,"column":16},"end":{"line":753,"column":62}},"198":{"start":{"line":755,"column":12},"end":{"line":757,"column":14}},"199":{"start":{"line":756,"column":16},"end":{"line":756,"column":56}},"200":{"start":{"line":758,"column":12},"end":{"line":758,"column":41}},"201":{"start":{"line":759,"column":12},"end":{"line":759,"column":36}},"202":{"start":{"line":760,"column":12},"end":{"line":760,"column":46}},"203":{"start":{"line":761,"column":12},"end":{"line":761,"column":32}},"204":{"start":{"line":762,"column":12},"end":{"line":762,"column":42}},"205":{"start":{"line":763,"column":12},"end":{"line":763,"column":33}},"206":{"start":{"line":764,"column":12},"end":{"line":773,"column":14}},"207":{"start":{"line":769,"column":24},"end":{"line":769,"column":60}},"208":{"start":{"line":774,"column":12},"end":{"line":774,"column":59}},"209":{"start":{"line":775,"column":12},"end":{"line":775,"column":51}},"210":{"start":{"line":778,"column":8},"end":{"line":778,"column":38}},"211":{"start":{"line":779,"column":8},"end":{"line":779,"column":14}},"212":{"start":{"line":783,"column":4},"end":{"line":783,"column":14}},"213":{"start":{"line":788,"column":4},"end":{"line":809,"column":9}},"214":{"start":{"line":790,"column":8},"end":{"line":790,"column":19}},"215":{"start":{"line":791,"column":8},"end":{"line":802,"column":13}},"216":{"start":{"line":792,"column":12},"end":{"line":801,"column":13}},"217":{"start":{"line":793,"column":16},"end":{"line":796,"column":27}},"218":{"start":{"line":798,"column":16},"end":{"line":800,"column":30}},"219":{"start":{"line":804,"column":8},"end":{"line":806,"column":21}},"220":{"start":{"line":808,"column":8},"end":{"line":808,"column":38}},"221":{"start":{"line":810,"column":4},"end":{"line":810,"column":17}}},"branchMap":{"1":{"line":32,"type":"if","locations":[{"start":{"line":32,"column":12},"end":{"line":32,"column":12}},{"start":{"line":32,"column":12},"end":{"line":32,"column":12}}]},"2":{"line":36,"type":"binary-expr","locations":[{"start":{"line":36,"column":20},"end":{"line":36,"column":33}},{"start":{"line":36,"column":37},"end":{"line":36,"column":39}}]},"3":{"line":37,"type":"binary-expr","locations":[{"start":{"line":37,"column":24},"end":{"line":37,"column":40}},{"start":{"line":37,"column":44},"end":{"line":37,"column":46}}]},"4":{"line":44,"type":"binary-expr","locations":[{"start":{"line":44,"column":34},"end":{"line":44,"column":48}},{"start":{"line":44,"column":52},"end":{"line":44,"column":84}}]},"5":{"line":60,"type":"if","locations":[{"start":{"line":60,"column":12},"end":{"line":60,"column":12}},{"start":{"line":60,"column":12},"end":{"line":60,"column":12}}]},"6":{"line":64,"type":"binary-expr","locations":[{"start":{"line":64,"column":25},"end":{"line":64,"column":43}},{"start":{"line":64,"column":47},"end":{"line":64,"column":49}}]},"7":{"line":91,"type":"if","locations":[{"start":{"line":91,"column":16},"end":{"line":91,"column":16}},{"start":{"line":91,"column":16},"end":{"line":91,"column":16}}]},"8":{"line":96,"type":"binary-expr","locations":[{"start":{"line":96,"column":23},"end":{"line":96,"column":39}},{"start":{"line":96,"column":43},"end":{"line":96,"column":45}}]},"9":{"line":98,"type":"binary-expr","locations":[{"start":{"line":98,"column":19},"end":{"line":98,"column":32}},{"start":{"line":98,"column":36},"end":{"line":98,"column":49}},{"start":{"line":98,"column":54},"end":{"line":98,"column":69}},{"start":{"line":98,"column":73},"end":{"line":98,"column":93}}]},"10":{"line":99,"type":"binary-expr","locations":[{"start":{"line":99,"column":21},"end":{"line":99,"column":36}},{"start":{"line":99,"column":40},"end":{"line":99,"column":44}}]},"11":{"line":101,"type":"if","locations":[{"start":{"line":101,"column":12},"end":{"line":101,"column":12}},{"start":{"line":101,"column":12},"end":{"line":101,"column":12}}]},"12":{"line":101,"type":"binary-expr","locations":[{"start":{"line":101,"column":16},"end":{"line":101,"column":29}},{"start":{"line":102,"column":20},"end":{"line":102,"column":24}},{"start":{"line":102,"column":28},"end":{"line":102,"column":52}},{"start":{"line":103,"column":20},"end":{"line":103,"column":44}},{"start":{"line":103,"column":48},"end":{"line":103,"column":74}}]},"13":{"line":111,"type":"if","locations":[{"start":{"line":111,"column":12},"end":{"line":111,"column":12}},{"start":{"line":111,"column":12},"end":{"line":111,"column":12}}]},"14":{"line":111,"type":"binary-expr","locations":[{"start":{"line":111,"column":16},"end":{"line":111,"column":29}},{"start":{"line":111,"column":33},"end":{"line":111,"column":51}}]},"15":{"line":112,"type":"if","locations":[{"start":{"line":112,"column":16},"end":{"line":112,"column":16}},{"start":{"line":112,"column":16},"end":{"line":112,"column":16}}]},"16":{"line":120,"type":"switch","locations":[{"start":{"line":121,"column":12},"end":{"line":134,"column":22}},{"start":{"line":135,"column":12},"end":{"line":137,"column":22}},{"start":{"line":138,"column":12},"end":{"line":139,"column":22}},{"start":{"line":140,"column":12},"end":{"line":147,"column":22}},{"start":{"line":148,"column":12},"end":{"line":155,"column":22}},{"start":{"line":156,"column":12},"end":{"line":158,"column":22}},{"start":{"line":159,"column":12},"end":{"line":178,"column":22}}]},"17":{"line":124,"type":"if","locations":[{"start":{"line":124,"column":16},"end":{"line":124,"column":16}},{"start":{"line":124,"column":16},"end":{"line":124,"column":16}}]},"18":{"line":141,"type":"binary-expr","locations":[{"start":{"line":141,"column":23},"end":{"line":141,"column":47}},{"start":{"line":141,"column":51},"end":{"line":141,"column":70}}]},"19":{"line":142,"type":"switch","locations":[{"start":{"line":143,"column":16},"end":{"line":143,"column":29}},{"start":{"line":144,"column":16},"end":{"line":145,"column":26}}]},"20":{"line":150,"type":"switch","locations":[{"start":{"line":151,"column":16},"end":{"line":151,"column":30}},{"start":{"line":152,"column":16},"end":{"line":153,"column":26}}]},"21":{"line":161,"type":"switch","locations":[{"start":{"line":163,"column":16},"end":{"line":165,"column":26}},{"start":{"line":166,"column":16},"end":{"line":169,"column":26}},{"start":{"line":170,"column":16},"end":{"line":173,"column":26}},{"start":{"line":174,"column":16},"end":{"line":176,"column":26}}]},"22":{"line":168,"type":"binary-expr","locations":[{"start":{"line":168,"column":27},"end":{"line":168,"column":40}},{"start":{"line":168,"column":44},"end":{"line":168,"column":83}}]},"23":{"line":172,"type":"binary-expr","locations":[{"start":{"line":172,"column":27},"end":{"line":172,"column":40}},{"start":{"line":172,"column":44},"end":{"line":172,"column":70}}]},"24":{"line":181,"type":"if","locations":[{"start":{"line":181,"column":12},"end":{"line":181,"column":12}},{"start":{"line":181,"column":12},"end":{"line":181,"column":12}}]},"25":{"line":191,"type":"switch","locations":[{"start":{"line":196,"column":4},"end":{"line":555,"column":14}}]},"26":{"line":210,"type":"cond-expr","locations":[{"start":{"line":211,"column":6},"end":{"line":211,"column":14}},{"start":{"line":212,"column":6},"end":{"line":212,"column":18}}]},"27":{"line":213,"type":"switch","locations":[{"start":{"line":214,"column":0},"end":{"line":233,"column":10}},{"start":{"line":234,"column":0},"end":{"line":247,"column":10}}]},"28":{"line":216,"type":"switch","locations":[{"start":{"line":217,"column":4},"end":{"line":217,"column":32}},{"start":{"line":218,"column":4},"end":{"line":220,"column":15}},{"start":{"line":221,"column":4},"end":{"line":221,"column":27}},{"start":{"line":222,"column":4},"end":{"line":222,"column":35}},{"start":{"line":223,"column":4},"end":{"line":223,"column":41}},{"start":{"line":224,"column":4},"end":{"line":224,"column":40}},{"start":{"line":225,"column":4},"end":{"line":225,"column":49}},{"start":{"line":226,"column":4},"end":{"line":226,"column":45}},{"start":{"line":227,"column":4},"end":{"line":229,"column":15}},{"start":{"line":230,"column":4},"end":{"line":231,"column":17}}]},"29":{"line":235,"type":"if","locations":[{"start":{"line":235,"column":4},"end":{"line":235,"column":4}},{"start":{"line":235,"column":4},"end":{"line":235,"column":4}}]},"30":{"line":237,"type":"switch","locations":[{"start":{"line":240,"column":8},"end":{"line":242,"column":19}}]},"31":{"line":268,"type":"binary-expr","locations":[{"start":{"line":268,"column":23},"end":{"line":268,"column":43}},{"start":{"line":268,"column":47},"end":{"line":421,"column":17}}]},"32":{"line":435,"type":"cond-expr","locations":[{"start":{"line":436,"column":22},"end":{"line":436,"column":29}},{"start":{"line":437,"column":22},"end":{"line":437,"column":24}}]},"33":{"line":435,"type":"binary-expr","locations":[{"start":{"line":435,"column":28},"end":{"line":435,"column":35}},{"start":{"line":435,"column":39},"end":{"line":435,"column":66}}]},"34":{"line":439,"type":"if","locations":[{"start":{"line":439,"column":20},"end":{"line":439,"column":20}},{"start":{"line":439,"column":20},"end":{"line":439,"column":20}}]},"35":{"line":441,"type":"if","locations":[{"start":{"line":441,"column":24},"end":{"line":441,"column":24}},{"start":{"line":441,"column":24},"end":{"line":441,"column":24}}]},"36":{"line":447,"type":"if","locations":[{"start":{"line":447,"column":20},"end":{"line":447,"column":20}},{"start":{"line":447,"column":20},"end":{"line":447,"column":20}}]},"37":{"line":476,"type":"binary-expr","locations":[{"start":{"line":476,"column":17},"end":{"line":476,"column":21}},{"start":{"line":476,"column":25},"end":{"line":476,"column":27}}]},"38":{"line":493,"type":"if","locations":[{"start":{"line":493,"column":24},"end":{"line":493,"column":24}},{"start":{"line":493,"column":24},"end":{"line":493,"column":24}}]},"39":{"line":493,"type":"binary-expr","locations":[{"start":{"line":493,"column":28},"end":{"line":493,"column":35}},{"start":{"line":493,"column":39},"end":{"line":493,"column":66}}]},"40":{"line":496,"type":"if","locations":[{"start":{"line":496,"column":32},"end":{"line":496,"column":32}},{"start":{"line":496,"column":32},"end":{"line":496,"column":32}}]},"41":{"line":509,"type":"binary-expr","locations":[{"start":{"line":509,"column":44},"end":{"line":509,"column":66}},{"start":{"line":509,"column":70},"end":{"line":509,"column":72}}]},"42":{"line":514,"type":"binary-expr","locations":[{"start":{"line":514,"column":37},"end":{"line":514,"column":78}},{"start":{"line":514,"column":82},"end":{"line":514,"column":84}}]},"43":{"line":533,"type":"if","locations":[{"start":{"line":533,"column":20},"end":{"line":533,"column":20}},{"start":{"line":533,"column":20},"end":{"line":533,"column":20}}]},"44":{"line":537,"type":"cond-expr","locations":[{"start":{"line":538,"column":26},"end":{"line":538,"column":39}},{"start":{"line":539,"column":26},"end":{"line":541,"column":28}}]},"45":{"line":537,"type":"binary-expr","locations":[{"start":{"line":537,"column":21},"end":{"line":537,"column":27}},{"start":{"line":537,"column":31},"end":{"line":537,"column":44}},{"start":{"line":537,"column":48},"end":{"line":537,"column":68}}]},"46":{"line":539,"type":"cond-expr","locations":[{"start":{"line":540,"column":26},"end":{"line":540,"column":41}},{"start":{"line":541,"column":26},"end":{"line":541,"column":28}}]},"47":{"line":539,"type":"binary-expr","locations":[{"start":{"line":539,"column":26},"end":{"line":539,"column":32}},{"start":{"line":539,"column":36},"end":{"line":539,"column":51}},{"start":{"line":539,"column":55},"end":{"line":539,"column":76}}]},"48":{"line":545,"type":"if","locations":[{"start":{"line":545,"column":20},"end":{"line":545,"column":20}},{"start":{"line":545,"column":20},"end":{"line":545,"column":20}}]},"49":{"line":545,"type":"binary-expr","locations":[{"start":{"line":545,"column":24},"end":{"line":545,"column":30}},{"start":{"line":545,"column":34},"end":{"line":545,"column":47}},{"start":{"line":545,"column":51},"end":{"line":545,"column":67}}]},"50":{"line":557,"type":"switch","locations":[{"start":{"line":562,"column":4},"end":{"line":567,"column":14}},{"start":{"line":572,"column":4},"end":{"line":779,"column":14}}]},"51":{"line":588,"type":"binary-expr","locations":[{"start":{"line":588,"column":22},"end":{"line":588,"column":71}},{"start":{"line":588,"column":75},"end":{"line":588,"column":86}}]},"52":{"line":698,"type":"binary-expr","locations":[{"start":{"line":698,"column":35},"end":{"line":698,"column":39},"skip":true},{"start":{"line":698,"column":43},"end":{"line":698,"column":58},"skip":true}]},"53":{"line":701,"type":"if","locations":[{"start":{"line":701,"column":24},"end":{"line":701,"column":24},"skip":true},{"start":{"line":701,"column":24},"end":{"line":701,"column":24},"skip":true}]},"54":{"line":793,"type":"binary-expr","locations":[{"start":{"line":793,"column":23},"end":{"line":793,"column":37}},{"start":{"line":794,"column":20},"end":{"line":794,"column":61}},{"start":{"line":795,"column":20},"end":{"line":795,"column":70}},{"start":{"line":796,"column":20},"end":{"line":796,"column":26}}]},"55":{"line":798,"type":"binary-expr","locations":[{"start":{"line":798,"column":23},"end":{"line":798,"column":62}},{"start":{"line":799,"column":20},"end":{"line":799,"column":70}},{"start":{"line":800,"column":20},"end":{"line":800,"column":29}}]},"56":{"line":804,"type":"cond-expr","locations":[{"start":{"line":805,"column":14},"end":{"line":805,"column":20}},{"start":{"line":806,"column":14},"end":{"line":806,"column":20}}]}}}}