{"/home/travis/build/kaizhu256/node-cms2/test.js":{"path":"/home/travis/build/kaizhu256/node-cms2/test.js","s":{"1":3,"2":3,"3":3,"4":3,"5":3,"6":3,"7":3,"8":3,"9":3,"10":2,"11":1,"12":1,"13":1,"14":1,"15":1,"16":1,"17":1,"18":1,"19":3,"20":2,"21":2,"22":2,"23":2,"24":2,"25":2,"26":2,"27":2,"28":1,"29":1,"30":1,"31":1,"32":1,"33":1,"34":1,"35":1,"36":1,"37":1,"38":1,"39":1,"40":1,"41":1,"42":1,"43":1,"44":1,"45":1,"46":1,"47":1,"48":1,"49":1,"50":11,"51":4,"52":11,"53":1,"54":1,"55":1,"56":11,"57":11,"58":11,"59":4,"60":4,"61":1,"62":1,"63":3,"64":3,"65":3,"66":3,"67":3,"68":3,"69":2,"70":3,"71":3,"72":3,"73":3},"b":{"1":[2,1],"2":[2,1],"3":[1,1],"4":[4,7],"5":[2,4],"6":[3,1,1,1],"7":[2,2,2],"8":[2,1],"9":[2,1],"10":[2,1]},"f":{"1":3,"2":3,"3":3,"4":3,"5":3,"6":1,"7":2,"8":1,"9":1,"10":11,"11":11,"12":3,"13":3,"14":3},"fnMap":{"1":{"name":"(anonymous_1)","line":9,"loc":{"start":{"line":9,"column":1},"end":{"line":9,"column":18}}},"2":{"name":"(anonymous_2)","line":12,"loc":{"start":{"line":12,"column":5},"end":{"line":12,"column":17}}},"3":{"name":"(anonymous_3)","line":14,"loc":{"start":{"line":14,"column":34},"end":{"line":14,"column":53}}},"4":{"name":"(anonymous_4)","line":21,"loc":{"start":{"line":21,"column":15},"end":{"line":21,"column":32}}},"5":{"name":"(anonymous_5)","line":22,"loc":{"start":{"line":22,"column":44},"end":{"line":22,"column":56}}},"6":{"name":"(anonymous_6)","line":46,"loc":{"start":{"line":46,"column":42},"end":{"line":46,"column":61}}},"7":{"name":"(anonymous_7)","line":77,"loc":{"start":{"line":77,"column":24},"end":{"line":77,"column":36}}},"8":{"name":"(anonymous_8)","line":110,"loc":{"start":{"line":110,"column":20},"end":{"line":110,"column":39}}},"9":{"name":"(anonymous_9)","line":113,"loc":{"start":{"line":113,"column":20},"end":{"line":113,"column":41}}},"10":{"name":"(anonymous_10)","line":179,"loc":{"start":{"line":179,"column":12},"end":{"line":179,"column":57}}},"11":{"name":"(anonymous_11)","line":205,"loc":{"start":{"line":205,"column":48},"end":{"line":205,"column":64}}},"12":{"name":"(anonymous_12)","line":222,"loc":{"start":{"line":222,"column":3},"end":{"line":222,"column":15}}},"13":{"name":"(anonymous_13)","line":229,"loc":{"start":{"line":229,"column":5},"end":{"line":229,"column":17}}},"14":{"name":"(anonymous_14)","line":232,"loc":{"start":{"line":232,"column":24},"end":{"line":232,"column":36}}}},"statementMap":{"1":{"start":{"line":9,"column":0},"end":{"line":258,"column":7}},"2":{"start":{"line":12,"column":4},"end":{"line":31,"column":9}},"3":{"start":{"line":14,"column":8},"end":{"line":30,"column":10}},"4":{"start":{"line":19,"column":12},"end":{"line":29,"column":15}},"5":{"start":{"line":22,"column":16},"end":{"line":28,"column":28}},"6":{"start":{"line":24,"column":20},"end":{"line":24,"column":73}},"7":{"start":{"line":26,"column":20},"end":{"line":26,"column":86}},"8":{"start":{"line":27,"column":20},"end":{"line":27,"column":30}},"9":{"start":{"line":32,"column":4},"end":{"line":66,"column":5}},"10":{"start":{"line":39,"column":8},"end":{"line":39,"column":14}},"11":{"start":{"line":46,"column":8},"end":{"line":64,"column":10}},"12":{"start":{"line":51,"column":12},"end":{"line":51,"column":26}},"13":{"start":{"line":52,"column":12},"end":{"line":52,"column":58}},"14":{"start":{"line":53,"column":12},"end":{"line":53,"column":35}},"15":{"start":{"line":55,"column":12},"end":{"line":55,"column":35}},"16":{"start":{"line":56,"column":12},"end":{"line":62,"column":26}},"17":{"start":{"line":63,"column":12},"end":{"line":63,"column":24}},"18":{"start":{"line":65,"column":8},"end":{"line":65,"column":14}},"19":{"start":{"line":67,"column":4},"end":{"line":221,"column":5}},"20":{"start":{"line":74,"column":8},"end":{"line":74,"column":44}},"21":{"start":{"line":75,"column":8},"end":{"line":82,"column":11}},"22":{"start":{"line":78,"column":16},"end":{"line":78,"column":41}},"23":{"start":{"line":83,"column":8},"end":{"line":83,"column":32}},"24":{"start":{"line":84,"column":8},"end":{"line":84,"column":46}},"25":{"start":{"line":86,"column":8},"end":{"line":86,"column":29}},"26":{"start":{"line":88,"column":8},"end":{"line":88,"column":38}},"27":{"start":{"line":89,"column":8},"end":{"line":89,"column":14}},"28":{"start":{"line":96,"column":8},"end":{"line":96,"column":29}},"29":{"start":{"line":98,"column":8},"end":{"line":98,"column":33}},"30":{"start":{"line":99,"column":8},"end":{"line":99,"column":43}},"31":{"start":{"line":100,"column":8},"end":{"line":100,"column":37}},"32":{"start":{"line":101,"column":8},"end":{"line":101,"column":89}},"33":{"start":{"line":102,"column":8},"end":{"line":102,"column":59}},"34":{"start":{"line":103,"column":8},"end":{"line":103,"column":35}},"35":{"start":{"line":104,"column":8},"end":{"line":104,"column":45}},"36":{"start":{"line":105,"column":8},"end":{"line":105,"column":33}},"37":{"start":{"line":107,"column":8},"end":{"line":107,"column":44}},"38":{"start":{"line":108,"column":8},"end":{"line":122,"column":11}},"39":{"start":{"line":111,"column":16},"end":{"line":120,"column":18}},"40":{"start":{"line":115,"column":24},"end":{"line":115,"column":61}},"41":{"start":{"line":116,"column":24},"end":{"line":116,"column":43}},"42":{"start":{"line":117,"column":24},"end":{"line":117,"column":34}},"43":{"start":{"line":118,"column":24},"end":{"line":118,"column":49}},"44":{"start":{"line":124,"column":8},"end":{"line":139,"column":11}},"45":{"start":{"line":141,"column":8},"end":{"line":151,"column":11}},"46":{"start":{"line":153,"column":8},"end":{"line":162,"column":94}},"47":{"start":{"line":163,"column":8},"end":{"line":168,"column":14}},"48":{"start":{"line":169,"column":8},"end":{"line":174,"column":14}},"49":{"start":{"line":176,"column":8},"end":{"line":199,"column":11}},"50":{"start":{"line":183,"column":16},"end":{"line":194,"column":17}},"51":{"start":{"line":185,"column":20},"end":{"line":193,"column":23}},"52":{"start":{"line":196,"column":16},"end":{"line":196,"column":33}},"53":{"start":{"line":201,"column":8},"end":{"line":201,"column":67}},"54":{"start":{"line":203,"column":8},"end":{"line":203,"column":44}},"55":{"start":{"line":205,"column":8},"end":{"line":217,"column":11}},"56":{"start":{"line":206,"column":12},"end":{"line":206,"column":42}},"57":{"start":{"line":208,"column":12},"end":{"line":208,"column":55}},"58":{"start":{"line":209,"column":12},"end":{"line":216,"column":13}},"59":{"start":{"line":213,"column":16},"end":{"line":214,"column":79}},"60":{"start":{"line":215,"column":16},"end":{"line":215,"column":22}},"61":{"start":{"line":219,"column":8},"end":{"line":219,"column":35}},"62":{"start":{"line":220,"column":8},"end":{"line":220,"column":14}},"63":{"start":{"line":224,"column":4},"end":{"line":224,"column":14}},"64":{"start":{"line":229,"column":4},"end":{"line":256,"column":9}},"65":{"start":{"line":231,"column":8},"end":{"line":231,"column":19}},"66":{"start":{"line":232,"column":8},"end":{"line":243,"column":13}},"67":{"start":{"line":233,"column":12},"end":{"line":242,"column":13}},"68":{"start":{"line":234,"column":16},"end":{"line":237,"column":27}},"69":{"start":{"line":239,"column":16},"end":{"line":241,"column":30}},"70":{"start":{"line":245,"column":8},"end":{"line":247,"column":21}},"71":{"start":{"line":249,"column":8},"end":{"line":251,"column":34}},"72":{"start":{"line":253,"column":8},"end":{"line":255,"column":36}},"73":{"start":{"line":257,"column":4},"end":{"line":257,"column":17}}},"branchMap":{"1":{"line":32,"type":"switch","locations":[{"start":{"line":37,"column":4},"end":{"line":39,"column":14}},{"start":{"line":44,"column":4},"end":{"line":65,"column":14}}]},"2":{"line":67,"type":"switch","locations":[{"start":{"line":72,"column":4},"end":{"line":89,"column":14}},{"start":{"line":94,"column":4},"end":{"line":220,"column":14}}]},"3":{"line":112,"type":"binary-expr","locations":[{"start":{"line":112,"column":20},"end":{"line":112,"column":54}},{"start":{"line":112,"column":58},"end":{"line":112,"column":90}}]},"4":{"line":183,"type":"if","locations":[{"start":{"line":183,"column":16},"end":{"line":183,"column":16}},{"start":{"line":183,"column":16},"end":{"line":183,"column":16}}]},"5":{"line":209,"type":"switch","locations":[{"start":{"line":210,"column":12},"end":{"line":210,"column":23}},{"start":{"line":211,"column":12},"end":{"line":215,"column":22}}]},"6":{"line":234,"type":"binary-expr","locations":[{"start":{"line":234,"column":23},"end":{"line":234,"column":37}},{"start":{"line":235,"column":20},"end":{"line":235,"column":61}},{"start":{"line":236,"column":20},"end":{"line":236,"column":70}},{"start":{"line":237,"column":20},"end":{"line":237,"column":26}}]},"7":{"line":239,"type":"binary-expr","locations":[{"start":{"line":239,"column":23},"end":{"line":239,"column":62}},{"start":{"line":240,"column":20},"end":{"line":240,"column":70}},{"start":{"line":241,"column":20},"end":{"line":241,"column":29}}]},"8":{"line":245,"type":"cond-expr","locations":[{"start":{"line":246,"column":14},"end":{"line":246,"column":20}},{"start":{"line":247,"column":14},"end":{"line":247,"column":20}}]},"9":{"line":249,"type":"cond-expr","locations":[{"start":{"line":250,"column":14},"end":{"line":250,"column":29}},{"start":{"line":251,"column":14},"end":{"line":251,"column":33}}]},"10":{"line":253,"type":"cond-expr","locations":[{"start":{"line":254,"column":14},"end":{"line":254,"column":25}},{"start":{"line":255,"column":14},"end":{"line":255,"column":35}}]}}},"/home/travis/build/kaizhu256/node-cms2/index.js":{"path":"/home/travis/build/kaizhu256/node-cms2/index.js","s":{"1":3,"2":3,"3":3,"4":24,"5":24,"6":3,"7":0,"8":0,"9":3,"10":0,"11":0,"12":0,"13":0,"14":0,"15":3,"16":0,"17":0,"18":0,"19":0,"20":0,"21":3,"22":0,"23":0,"24":0,"25":0,"26":0,"27":0,"28":0,"29":0,"30":0,"31":0,"32":0,"33":0,"34":0,"35":3,"36":0,"37":0,"38":0,"39":0,"40":0,"41":0,"42":0,"43":0,"44":0,"45":0,"46":0,"47":0,"48":0,"49":0,"50":0,"51":0,"52":0,"53":0,"54":0,"55":0,"56":0,"57":0,"58":0,"59":0,"60":0,"61":0,"62":0,"63":0,"64":0,"65":0,"66":0,"67":0,"68":0,"69":0,"70":0,"71":0,"72":0,"73":0,"74":0,"75":0,"76":0,"77":0,"78":0,"79":0,"80":0,"81":0,"82":0,"83":0,"84":0,"85":0,"86":3,"87":0,"88":0,"89":0,"90":0,"91":0,"92":0,"93":0,"94":0,"95":0,"96":0,"97":0,"98":0,"99":0,"100":0,"101":3,"102":1,"103":11,"104":11,"105":11,"106":11,"107":11,"108":11,"109":11,"110":11,"111":4,"112":4,"113":4,"114":4,"115":0,"116":0,"117":0,"118":0,"119":0,"120":0,"121":7,"122":7,"123":0,"124":0,"125":0,"126":0,"127":0,"128":0,"129":0,"130":0,"131":0,"132":0,"133":0,"134":0,"135":0,"136":0,"137":0,"138":0,"139":0,"140":0,"141":0,"142":0,"143":0,"144":0,"145":0,"146":0,"147":0,"148":0,"149":0,"150":0,"151":11,"152":1,"153":0,"154":0,"155":0,"156":0,"157":1,"158":2,"159":2,"160":2,"161":439,"162":437,"163":437,"164":22,"165":22,"166":22,"167":437,"168":211,"169":2,"170":20,"171":20,"172":20,"173":20,"174":2,"175":2,"176":4,"177":3,"178":2,"179":3,"180":2,"181":553,"182":250,"183":557,"184":6,"185":2,"186":2,"187":8,"188":72,"189":72,"190":24,"191":2,"192":2,"193":1,"194":3,"195":3,"196":3,"197":3,"198":0,"199":0,"200":3,"201":0,"202":3,"203":0,"204":3,"205":3,"206":3,"207":3,"208":1,"209":2,"210":2,"211":2,"212":0,"213":2,"214":2,"215":16,"216":0,"217":0,"218":0,"219":0,"220":1,"221":0,"222":0,"223":0,"224":0,"225":0,"226":0,"227":0,"228":0,"229":0,"230":0,"231":0,"232":0,"233":0,"234":0,"235":0,"236":0,"237":0,"238":0,"239":0,"240":0,"241":0,"242":0,"243":0,"244":0,"245":0,"246":0,"247":0,"248":0,"249":0,"250":0,"251":0,"252":0,"253":0,"254":0,"255":0,"256":0,"257":0,"258":0,"259":0,"260":0,"261":0,"262":0,"263":0,"264":0,"265":0,"266":0,"267":0,"268":0,"269":0,"270":0,"271":0,"272":0,"273":0,"274":0,"275":0,"276":0,"277":0,"278":0,"279":0,"280":0,"281":0,"282":0,"283":0,"284":0,"285":0,"286":0,"287":0,"288":0,"289":0,"290":0,"291":0,"292":0,"293":1,"294":3,"295":2,"296":2,"297":2,"298":1,"299":1,"300":1,"301":1,"302":1,"303":1,"304":1,"305":1,"306":1,"307":1,"308":1,"309":1,"310":1,"311":1,"312":0,"313":0,"314":0,"315":0,"316":0,"317":0,"318":0,"319":1,"320":1,"321":1,"322":1,"323":1,"324":1,"325":1,"326":0,"327":0,"328":0,"329":1,"330":1,"331":0,"332":0,"333":1,"334":0,"335":0,"336":0,"337":0,"338":0,"339":1,"340":0,"341":1,"342":1,"343":1,"344":1,"345":1,"346":1,"347":1,"348":1,"349":1,"350":1,"351":1,"352":1,"353":3,"354":3,"355":3,"356":3,"357":3,"358":3,"359":2,"360":3,"361":3,"362":3,"363":3},"b":{"1":[0,0],"2":[0,0],"3":[0,0],"4":[0,0],"5":[0,0],"6":[0,0],"7":[0,0],"8":[0,0],"9":[0,0],"10":[0,0],"11":[0,0],"12":[0,0],"13":[0,0,0,0],"14":[0,0],"15":[0,0],"16":[0,0,0,0,0],"17":[0,0],"18":[0,0],"19":[0,0],"20":[0,0,0,0,0,0,0],"21":[0,0],"22":[0,0],"23":[0,0],"24":[0,0],"25":[0,0,0,0],"26":[0,0],"27":[0,0],"28":[0,0],"29":[0,0],"30":[0,0],"31":[0,0],"32":[0,0],"33":[0,0],"34":[1],"35":[0,11],"36":[11,0,0,0],"37":[11,11],"38":[4,7],"39":[4,4],"40":[4],"41":[0,0],"42":[0,0],"43":[0,0],"44":[0,0],"45":[0,0,0],"46":[0,0],"47":[0,0],"48":[2,2],"49":[198,241],"50":[439,439],"51":[22,415],"52":[22,0],"53":[211,226],"54":[4,0],"55":[250,303],"56":[553,553],"57":[6,551],"58":[72,48],"59":[24,0],"60":[0,3],"61":[0,3],"62":[3,1,1],"63":[0,3],"64":[3,1,1],"65":[0,3],"66":[3,1,1],"67":[1,2],"68":[2,1],"69":[2,2],"70":[0,2],"71":[0,0],"72":[0,0,0,0],"73":[0,0],"74":[0,0,0,0,0,0,0,0,0],"75":[0,0],"76":[0],"77":[0,0],"78":[0,0],"79":[0,0],"80":[0,0],"81":[0,0,0,0,0,0,0,0],"82":[2,1],"83":[1,1],"84":[0,0],"85":[0,0],"86":[3,1,1,1],"87":[2,2,2],"88":[2,1],"89":[2,1],"90":[1,0]},"f":{"1":3,"2":3,"3":24,"4":0,"5":0,"6":0,"7":0,"8":0,"9":0,"10":0,"11":0,"12":0,"13":0,"14":0,"15":0,"16":11,"17":11,"18":11,"19":0,"20":0,"21":0,"22":0,"23":2,"24":439,"25":437,"26":20,"27":20,"28":4,"29":3,"30":3,"31":553,"32":557,"33":8,"34":72,"35":24,"36":3,"37":3,"38":0,"39":3,"40":16,"41":0,"42":0,"43":0,"44":0,"45":0,"46":0,"47":1,"48":0,"49":0,"50":0,"51":0,"52":1,"53":3,"54":3,"55":3},"fnMap":{"1":{"name":"(anonymous_1)","line":9,"loc":{"start":{"line":9,"column":1},"end":{"line":9,"column":18}}},"2":{"name":"(anonymous_2)","line":15,"loc":{"start":{"line":15,"column":5},"end":{"line":15,"column":17}}},"3":{"name":"(anonymous_3)","line":16,"loc":{"start":{"line":16,"column":39},"end":{"line":16,"column":55}}},"4":{"name":"(anonymous_4)","line":27,"loc":{"start":{"line":27,"column":43},"end":{"line":27,"column":60}}},"5":{"name":"(anonymous_5)","line":42,"loc":{"start":{"line":42,"column":40},"end":{"line":42,"column":56}}},"6":{"name":"(anonymous_6)","line":46,"loc":{"start":{"line":46,"column":48},"end":{"line":46,"column":67}}},"7":{"name":"(anonymous_7)","line":55,"loc":{"start":{"line":55,"column":40},"end":{"line":55,"column":56}}},"8":{"name":"(anonymous_8)","line":59,"loc":{"start":{"line":59,"column":48},"end":{"line":59,"column":67}}},"9":{"name":"(anonymous_9)","line":68,"loc":{"start":{"line":68,"column":40},"end":{"line":68,"column":59}}},"10":{"name":"(anonymous_10)","line":81,"loc":{"start":{"line":81,"column":35},"end":{"line":81,"column":52}}},"11":{"name":"(anonymous_11)","line":99,"loc":{"start":{"line":99,"column":38},"end":{"line":99,"column":57}}},"12":{"name":"(anonymous_12)","line":105,"loc":{"start":{"line":105,"column":21},"end":{"line":105,"column":38}}},"13":{"name":"(anonymous_13)","line":140,"loc":{"start":{"line":140,"column":33},"end":{"line":140,"column":52}}},"14":{"name":"(anonymous_14)","line":206,"loc":{"start":{"line":206,"column":36},"end":{"line":206,"column":55}}},"15":{"name":"(anonymous_15)","line":224,"loc":{"start":{"line":224,"column":61},"end":{"line":224,"column":74}}},"16":{"name":"(anonymous_16)","line":248,"loc":{"start":{"line":248,"column":32},"end":{"line":248,"column":77}}},"17":{"name":"(anonymous_17)","line":254,"loc":{"start":{"line":254,"column":21},"end":{"line":254,"column":38}}},"18":{"name":"(anonymous_18)","line":255,"loc":{"start":{"line":255,"column":44},"end":{"line":255,"column":56}}},"19":{"name":"(anonymous_19)","line":296,"loc":{"start":{"line":296,"column":40},"end":{"line":296,"column":59}}},"20":{"name":"(anonymous_20)","line":301,"loc":{"start":{"line":301,"column":50},"end":{"line":301,"column":67}}},"21":{"name":"(anonymous_21)","line":306,"loc":{"start":{"line":306,"column":82},"end":{"line":309,"column":14}}},"22":{"name":"(anonymous_22)","line":355,"loc":{"start":{"line":355,"column":37},"end":{"line":355,"column":73}}},"23":{"name":"(anonymous_23)","line":366,"loc":{"start":{"line":366,"column":34},"end":{"line":366,"column":53}}},"24":{"name":"(anonymous_24)","line":590,"loc":{"start":{"line":590,"column":51},"end":{"line":590,"column":70}}},"25":{"name":"(anonymous_25)","line":593,"loc":{"start":{"line":593,"column":34},"end":{"line":593,"column":49}}},"26":{"name":"(anonymous_26)","line":609,"loc":{"start":{"line":609,"column":47},"end":{"line":609,"column":63}}},"27":{"name":"(anonymous_27)","line":610,"loc":{"start":{"line":610,"column":57},"end":{"line":610,"column":75}}},"28":{"name":"(anonymous_28)","line":631,"loc":{"start":{"line":631,"column":64},"end":{"line":631,"column":80}}},"29":{"name":"(anonymous_29)","line":632,"loc":{"start":{"line":632,"column":37},"end":{"line":632,"column":56}}},"30":{"name":"(anonymous_30)","line":636,"loc":{"start":{"line":636,"column":46},"end":{"line":636,"column":61}}},"31":{"name":"(anonymous_31)","line":644,"loc":{"start":{"line":644,"column":70},"end":{"line":644,"column":89}}},"32":{"name":"(anonymous_32)","line":646,"loc":{"start":{"line":646,"column":57},"end":{"line":646,"column":72}}},"33":{"name":"(anonymous_33)","line":659,"loc":{"start":{"line":659,"column":33},"end":{"line":659,"column":45}}},"34":{"name":"(anonymous_34)","line":660,"loc":{"start":{"line":660,"column":72},"end":{"line":660,"column":90}}},"35":{"name":"(anonymous_35)","line":665,"loc":{"start":{"line":665,"column":33},"end":{"line":665,"column":52}}},"36":{"name":"(anonymous_36)","line":680,"loc":{"start":{"line":680,"column":38},"end":{"line":680,"column":57}}},"37":{"name":"(anonymous_37)","line":689,"loc":{"start":{"line":689,"column":39},"end":{"line":689,"column":64}}},"38":{"name":"(anonymous_38)","line":698,"loc":{"start":{"line":698,"column":50},"end":{"line":698,"column":69}}},"39":{"name":"(anonymous_39)","line":712,"loc":{"start":{"line":712,"column":78},"end":{"line":712,"column":90}}},"40":{"name":"(anonymous_40)","line":733,"loc":{"start":{"line":733,"column":26},"end":{"line":733,"column":41}}},"41":{"name":"(anonymous_41)","line":734,"loc":{"start":{"line":734,"column":69},"end":{"line":737,"column":22}}},"42":{"name":"(anonymous_42)","line":747,"loc":{"start":{"line":747,"column":33},"end":{"line":747,"column":61}}},"43":{"name":"(anonymous_43)","line":753,"loc":{"start":{"line":753,"column":21},"end":{"line":753,"column":44}}},"44":{"name":"(anonymous_44)","line":754,"loc":{"start":{"line":754,"column":44},"end":{"line":754,"column":56}}},"45":{"name":"(anonymous_45)","line":801,"loc":{"start":{"line":801,"column":70},"end":{"line":801,"column":85}}},"46":{"name":"(anonymous_46)","line":1037,"loc":{"start":{"line":1037,"column":20},"end":{"line":1037,"column":42}},"skip":true},"47":{"name":"(anonymous_47)","line":1080,"loc":{"start":{"line":1080,"column":9},"end":{"line":1080,"column":21}}},"48":{"name":"(anonymous_48)","line":1085,"loc":{"start":{"line":1085,"column":35},"end":{"line":1085,"column":47}}},"49":{"name":"(anonymous_49)","line":1091,"loc":{"start":{"line":1091,"column":50},"end":{"line":1091,"column":73}}},"50":{"name":"(anonymous_50)","line":1095,"loc":{"start":{"line":1095,"column":50},"end":{"line":1095,"column":66}}},"51":{"name":"(anonymous_51)","line":1102,"loc":{"start":{"line":1102,"column":62},"end":{"line":1102,"column":84}}},"52":{"name":"(anonymous_52)","line":1114,"loc":{"start":{"line":1114,"column":68},"end":{"line":1114,"column":86}}},"53":{"name":"(anonymous_53)","line":1127,"loc":{"start":{"line":1127,"column":3},"end":{"line":1127,"column":15}}},"54":{"name":"(anonymous_54)","line":1134,"loc":{"start":{"line":1134,"column":5},"end":{"line":1134,"column":17}}},"55":{"name":"(anonymous_55)","line":1137,"loc":{"start":{"line":1137,"column":24},"end":{"line":1137,"column":36}}}},"statementMap":{"1":{"start":{"line":9,"column":0},"end":{"line":1163,"column":7}},"2":{"start":{"line":15,"column":4},"end":{"line":241,"column":9}},"3":{"start":{"line":16,"column":8},"end":{"line":25,"column":10}},"4":{"start":{"line":20,"column":12},"end":{"line":24,"column":13}},"5":{"start":{"line":21,"column":16},"end":{"line":22,"column":77}},"6":{"start":{"line":27,"column":8},"end":{"line":40,"column":10}},"7":{"start":{"line":32,"column":12},"end":{"line":38,"column":15}},"8":{"start":{"line":39,"column":12},"end":{"line":39,"column":56}},"9":{"start":{"line":42,"column":8},"end":{"line":53,"column":10}},"10":{"start":{"line":46,"column":12},"end":{"line":51,"column":19}},"11":{"start":{"line":47,"column":16},"end":{"line":50,"column":17}},"12":{"start":{"line":48,"column":20},"end":{"line":48,"column":60}},"13":{"start":{"line":49,"column":20},"end":{"line":49,"column":38}},"14":{"start":{"line":52,"column":12},"end":{"line":52,"column":24}},"15":{"start":{"line":55,"column":8},"end":{"line":66,"column":10}},"16":{"start":{"line":59,"column":12},"end":{"line":64,"column":18}},"17":{"start":{"line":60,"column":16},"end":{"line":63,"column":17}},"18":{"start":{"line":61,"column":20},"end":{"line":61,"column":59}},"19":{"start":{"line":62,"column":20},"end":{"line":62,"column":39}},"20":{"start":{"line":65,"column":12},"end":{"line":65,"column":24}},"21":{"start":{"line":68,"column":8},"end":{"line":97,"column":10}},"22":{"start":{"line":72,"column":12},"end":{"line":72,"column":38}},"23":{"start":{"line":73,"column":12},"end":{"line":96,"column":13}},"24":{"start":{"line":74,"column":16},"end":{"line":76,"column":17}},"25":{"start":{"line":75,"column":20},"end":{"line":75,"column":27}},"26":{"start":{"line":77,"column":16},"end":{"line":77,"column":36}},"27":{"start":{"line":79,"column":16},"end":{"line":79,"column":78}},"28":{"start":{"line":80,"column":16},"end":{"line":80,"column":54}},"29":{"start":{"line":81,"column":16},"end":{"line":90,"column":19}},"30":{"start":{"line":82,"column":20},"end":{"line":82,"column":37}},"31":{"start":{"line":83,"column":20},"end":{"line":89,"column":23}},"32":{"start":{"line":92,"column":16},"end":{"line":93,"column":40}},"33":{"start":{"line":94,"column":16},"end":{"line":94,"column":83}},"34":{"start":{"line":95,"column":16},"end":{"line":95,"column":34}},"35":{"start":{"line":99,"column":8},"end":{"line":204,"column":10}},"36":{"start":{"line":104,"column":12},"end":{"line":104,"column":58}},"37":{"start":{"line":105,"column":12},"end":{"line":110,"column":14}},"38":{"start":{"line":106,"column":16},"end":{"line":109,"column":17}},"39":{"start":{"line":107,"column":20},"end":{"line":108,"column":68}},"40":{"start":{"line":111,"column":12},"end":{"line":111,"column":46}},"41":{"start":{"line":112,"column":12},"end":{"line":112,"column":32}},"42":{"start":{"line":113,"column":12},"end":{"line":113,"column":95}},"43":{"start":{"line":114,"column":12},"end":{"line":114,"column":45}},"44":{"start":{"line":116,"column":12},"end":{"line":124,"column":13}},"45":{"start":{"line":119,"column":16},"end":{"line":123,"column":17}},"46":{"start":{"line":120,"column":20},"end":{"line":120,"column":44}},"47":{"start":{"line":122,"column":20},"end":{"line":122,"column":33}},"48":{"start":{"line":126,"column":12},"end":{"line":132,"column":13}},"49":{"start":{"line":127,"column":16},"end":{"line":130,"column":17}},"50":{"start":{"line":128,"column":20},"end":{"line":129,"column":66}},"51":{"start":{"line":131,"column":16},"end":{"line":131,"column":23}},"52":{"start":{"line":135,"column":12},"end":{"line":194,"column":13}},"53":{"start":{"line":137,"column":16},"end":{"line":137,"column":44}},"54":{"start":{"line":139,"column":16},"end":{"line":148,"column":17}},"55":{"start":{"line":140,"column":20},"end":{"line":147,"column":23}},"56":{"start":{"line":141,"column":24},"end":{"line":146,"column":27}},"57":{"start":{"line":149,"column":16},"end":{"line":149,"column":22}},"58":{"start":{"line":151,"column":16},"end":{"line":151,"column":50}},"59":{"start":{"line":152,"column":16},"end":{"line":152,"column":22}},"60":{"start":{"line":154,"column":16},"end":{"line":154,"column":22}},"61":{"start":{"line":156,"column":16},"end":{"line":156,"column":72}},"62":{"start":{"line":157,"column":16},"end":{"line":161,"column":17}},"63":{"start":{"line":160,"column":20},"end":{"line":160,"column":26}},"64":{"start":{"line":162,"column":16},"end":{"line":162,"column":22}},"65":{"start":{"line":164,"column":16},"end":{"line":164,"column":49}},"66":{"start":{"line":165,"column":16},"end":{"line":169,"column":17}},"67":{"start":{"line":168,"column":20},"end":{"line":168,"column":26}},"68":{"start":{"line":170,"column":16},"end":{"line":170,"column":22}},"69":{"start":{"line":172,"column":16},"end":{"line":172,"column":49}},"70":{"start":{"line":173,"column":16},"end":{"line":173,"column":22}},"71":{"start":{"line":175,"column":16},"end":{"line":175,"column":49}},"72":{"start":{"line":176,"column":16},"end":{"line":192,"column":17}},"73":{"start":{"line":179,"column":20},"end":{"line":179,"column":67}},"74":{"start":{"line":180,"column":20},"end":{"line":180,"column":26}},"75":{"start":{"line":182,"column":20},"end":{"line":182,"column":41}},"76":{"start":{"line":183,"column":20},"end":{"line":183,"column":85}},"77":{"start":{"line":184,"column":20},"end":{"line":184,"column":26}},"78":{"start":{"line":186,"column":20},"end":{"line":186,"column":41}},"79":{"start":{"line":187,"column":20},"end":{"line":187,"column":72}},"80":{"start":{"line":188,"column":20},"end":{"line":188,"column":26}},"81":{"start":{"line":190,"column":20},"end":{"line":190,"column":74}},"82":{"start":{"line":191,"column":20},"end":{"line":191,"column":26}},"83":{"start":{"line":193,"column":16},"end":{"line":193,"column":22}},"84":{"start":{"line":196,"column":12},"end":{"line":203,"column":13}},"85":{"start":{"line":197,"column":16},"end":{"line":202,"column":19}},"86":{"start":{"line":206,"column":8},"end":{"line":240,"column":10}},"87":{"start":{"line":210,"column":12},"end":{"line":210,"column":34}},"88":{"start":{"line":211,"column":12},"end":{"line":239,"column":13}},"89":{"start":{"line":212,"column":16},"end":{"line":214,"column":17}},"90":{"start":{"line":213,"column":20},"end":{"line":213,"column":27}},"91":{"start":{"line":215,"column":16},"end":{"line":215,"column":36}},"92":{"start":{"line":217,"column":16},"end":{"line":217,"column":96}},"93":{"start":{"line":218,"column":16},"end":{"line":218,"column":40}},"94":{"start":{"line":220,"column":16},"end":{"line":223,"column":18}},"95":{"start":{"line":224,"column":16},"end":{"line":233,"column":19}},"96":{"start":{"line":225,"column":20},"end":{"line":225,"column":28}},"97":{"start":{"line":226,"column":20},"end":{"line":232,"column":23}},"98":{"start":{"line":235,"column":16},"end":{"line":236,"column":40}},"99":{"start":{"line":237,"column":16},"end":{"line":237,"column":83}},"100":{"start":{"line":238,"column":16},"end":{"line":238,"column":34}},"101":{"start":{"line":242,"column":4},"end":{"line":902,"column":5}},"102":{"start":{"line":248,"column":8},"end":{"line":353,"column":10}},"103":{"start":{"line":252,"column":12},"end":{"line":252,"column":58}},"104":{"start":{"line":253,"column":12},"end":{"line":253,"column":25}},"105":{"start":{"line":254,"column":12},"end":{"line":351,"column":14}},"106":{"start":{"line":255,"column":16},"end":{"line":350,"column":27}},"107":{"start":{"line":261,"column":0},"end":{"line":263,"column":19}},"108":{"start":{"line":264,"column":0},"end":{"line":345,"column":1}},"109":{"start":{"line":266,"column":4},"end":{"line":266,"column":54}},"110":{"start":{"line":267,"column":4},"end":{"line":285,"column":5}},"111":{"start":{"line":268,"column":8},"end":{"line":269,"column":94}},"112":{"start":{"line":270,"column":8},"end":{"line":275,"column":9}},"113":{"start":{"line":273,"column":12},"end":{"line":273,"column":86}},"114":{"start":{"line":274,"column":12},"end":{"line":274,"column":19}},"115":{"start":{"line":276,"column":8},"end":{"line":276,"column":54}},"116":{"start":{"line":277,"column":8},"end":{"line":277,"column":70}},"117":{"start":{"line":280,"column":8},"end":{"line":280,"column":74}},"118":{"start":{"line":281,"column":8},"end":{"line":284,"column":9}},"119":{"start":{"line":282,"column":12},"end":{"line":282,"column":21}},"120":{"start":{"line":283,"column":12},"end":{"line":283,"column":19}},"121":{"start":{"line":287,"column":4},"end":{"line":287,"column":21}},"122":{"start":{"line":288,"column":4},"end":{"line":288,"column":10}},"123":{"start":{"line":290,"column":4},"end":{"line":290,"column":49}},"124":{"start":{"line":291,"column":4},"end":{"line":291,"column":27}},"125":{"start":{"line":293,"column":4},"end":{"line":293,"column":27}},"126":{"start":{"line":295,"column":4},"end":{"line":295,"column":93}},"127":{"start":{"line":296,"column":4},"end":{"line":300,"column":7}},"128":{"start":{"line":297,"column":8},"end":{"line":299,"column":9}},"129":{"start":{"line":298,"column":12},"end":{"line":298,"column":58}},"130":{"start":{"line":301,"column":4},"end":{"line":325,"column":7}},"131":{"start":{"line":302,"column":8},"end":{"line":322,"column":9}},"132":{"start":{"line":305,"column":12},"end":{"line":305,"column":35}},"133":{"start":{"line":306,"column":12},"end":{"line":312,"column":16}},"134":{"start":{"line":310,"column":16},"end":{"line":310,"column":53}},"135":{"start":{"line":311,"column":16},"end":{"line":311,"column":33}},"136":{"start":{"line":313,"column":12},"end":{"line":313,"column":18}},"137":{"start":{"line":316,"column":12},"end":{"line":316,"column":72}},"138":{"start":{"line":317,"column":12},"end":{"line":317,"column":18}},"139":{"start":{"line":320,"column":12},"end":{"line":320,"column":80}},"140":{"start":{"line":321,"column":12},"end":{"line":321,"column":18}},"141":{"start":{"line":324,"column":8},"end":{"line":324,"column":87}},"142":{"start":{"line":326,"column":4},"end":{"line":326,"column":16}},"143":{"start":{"line":327,"column":4},"end":{"line":327,"column":10}},"144":{"start":{"line":330,"column":4},"end":{"line":335,"column":7}},"145":{"start":{"line":336,"column":4},"end":{"line":336,"column":13}},"146":{"start":{"line":337,"column":4},"end":{"line":337,"column":10}},"147":{"start":{"line":339,"column":4},"end":{"line":342,"column":5}},"148":{"start":{"line":340,"column":8},"end":{"line":340,"column":77}},"149":{"start":{"line":341,"column":8},"end":{"line":341,"column":15}},"150":{"start":{"line":344,"column":4},"end":{"line":344,"column":21}},"151":{"start":{"line":352,"column":12},"end":{"line":352,"column":21}},"152":{"start":{"line":355,"column":8},"end":{"line":364,"column":10}},"153":{"start":{"line":359,"column":12},"end":{"line":359,"column":60}},"154":{"start":{"line":360,"column":12},"end":{"line":360,"column":49}},"155":{"start":{"line":361,"column":12},"end":{"line":361,"column":85}},"156":{"start":{"line":363,"column":12},"end":{"line":363,"column":48}},"157":{"start":{"line":366,"column":8},"end":{"line":678,"column":10}},"158":{"start":{"line":371,"column":12},"end":{"line":371,"column":32}},"159":{"start":{"line":372,"column":12},"end":{"line":588,"column":18}},"160":{"start":{"line":590,"column":12},"end":{"line":607,"column":18}},"161":{"start":{"line":591,"column":16},"end":{"line":606,"column":19}},"162":{"start":{"line":594,"column":20},"end":{"line":594,"column":68}},"163":{"start":{"line":595,"column":20},"end":{"line":602,"column":21}},"164":{"start":{"line":597,"column":24},"end":{"line":599,"column":25}},"165":{"start":{"line":598,"column":28},"end":{"line":598,"column":56}},"166":{"start":{"line":601,"column":24},"end":{"line":601,"column":44}},"167":{"start":{"line":603,"column":20},"end":{"line":605,"column":21}},"168":{"start":{"line":604,"column":24},"end":{"line":604,"column":90}},"169":{"start":{"line":609,"column":12},"end":{"line":628,"column":15}},"170":{"start":{"line":610,"column":16},"end":{"line":627,"column":19}},"171":{"start":{"line":611,"column":20},"end":{"line":611,"column":61}},"172":{"start":{"line":613,"column":20},"end":{"line":624,"column":28}},"173":{"start":{"line":626,"column":20},"end":{"line":626,"column":64}},"174":{"start":{"line":630,"column":12},"end":{"line":630,"column":21}},"175":{"start":{"line":631,"column":12},"end":{"line":635,"column":15}},"176":{"start":{"line":632,"column":16},"end":{"line":634,"column":19}},"177":{"start":{"line":633,"column":20},"end":{"line":633,"column":48}},"178":{"start":{"line":636,"column":12},"end":{"line":638,"column":15}},"179":{"start":{"line":637,"column":16},"end":{"line":637,"column":32}},"180":{"start":{"line":640,"column":12},"end":{"line":655,"column":14}},"181":{"start":{"line":645,"column":24},"end":{"line":652,"column":25}},"182":{"start":{"line":646,"column":28},"end":{"line":651,"column":31}},"183":{"start":{"line":648,"column":32},"end":{"line":650,"column":33}},"184":{"start":{"line":649,"column":36},"end":{"line":649,"column":56}},"185":{"start":{"line":657,"column":12},"end":{"line":657,"column":46}},"186":{"start":{"line":659,"column":12},"end":{"line":673,"column":15}},"187":{"start":{"line":660,"column":16},"end":{"line":672,"column":19}},"188":{"start":{"line":661,"column":20},"end":{"line":661,"column":72}},"189":{"start":{"line":663,"column":20},"end":{"line":671,"column":27}},"190":{"start":{"line":666,"column":28},"end":{"line":670,"column":34}},"191":{"start":{"line":675,"column":12},"end":{"line":675,"column":85}},"192":{"start":{"line":677,"column":12},"end":{"line":677,"column":49}},"193":{"start":{"line":680,"column":8},"end":{"line":745,"column":10}},"194":{"start":{"line":684,"column":12},"end":{"line":684,"column":52}},"195":{"start":{"line":686,"column":12},"end":{"line":686,"column":74}},"196":{"start":{"line":688,"column":12},"end":{"line":705,"column":19}},"197":{"start":{"line":690,"column":20},"end":{"line":693,"column":21}},"198":{"start":{"line":691,"column":24},"end":{"line":691,"column":61}},"199":{"start":{"line":692,"column":24},"end":{"line":692,"column":31}},"200":{"start":{"line":694,"column":20},"end":{"line":701,"column":23}},"201":{"start":{"line":699,"column":24},"end":{"line":700,"column":84}},"202":{"start":{"line":702,"column":20},"end":{"line":704,"column":21}},"203":{"start":{"line":703,"column":24},"end":{"line":703,"column":66}},"204":{"start":{"line":707,"column":12},"end":{"line":709,"column":15}},"205":{"start":{"line":710,"column":12},"end":{"line":710,"column":54}},"206":{"start":{"line":712,"column":12},"end":{"line":744,"column":15}},"207":{"start":{"line":713,"column":16},"end":{"line":715,"column":17}},"208":{"start":{"line":714,"column":20},"end":{"line":714,"column":27}},"209":{"start":{"line":716,"column":16},"end":{"line":716,"column":82}},"210":{"start":{"line":717,"column":16},"end":{"line":719,"column":70}},"211":{"start":{"line":720,"column":16},"end":{"line":722,"column":17}},"212":{"start":{"line":721,"column":20},"end":{"line":721,"column":27}},"213":{"start":{"line":723,"column":16},"end":{"line":723,"column":49}},"214":{"start":{"line":724,"column":16},"end":{"line":743,"column":19}},"215":{"start":{"line":734,"column":20},"end":{"line":742,"column":22}},"216":{"start":{"line":738,"column":24},"end":{"line":738,"column":56}},"217":{"start":{"line":739,"column":24},"end":{"line":739,"column":50}},"218":{"start":{"line":740,"column":24},"end":{"line":740,"column":56}},"219":{"start":{"line":741,"column":24},"end":{"line":741,"column":65}},"220":{"start":{"line":747,"column":8},"end":{"line":900,"column":10}},"221":{"start":{"line":751,"column":12},"end":{"line":751,"column":41}},"222":{"start":{"line":752,"column":12},"end":{"line":752,"column":25}},"223":{"start":{"line":753,"column":12},"end":{"line":898,"column":14}},"224":{"start":{"line":754,"column":16},"end":{"line":897,"column":28}},"225":{"start":{"line":755,"column":20},"end":{"line":757,"column":39}},"226":{"start":{"line":758,"column":20},"end":{"line":896,"column":21}},"227":{"start":{"line":760,"column":24},"end":{"line":760,"column":68}},"228":{"start":{"line":761,"column":24},"end":{"line":766,"column":27}},"229":{"start":{"line":768,"column":24},"end":{"line":769,"column":82}},"230":{"start":{"line":770,"column":24},"end":{"line":823,"column":25}},"231":{"start":{"line":772,"column":28},"end":{"line":772,"column":48}},"232":{"start":{"line":774,"column":28},"end":{"line":774,"column":81}},"233":{"start":{"line":775,"column":28},"end":{"line":775,"column":34}},"234":{"start":{"line":777,"column":28},"end":{"line":777,"column":48}},"235":{"start":{"line":779,"column":28},"end":{"line":779,"column":76}},"236":{"start":{"line":780,"column":28},"end":{"line":780,"column":34}},"237":{"start":{"line":782,"column":28},"end":{"line":782,"column":48}},"238":{"start":{"line":784,"column":28},"end":{"line":784,"column":92}},"239":{"start":{"line":785,"column":28},"end":{"line":785,"column":34}},"240":{"start":{"line":787,"column":28},"end":{"line":787,"column":48}},"241":{"start":{"line":789,"column":28},"end":{"line":789,"column":94}},"242":{"start":{"line":790,"column":28},"end":{"line":790,"column":34}},"243":{"start":{"line":792,"column":28},"end":{"line":792,"column":48}},"244":{"start":{"line":794,"column":28},"end":{"line":794,"column":90}},"245":{"start":{"line":795,"column":28},"end":{"line":795,"column":34}},"246":{"start":{"line":797,"column":28},"end":{"line":797,"column":48}},"247":{"start":{"line":799,"column":28},"end":{"line":800,"column":83}},"248":{"start":{"line":801,"column":28},"end":{"line":805,"column":31}},"249":{"start":{"line":802,"column":32},"end":{"line":804,"column":33}},"250":{"start":{"line":803,"column":36},"end":{"line":803,"column":77}},"251":{"start":{"line":806,"column":28},"end":{"line":806,"column":34}},"252":{"start":{"line":808,"column":28},"end":{"line":808,"column":42}},"253":{"start":{"line":810,"column":28},"end":{"line":813,"column":57}},"254":{"start":{"line":814,"column":28},"end":{"line":814,"column":37}},"255":{"start":{"line":815,"column":28},"end":{"line":815,"column":34}},"256":{"start":{"line":818,"column":28},"end":{"line":818,"column":90}},"257":{"start":{"line":819,"column":28},"end":{"line":819,"column":34}},"258":{"start":{"line":821,"column":28},"end":{"line":822,"column":81}},"259":{"start":{"line":824,"column":24},"end":{"line":824,"column":30}},"260":{"start":{"line":826,"column":24},"end":{"line":837,"column":25}},"261":{"start":{"line":828,"column":28},"end":{"line":828,"column":42}},"262":{"start":{"line":829,"column":28},"end":{"line":829,"column":62}},"263":{"start":{"line":831,"column":28},"end":{"line":832,"column":94}},"264":{"start":{"line":834,"column":28},"end":{"line":834,"column":82}},"265":{"start":{"line":835,"column":28},"end":{"line":835,"column":37}},"266":{"start":{"line":836,"column":28},"end":{"line":836,"column":34}},"267":{"start":{"line":838,"column":24},"end":{"line":838,"column":30}},"268":{"start":{"line":840,"column":24},"end":{"line":859,"column":25}},"269":{"start":{"line":843,"column":28},"end":{"line":848,"column":30}},"270":{"start":{"line":849,"column":28},"end":{"line":849,"column":34}},"271":{"start":{"line":852,"column":28},"end":{"line":857,"column":30}},"272":{"start":{"line":858,"column":28},"end":{"line":858,"column":34}},"273":{"start":{"line":860,"column":24},"end":{"line":860,"column":30}},"274":{"start":{"line":862,"column":24},"end":{"line":866,"column":25}},"275":{"start":{"line":863,"column":28},"end":{"line":863,"column":57}},"276":{"start":{"line":864,"column":28},"end":{"line":864,"column":77}},"277":{"start":{"line":865,"column":28},"end":{"line":865,"column":35}},"278":{"start":{"line":867,"column":24},"end":{"line":867,"column":59}},"279":{"start":{"line":868,"column":24},"end":{"line":890,"column":25}},"280":{"start":{"line":872,"column":28},"end":{"line":872,"column":47}},"281":{"start":{"line":873,"column":28},"end":{"line":873,"column":34}},"282":{"start":{"line":877,"column":28},"end":{"line":877,"column":47}},"283":{"start":{"line":878,"column":28},"end":{"line":878,"column":34}},"284":{"start":{"line":880,"column":28},"end":{"line":880,"column":55}},"285":{"start":{"line":881,"column":28},"end":{"line":881,"column":47}},"286":{"start":{"line":882,"column":28},"end":{"line":882,"column":34}},"287":{"start":{"line":884,"column":28},"end":{"line":887,"column":30}},"288":{"start":{"line":888,"column":28},"end":{"line":888,"column":47}},"289":{"start":{"line":889,"column":28},"end":{"line":889,"column":34}},"290":{"start":{"line":891,"column":24},"end":{"line":894,"column":26}},"291":{"start":{"line":895,"column":24},"end":{"line":895,"column":30}},"292":{"start":{"line":899,"column":12},"end":{"line":899,"column":21}},"293":{"start":{"line":901,"column":8},"end":{"line":901,"column":14}},"294":{"start":{"line":903,"column":4},"end":{"line":1126,"column":5}},"295":{"start":{"line":910,"column":8},"end":{"line":910,"column":33}},"296":{"start":{"line":912,"column":8},"end":{"line":912,"column":41}},"297":{"start":{"line":913,"column":8},"end":{"line":913,"column":14}},"298":{"start":{"line":920,"column":8},"end":{"line":920,"column":36}},"299":{"start":{"line":922,"column":8},"end":{"line":922,"column":33}},"300":{"start":{"line":923,"column":8},"end":{"line":923,"column":43}},"301":{"start":{"line":924,"column":8},"end":{"line":924,"column":37}},"302":{"start":{"line":925,"column":8},"end":{"line":925,"column":89}},"303":{"start":{"line":926,"column":8},"end":{"line":926,"column":59}},"304":{"start":{"line":927,"column":8},"end":{"line":927,"column":35}},"305":{"start":{"line":928,"column":8},"end":{"line":928,"column":45}},"306":{"start":{"line":929,"column":8},"end":{"line":929,"column":33}},"307":{"start":{"line":931,"column":8},"end":{"line":932,"column":54}},"308":{"start":{"line":933,"column":8},"end":{"line":1010,"column":10}},"309":{"start":{"line":1011,"column":8},"end":{"line":1019,"column":14}},"310":{"start":{"line":1020,"column":8},"end":{"line":1024,"column":14}},"311":{"start":{"line":1025,"column":8},"end":{"line":1059,"column":14}},"312":{"start":{"line":1038,"column":24},"end":{"line":1038,"column":33},"skip":true},"313":{"start":{"line":1039,"column":24},"end":{"line":1042,"column":25},"skip":true},"314":{"start":{"line":1040,"column":28},"end":{"line":1040,"column":47},"skip":true},"315":{"start":{"line":1043,"column":24},"end":{"line":1046,"column":25},"skip":true},"316":{"start":{"line":1044,"column":28},"end":{"line":1044,"column":59},"skip":true},"317":{"start":{"line":1047,"column":24},"end":{"line":1054,"column":25},"skip":true},"318":{"start":{"line":1048,"column":28},"end":{"line":1053,"column":31},"skip":true},"319":{"start":{"line":1060,"column":8},"end":{"line":1062,"column":50}},"320":{"start":{"line":1063,"column":8},"end":{"line":1065,"column":46}},"321":{"start":{"line":1066,"column":8},"end":{"line":1068,"column":44}},"322":{"start":{"line":1069,"column":8},"end":{"line":1078,"column":81}},"323":{"start":{"line":1080,"column":8},"end":{"line":1122,"column":13}},"324":{"start":{"line":1081,"column":12},"end":{"line":1084,"column":14}},"325":{"start":{"line":1085,"column":12},"end":{"line":1089,"column":14}},"326":{"start":{"line":1086,"column":16},"end":{"line":1086,"column":25}},"327":{"start":{"line":1087,"column":16},"end":{"line":1087,"column":28}},"328":{"start":{"line":1088,"column":16},"end":{"line":1088,"column":34}},"329":{"start":{"line":1090,"column":12},"end":{"line":1090,"column":83}},"330":{"start":{"line":1091,"column":12},"end":{"line":1094,"column":14}},"331":{"start":{"line":1092,"column":16},"end":{"line":1092,"column":37}},"332":{"start":{"line":1093,"column":16},"end":{"line":1093,"column":31}},"333":{"start":{"line":1095,"column":12},"end":{"line":1101,"column":14}},"334":{"start":{"line":1096,"column":16},"end":{"line":1096,"column":25}},"335":{"start":{"line":1097,"column":16},"end":{"line":1097,"column":28}},"336":{"start":{"line":1098,"column":16},"end":{"line":1098,"column":33}},"337":{"start":{"line":1099,"column":16},"end":{"line":1099,"column":32}},"338":{"start":{"line":1100,"column":16},"end":{"line":1100,"column":62}},"339":{"start":{"line":1102,"column":12},"end":{"line":1104,"column":14}},"340":{"start":{"line":1103,"column":16},"end":{"line":1103,"column":56}},"341":{"start":{"line":1105,"column":12},"end":{"line":1105,"column":41}},"342":{"start":{"line":1106,"column":12},"end":{"line":1106,"column":36}},"343":{"start":{"line":1107,"column":12},"end":{"line":1107,"column":46}},"344":{"start":{"line":1108,"column":12},"end":{"line":1108,"column":32}},"345":{"start":{"line":1109,"column":12},"end":{"line":1109,"column":42}},"346":{"start":{"line":1110,"column":12},"end":{"line":1110,"column":33}},"347":{"start":{"line":1111,"column":12},"end":{"line":1119,"column":14}},"348":{"start":{"line":1115,"column":24},"end":{"line":1115,"column":60}},"349":{"start":{"line":1120,"column":12},"end":{"line":1120,"column":59}},"350":{"start":{"line":1121,"column":12},"end":{"line":1121,"column":51}},"351":{"start":{"line":1124,"column":8},"end":{"line":1124,"column":40}},"352":{"start":{"line":1125,"column":8},"end":{"line":1125,"column":14}},"353":{"start":{"line":1129,"column":4},"end":{"line":1129,"column":14}},"354":{"start":{"line":1134,"column":4},"end":{"line":1161,"column":9}},"355":{"start":{"line":1136,"column":8},"end":{"line":1136,"column":19}},"356":{"start":{"line":1137,"column":8},"end":{"line":1148,"column":13}},"357":{"start":{"line":1138,"column":12},"end":{"line":1147,"column":13}},"358":{"start":{"line":1139,"column":16},"end":{"line":1142,"column":27}},"359":{"start":{"line":1144,"column":16},"end":{"line":1146,"column":30}},"360":{"start":{"line":1150,"column":8},"end":{"line":1152,"column":21}},"361":{"start":{"line":1154,"column":8},"end":{"line":1158,"column":19}},"362":{"start":{"line":1160,"column":8},"end":{"line":1160,"column":69}},"363":{"start":{"line":1162,"column":4},"end":{"line":1162,"column":17}}},"branchMap":{"1":{"line":37,"type":"binary-expr","locations":[{"start":{"line":37,"column":24},"end":{"line":37,"column":44}},{"start":{"line":37,"column":48},"end":{"line":37,"column":51}}]},"2":{"line":47,"type":"if","locations":[{"start":{"line":47,"column":16},"end":{"line":47,"column":16}},{"start":{"line":47,"column":16},"end":{"line":47,"column":16}}]},"3":{"line":47,"type":"binary-expr","locations":[{"start":{"line":47,"column":20},"end":{"line":47,"column":27}},{"start":{"line":47,"column":31},"end":{"line":47,"column":41}}]},"4":{"line":48,"type":"binary-expr","locations":[{"start":{"line":48,"column":34},"end":{"line":48,"column":45}},{"start":{"line":48,"column":49},"end":{"line":48,"column":59}}]},"5":{"line":60,"type":"if","locations":[{"start":{"line":60,"column":16},"end":{"line":60,"column":16}},{"start":{"line":60,"column":16},"end":{"line":60,"column":16}}]},"6":{"line":60,"type":"binary-expr","locations":[{"start":{"line":60,"column":20},"end":{"line":60,"column":27}},{"start":{"line":60,"column":31},"end":{"line":60,"column":42}}]},"7":{"line":61,"type":"binary-expr","locations":[{"start":{"line":61,"column":33},"end":{"line":61,"column":43}},{"start":{"line":61,"column":47},"end":{"line":61,"column":58}}]},"8":{"line":74,"type":"if","locations":[{"start":{"line":74,"column":16},"end":{"line":74,"column":16}},{"start":{"line":74,"column":16},"end":{"line":74,"column":16}}]},"9":{"line":79,"type":"binary-expr","locations":[{"start":{"line":79,"column":38},"end":{"line":79,"column":42}},{"start":{"line":79,"column":46},"end":{"line":79,"column":70}}]},"10":{"line":80,"type":"binary-expr","locations":[{"start":{"line":80,"column":29},"end":{"line":80,"column":47}},{"start":{"line":80,"column":51},"end":{"line":80,"column":53}}]},"11":{"line":106,"type":"if","locations":[{"start":{"line":106,"column":16},"end":{"line":106,"column":16}},{"start":{"line":106,"column":16},"end":{"line":106,"column":16}}]},"12":{"line":111,"type":"binary-expr","locations":[{"start":{"line":111,"column":23},"end":{"line":111,"column":39}},{"start":{"line":111,"column":43},"end":{"line":111,"column":45}}]},"13":{"line":113,"type":"binary-expr","locations":[{"start":{"line":113,"column":19},"end":{"line":113,"column":32}},{"start":{"line":113,"column":36},"end":{"line":113,"column":49}},{"start":{"line":113,"column":54},"end":{"line":113,"column":69}},{"start":{"line":113,"column":73},"end":{"line":113,"column":93}}]},"14":{"line":114,"type":"binary-expr","locations":[{"start":{"line":114,"column":21},"end":{"line":114,"column":36}},{"start":{"line":114,"column":40},"end":{"line":114,"column":44}}]},"15":{"line":116,"type":"if","locations":[{"start":{"line":116,"column":12},"end":{"line":116,"column":12}},{"start":{"line":116,"column":12},"end":{"line":116,"column":12}}]},"16":{"line":116,"type":"binary-expr","locations":[{"start":{"line":116,"column":16},"end":{"line":116,"column":29}},{"start":{"line":117,"column":20},"end":{"line":117,"column":24}},{"start":{"line":117,"column":28},"end":{"line":117,"column":52}},{"start":{"line":118,"column":20},"end":{"line":118,"column":44}},{"start":{"line":118,"column":48},"end":{"line":118,"column":74}}]},"17":{"line":126,"type":"if","locations":[{"start":{"line":126,"column":12},"end":{"line":126,"column":12}},{"start":{"line":126,"column":12},"end":{"line":126,"column":12}}]},"18":{"line":126,"type":"binary-expr","locations":[{"start":{"line":126,"column":16},"end":{"line":126,"column":29}},{"start":{"line":126,"column":33},"end":{"line":126,"column":51}}]},"19":{"line":127,"type":"if","locations":[{"start":{"line":127,"column":16},"end":{"line":127,"column":16}},{"start":{"line":127,"column":16},"end":{"line":127,"column":16}}]},"20":{"line":135,"type":"switch","locations":[{"start":{"line":136,"column":12},"end":{"line":149,"column":22}},{"start":{"line":150,"column":12},"end":{"line":152,"column":22}},{"start":{"line":153,"column":12},"end":{"line":154,"column":22}},{"start":{"line":155,"column":12},"end":{"line":162,"column":22}},{"start":{"line":163,"column":12},"end":{"line":170,"column":22}},{"start":{"line":171,"column":12},"end":{"line":173,"column":22}},{"start":{"line":174,"column":12},"end":{"line":193,"column":22}}]},"21":{"line":139,"type":"if","locations":[{"start":{"line":139,"column":16},"end":{"line":139,"column":16}},{"start":{"line":139,"column":16},"end":{"line":139,"column":16}}]},"22":{"line":156,"type":"binary-expr","locations":[{"start":{"line":156,"column":23},"end":{"line":156,"column":47}},{"start":{"line":156,"column":51},"end":{"line":156,"column":70}}]},"23":{"line":157,"type":"switch","locations":[{"start":{"line":158,"column":16},"end":{"line":158,"column":29}},{"start":{"line":159,"column":16},"end":{"line":160,"column":26}}]},"24":{"line":165,"type":"switch","locations":[{"start":{"line":166,"column":16},"end":{"line":166,"column":30}},{"start":{"line":167,"column":16},"end":{"line":168,"column":26}}]},"25":{"line":176,"type":"switch","locations":[{"start":{"line":178,"column":16},"end":{"line":180,"column":26}},{"start":{"line":181,"column":16},"end":{"line":184,"column":26}},{"start":{"line":185,"column":16},"end":{"line":188,"column":26}},{"start":{"line":189,"column":16},"end":{"line":191,"column":26}}]},"26":{"line":183,"type":"binary-expr","locations":[{"start":{"line":183,"column":27},"end":{"line":183,"column":40}},{"start":{"line":183,"column":44},"end":{"line":183,"column":83}}]},"27":{"line":187,"type":"binary-expr","locations":[{"start":{"line":187,"column":27},"end":{"line":187,"column":40}},{"start":{"line":187,"column":44},"end":{"line":187,"column":70}}]},"28":{"line":196,"type":"if","locations":[{"start":{"line":196,"column":12},"end":{"line":196,"column":12}},{"start":{"line":196,"column":12},"end":{"line":196,"column":12}}]},"29":{"line":212,"type":"if","locations":[{"start":{"line":212,"column":16},"end":{"line":212,"column":16}},{"start":{"line":212,"column":16},"end":{"line":212,"column":16}}]},"30":{"line":217,"type":"binary-expr","locations":[{"start":{"line":217,"column":38},"end":{"line":217,"column":42}},{"start":{"line":217,"column":46},"end":{"line":217,"column":70}}]},"31":{"line":221,"type":"binary-expr","locations":[{"start":{"line":221,"column":20},"end":{"line":221,"column":26}},{"start":{"line":221,"column":30},"end":{"line":221,"column":56}}]},"32":{"line":224,"type":"binary-expr","locations":[{"start":{"line":224,"column":28},"end":{"line":224,"column":45}},{"start":{"line":224,"column":49},"end":{"line":224,"column":51}}]},"33":{"line":231,"type":"binary-expr","locations":[{"start":{"line":231,"column":34},"end":{"line":231,"column":49}},{"start":{"line":231,"column":53},"end":{"line":231,"column":86}}]},"34":{"line":242,"type":"switch","locations":[{"start":{"line":247,"column":4},"end":{"line":901,"column":14}}]},"35":{"line":261,"type":"cond-expr","locations":[{"start":{"line":262,"column":6},"end":{"line":262,"column":14}},{"start":{"line":263,"column":6},"end":{"line":263,"column":18}}]},"36":{"line":264,"type":"switch","locations":[{"start":{"line":265,"column":0},"end":{"line":288,"column":10}},{"start":{"line":289,"column":0},"end":{"line":327,"column":10}},{"start":{"line":328,"column":0},"end":{"line":337,"column":10}},{"start":{"line":338,"column":0},"end":{"line":344,"column":21}}]},"37":{"line":266,"type":"binary-expr","locations":[{"start":{"line":266,"column":32},"end":{"line":266,"column":47}},{"start":{"line":266,"column":51},"end":{"line":266,"column":53}}]},"38":{"line":267,"type":"if","locations":[{"start":{"line":267,"column":4},"end":{"line":267,"column":4}},{"start":{"line":267,"column":4},"end":{"line":267,"column":4}}]},"39":{"line":268,"type":"binary-expr","locations":[{"start":{"line":268,"column":27},"end":{"line":268,"column":43}},{"start":{"line":269,"column":12},"end":{"line":269,"column":93}}]},"40":{"line":270,"type":"switch","locations":[{"start":{"line":272,"column":8},"end":{"line":274,"column":19}}]},"41":{"line":280,"type":"binary-expr","locations":[{"start":{"line":280,"column":29},"end":{"line":280,"column":41}},{"start":{"line":280,"column":45},"end":{"line":280,"column":73}}]},"42":{"line":281,"type":"if","locations":[{"start":{"line":281,"column":8},"end":{"line":281,"column":8}},{"start":{"line":281,"column":8},"end":{"line":281,"column":8}}]},"43":{"line":297,"type":"if","locations":[{"start":{"line":297,"column":8},"end":{"line":297,"column":8}},{"start":{"line":297,"column":8},"end":{"line":297,"column":8}}]},"44":{"line":301,"type":"binary-expr","locations":[{"start":{"line":301,"column":5},"end":{"line":301,"column":34}},{"start":{"line":301,"column":38},"end":{"line":301,"column":40}}]},"45":{"line":302,"type":"switch","locations":[{"start":{"line":304,"column":8},"end":{"line":313,"column":18}},{"start":{"line":315,"column":8},"end":{"line":317,"column":18}},{"start":{"line":319,"column":8},"end":{"line":321,"column":18}}]},"46":{"line":324,"type":"binary-expr","locations":[{"start":{"line":324,"column":40},"end":{"line":324,"column":69}},{"start":{"line":324,"column":73},"end":{"line":324,"column":86}}]},"47":{"line":339,"type":"if","locations":[{"start":{"line":339,"column":4},"end":{"line":339,"column":4}},{"start":{"line":339,"column":4},"end":{"line":339,"column":4}}]},"48":{"line":374,"type":"binary-expr","locations":[{"start":{"line":374,"column":23},"end":{"line":374,"column":43}},{"start":{"line":374,"column":47},"end":{"line":577,"column":17}}]},"49":{"line":591,"type":"cond-expr","locations":[{"start":{"line":592,"column":22},"end":{"line":592,"column":29}},{"start":{"line":593,"column":22},"end":{"line":593,"column":24}}]},"50":{"line":591,"type":"binary-expr","locations":[{"start":{"line":591,"column":28},"end":{"line":591,"column":35}},{"start":{"line":591,"column":39},"end":{"line":591,"column":66}}]},"51":{"line":595,"type":"if","locations":[{"start":{"line":595,"column":20},"end":{"line":595,"column":20}},{"start":{"line":595,"column":20},"end":{"line":595,"column":20}}]},"52":{"line":597,"type":"if","locations":[{"start":{"line":597,"column":24},"end":{"line":597,"column":24}},{"start":{"line":597,"column":24},"end":{"line":597,"column":24}}]},"53":{"line":603,"type":"if","locations":[{"start":{"line":603,"column":20},"end":{"line":603,"column":20}},{"start":{"line":603,"column":20},"end":{"line":603,"column":20}}]},"54":{"line":632,"type":"binary-expr","locations":[{"start":{"line":632,"column":17},"end":{"line":632,"column":21}},{"start":{"line":632,"column":25},"end":{"line":632,"column":27}}]},"55":{"line":645,"type":"if","locations":[{"start":{"line":645,"column":24},"end":{"line":645,"column":24}},{"start":{"line":645,"column":24},"end":{"line":645,"column":24}}]},"56":{"line":645,"type":"binary-expr","locations":[{"start":{"line":645,"column":28},"end":{"line":645,"column":35}},{"start":{"line":645,"column":39},"end":{"line":645,"column":66}}]},"57":{"line":648,"type":"if","locations":[{"start":{"line":648,"column":32},"end":{"line":648,"column":32}},{"start":{"line":648,"column":32},"end":{"line":648,"column":32}}]},"58":{"line":663,"type":"binary-expr","locations":[{"start":{"line":663,"column":44},"end":{"line":663,"column":67}},{"start":{"line":663,"column":71},"end":{"line":663,"column":73}}]},"59":{"line":668,"type":"binary-expr","locations":[{"start":{"line":668,"column":37},"end":{"line":668,"column":79}},{"start":{"line":668,"column":83},"end":{"line":668,"column":85}}]},"60":{"line":690,"type":"if","locations":[{"start":{"line":690,"column":20},"end":{"line":690,"column":20}},{"start":{"line":690,"column":20},"end":{"line":690,"column":20}}]},"61":{"line":694,"type":"cond-expr","locations":[{"start":{"line":695,"column":26},"end":{"line":695,"column":39}},{"start":{"line":696,"column":26},"end":{"line":698,"column":28}}]},"62":{"line":694,"type":"binary-expr","locations":[{"start":{"line":694,"column":21},"end":{"line":694,"column":27}},{"start":{"line":694,"column":31},"end":{"line":694,"column":44}},{"start":{"line":694,"column":48},"end":{"line":694,"column":68}}]},"63":{"line":696,"type":"cond-expr","locations":[{"start":{"line":697,"column":26},"end":{"line":697,"column":41}},{"start":{"line":698,"column":26},"end":{"line":698,"column":28}}]},"64":{"line":696,"type":"binary-expr","locations":[{"start":{"line":696,"column":26},"end":{"line":696,"column":32}},{"start":{"line":696,"column":36},"end":{"line":696,"column":51}},{"start":{"line":696,"column":55},"end":{"line":696,"column":76}}]},"65":{"line":702,"type":"if","locations":[{"start":{"line":702,"column":20},"end":{"line":702,"column":20}},{"start":{"line":702,"column":20},"end":{"line":702,"column":20}}]},"66":{"line":702,"type":"binary-expr","locations":[{"start":{"line":702,"column":24},"end":{"line":702,"column":30}},{"start":{"line":702,"column":34},"end":{"line":702,"column":47}},{"start":{"line":702,"column":51},"end":{"line":702,"column":67}}]},"67":{"line":713,"type":"if","locations":[{"start":{"line":713,"column":16},"end":{"line":713,"column":16}},{"start":{"line":713,"column":16},"end":{"line":713,"column":16}}]},"68":{"line":716,"type":"binary-expr","locations":[{"start":{"line":716,"column":47},"end":{"line":716,"column":75}},{"start":{"line":716,"column":79},"end":{"line":716,"column":81}}]},"69":{"line":718,"type":"binary-expr","locations":[{"start":{"line":718,"column":20},"end":{"line":718,"column":73}},{"start":{"line":719,"column":20},"end":{"line":719,"column":69}}]},"70":{"line":720,"type":"if","locations":[{"start":{"line":720,"column":16},"end":{"line":720,"column":16}},{"start":{"line":720,"column":16},"end":{"line":720,"column":16}}]},"71":{"line":755,"type":"cond-expr","locations":[{"start":{"line":756,"column":26},"end":{"line":756,"column":34}},{"start":{"line":757,"column":26},"end":{"line":757,"column":38}}]},"72":{"line":758,"type":"switch","locations":[{"start":{"line":759,"column":20},"end":{"line":824,"column":30}},{"start":{"line":825,"column":20},"end":{"line":838,"column":30}},{"start":{"line":839,"column":20},"end":{"line":860,"column":30}},{"start":{"line":861,"column":20},"end":{"line":895,"column":30}}]},"73":{"line":769,"type":"binary-expr","locations":[{"start":{"line":769,"column":35},"end":{"line":769,"column":51}},{"start":{"line":769,"column":55},"end":{"line":769,"column":80}}]},"74":{"line":770,"type":"switch","locations":[{"start":{"line":771,"column":24},"end":{"line":775,"column":34}},{"start":{"line":776,"column":24},"end":{"line":780,"column":34}},{"start":{"line":781,"column":24},"end":{"line":785,"column":34}},{"start":{"line":786,"column":24},"end":{"line":790,"column":34}},{"start":{"line":791,"column":24},"end":{"line":795,"column":34}},{"start":{"line":796,"column":24},"end":{"line":806,"column":34}},{"start":{"line":807,"column":24},"end":{"line":815,"column":34}},{"start":{"line":816,"column":24},"end":{"line":819,"column":34}},{"start":{"line":820,"column":24},"end":{"line":822,"column":81}}]},"75":{"line":802,"type":"if","locations":[{"start":{"line":802,"column":32},"end":{"line":802,"column":32}},{"start":{"line":802,"column":32},"end":{"line":802,"column":32}}]},"76":{"line":826,"type":"switch","locations":[{"start":{"line":827,"column":24},"end":{"line":836,"column":34}}]},"77":{"line":829,"type":"binary-expr","locations":[{"start":{"line":829,"column":51},"end":{"line":829,"column":55}},{"start":{"line":829,"column":59},"end":{"line":829,"column":61}}]},"78":{"line":832,"type":"binary-expr","locations":[{"start":{"line":832,"column":32},"end":{"line":832,"column":65}},{"start":{"line":832,"column":69},"end":{"line":832,"column":93}}]},"79":{"line":840,"type":"switch","locations":[{"start":{"line":841,"column":24},"end":{"line":849,"column":34}},{"start":{"line":850,"column":24},"end":{"line":858,"column":34}}]},"80":{"line":862,"type":"if","locations":[{"start":{"line":862,"column":24},"end":{"line":862,"column":24}},{"start":{"line":862,"column":24},"end":{"line":862,"column":24}}]},"81":{"line":868,"type":"switch","locations":[{"start":{"line":869,"column":24},"end":{"line":869,"column":44}},{"start":{"line":870,"column":24},"end":{"line":870,"column":42}},{"start":{"line":871,"column":24},"end":{"line":873,"column":34}},{"start":{"line":874,"column":24},"end":{"line":874,"column":41}},{"start":{"line":875,"column":24},"end":{"line":875,"column":45}},{"start":{"line":876,"column":24},"end":{"line":878,"column":34}},{"start":{"line":879,"column":24},"end":{"line":882,"column":34}},{"start":{"line":883,"column":24},"end":{"line":889,"column":34}}]},"82":{"line":903,"type":"switch","locations":[{"start":{"line":908,"column":4},"end":{"line":913,"column":14}},{"start":{"line":918,"column":4},"end":{"line":1125,"column":14}}]},"83":{"line":934,"type":"binary-expr","locations":[{"start":{"line":934,"column":22},"end":{"line":934,"column":71}},{"start":{"line":934,"column":75},"end":{"line":934,"column":86}}]},"84":{"line":1044,"type":"binary-expr","locations":[{"start":{"line":1044,"column":35},"end":{"line":1044,"column":39},"skip":true},{"start":{"line":1044,"column":43},"end":{"line":1044,"column":58},"skip":true}]},"85":{"line":1047,"type":"if","locations":[{"start":{"line":1047,"column":24},"end":{"line":1047,"column":24},"skip":true},{"start":{"line":1047,"column":24},"end":{"line":1047,"column":24},"skip":true}]},"86":{"line":1139,"type":"binary-expr","locations":[{"start":{"line":1139,"column":23},"end":{"line":1139,"column":37}},{"start":{"line":1140,"column":20},"end":{"line":1140,"column":61}},{"start":{"line":1141,"column":20},"end":{"line":1141,"column":70}},{"start":{"line":1142,"column":20},"end":{"line":1142,"column":26}}]},"87":{"line":1144,"type":"binary-expr","locations":[{"start":{"line":1144,"column":23},"end":{"line":1144,"column":62}},{"start":{"line":1145,"column":20},"end":{"line":1145,"column":70}},{"start":{"line":1146,"column":20},"end":{"line":1146,"column":29}}]},"88":{"line":1150,"type":"cond-expr","locations":[{"start":{"line":1151,"column":14},"end":{"line":1151,"column":20}},{"start":{"line":1152,"column":14},"end":{"line":1152,"column":20}}]},"89":{"line":1154,"type":"cond-expr","locations":[{"start":{"line":1155,"column":14},"end":{"line":1155,"column":29}},{"start":{"line":1156,"column":14},"end":{"line":1158,"column":18}}]},"90":{"line":1156,"type":"cond-expr","locations":[{"start":{"line":1157,"column":14},"end":{"line":1157,"column":33}},{"start":{"line":1158,"column":14},"end":{"line":1158,"column":18}}]}}}}