{"/home/travis/build/kaizhu256/node-cms2/test.js":{"path":"/home/travis/build/kaizhu256/node-cms2/test.js","s":{"1":1,"2":1,"3":1,"4":1,"5":1,"6":1,"7":1,"8":1,"9":1,"10":1,"11":1,"12":1,"13":1,"14":1,"15":1,"16":1,"17":1,"18":1,"19":1,"20":1,"21":1,"22":0,"23":1,"24":1,"25":0,"26":0,"27":0,"28":0,"29":0,"30":0,"31":0,"32":0,"33":0,"34":0,"35":0,"36":0,"37":0,"38":1,"39":0,"40":1,"41":0,"42":0,"43":0,"44":0,"45":0,"46":0,"47":1,"48":1,"49":0,"50":0,"51":0,"52":1,"53":1,"54":1,"55":1,"56":1,"57":1,"58":1,"59":1,"60":1,"61":1,"62":1,"63":1,"64":1,"65":1,"66":1,"67":1,"68":1,"69":1,"70":1,"71":1,"72":0,"73":1,"74":1,"75":1,"76":1,"77":2,"78":0,"79":2,"80":0,"81":0,"82":2,"83":1,"84":1,"85":1,"86":11,"87":11,"88":11,"89":4,"90":4,"91":1,"92":1,"93":1,"94":1,"95":1,"96":1,"97":1,"98":1,"99":0,"100":1,"101":1,"102":1,"103":1,"104":1,"105":1},"b":{"1":[0,1],"2":[1],"3":[0,0],"4":[0,0,0],"5":[0,1],"6":[0,1],"7":[1,1],"8":[0,2],"9":[0,0,2],"10":[2,4],"11":[1,1,1,1],"12":[0,0,0],"13":[0,1],"14":[0,1],"15":[0,1]},"f":{"1":1,"2":1,"3":1,"4":1,"5":1,"6":1,"7":1,"8":1,"9":1,"10":0,"11":0,"12":0,"13":1,"14":1,"15":0,"16":2,"17":11,"18":1,"19":1,"20":1},"fnMap":{"1":{"name":"(anonymous_1)","line":9,"loc":{"start":{"line":9,"column":1},"end":{"line":9,"column":18}}},"2":{"name":"(anonymous_2)","line":12,"loc":{"start":{"line":12,"column":5},"end":{"line":12,"column":17}}},"3":{"name":"(anonymous_3)","line":14,"loc":{"start":{"line":14,"column":34},"end":{"line":14,"column":53}}},"4":{"name":"(anonymous_4)","line":21,"loc":{"start":{"line":21,"column":15},"end":{"line":21,"column":32}}},"5":{"name":"(anonymous_5)","line":22,"loc":{"start":{"line":22,"column":44},"end":{"line":22,"column":56}}},"6":{"name":"(anonymous_6)","line":32,"loc":{"start":{"line":32,"column":48},"end":{"line":32,"column":67}}},"7":{"name":"(anonymous_7)","line":38,"loc":{"start":{"line":38,"column":21},"end":{"line":38,"column":38}}},"8":{"name":"(anonymous_8)","line":53,"loc":{"start":{"line":53,"column":7},"end":{"line":53,"column":24}}},"9":{"name":"(anonymous_9)","line":54,"loc":{"start":{"line":54,"column":36},"end":{"line":54,"column":48}}},"10":{"name":"(anonymous_10)","line":75,"loc":{"start":{"line":75,"column":39},"end":{"line":75,"column":74}}},"11":{"name":"(anonymous_11)","line":81,"loc":{"start":{"line":81,"column":21},"end":{"line":81,"column":38}}},"12":{"name":"(anonymous_12)","line":133,"loc":{"start":{"line":133,"column":44},"end":{"line":133,"column":63}}},"13":{"name":"(anonymous_13)","line":184,"loc":{"start":{"line":184,"column":20},"end":{"line":184,"column":39}}},"14":{"name":"(anonymous_14)","line":187,"loc":{"start":{"line":187,"column":20},"end":{"line":187,"column":41}}},"15":{"name":"(anonymous_15)","line":310,"loc":{"start":{"line":310,"column":17},"end":{"line":310,"column":29}}},"16":{"name":"(anonymous_16)","line":333,"loc":{"start":{"line":333,"column":12},"end":{"line":333,"column":57}}},"17":{"name":"(anonymous_17)","line":366,"loc":{"start":{"line":366,"column":48},"end":{"line":366,"column":64}}},"18":{"name":"(anonymous_18)","line":382,"loc":{"start":{"line":382,"column":3},"end":{"line":382,"column":15}}},"19":{"name":"(anonymous_19)","line":389,"loc":{"start":{"line":389,"column":5},"end":{"line":389,"column":17}}},"20":{"name":"(anonymous_20)","line":392,"loc":{"start":{"line":392,"column":24},"end":{"line":392,"column":36}}}},"statementMap":{"1":{"start":{"line":9,"column":0},"end":{"line":422,"column":7}},"2":{"start":{"line":12,"column":4},"end":{"line":118,"column":9}},"3":{"start":{"line":14,"column":8},"end":{"line":30,"column":10}},"4":{"start":{"line":19,"column":12},"end":{"line":29,"column":15}},"5":{"start":{"line":22,"column":16},"end":{"line":28,"column":28}},"6":{"start":{"line":24,"column":20},"end":{"line":24,"column":73}},"7":{"start":{"line":26,"column":20},"end":{"line":26,"column":86}},"8":{"start":{"line":27,"column":20},"end":{"line":27,"column":30}},"9":{"start":{"line":32,"column":8},"end":{"line":73,"column":10}},"10":{"start":{"line":36,"column":12},"end":{"line":36,"column":33}},"11":{"start":{"line":37,"column":12},"end":{"line":37,"column":25}},"12":{"start":{"line":38,"column":12},"end":{"line":71,"column":14}},"13":{"start":{"line":39,"column":16},"end":{"line":70,"column":17}},"14":{"start":{"line":45,"column":0},"end":{"line":47,"column":19}},"15":{"start":{"line":48,"column":0},"end":{"line":67,"column":21}},"16":{"start":{"line":51,"column":4},"end":{"line":61,"column":7}},"17":{"start":{"line":54,"column":8},"end":{"line":60,"column":20}},"18":{"start":{"line":56,"column":12},"end":{"line":56,"column":65}},"19":{"start":{"line":58,"column":12},"end":{"line":58,"column":78}},"20":{"start":{"line":59,"column":12},"end":{"line":59,"column":22}},"21":{"start":{"line":62,"column":4},"end":{"line":62,"column":10}},"22":{"start":{"line":69,"column":20},"end":{"line":69,"column":41}},"23":{"start":{"line":72,"column":12},"end":{"line":72,"column":21}},"24":{"start":{"line":75,"column":8},"end":{"line":117,"column":10}},"25":{"start":{"line":79,"column":12},"end":{"line":79,"column":33}},"26":{"start":{"line":80,"column":12},"end":{"line":80,"column":25}},"27":{"start":{"line":81,"column":12},"end":{"line":115,"column":14}},"28":{"start":{"line":82,"column":16},"end":{"line":114,"column":17}},"29":{"start":{"line":83,"column":20},"end":{"line":83,"column":74}},"30":{"start":{"line":84,"column":20},"end":{"line":111,"column":21}},"31":{"start":{"line":87,"column":24},"end":{"line":90,"column":35}},"32":{"start":{"line":91,"column":24},"end":{"line":91,"column":30}},"33":{"start":{"line":94,"column":24},"end":{"line":97,"column":35}},"34":{"start":{"line":98,"column":24},"end":{"line":98,"column":30}},"35":{"start":{"line":110,"column":24},"end":{"line":110,"column":39}},"36":{"start":{"line":113,"column":20},"end":{"line":113,"column":41}},"37":{"start":{"line":116,"column":12},"end":{"line":116,"column":21}},"38":{"start":{"line":119,"column":4},"end":{"line":153,"column":5}},"39":{"start":{"line":126,"column":8},"end":{"line":126,"column":14}},"40":{"start":{"line":133,"column":8},"end":{"line":151,"column":10}},"41":{"start":{"line":138,"column":12},"end":{"line":138,"column":26}},"42":{"start":{"line":139,"column":12},"end":{"line":139,"column":58}},"43":{"start":{"line":140,"column":12},"end":{"line":140,"column":35}},"44":{"start":{"line":142,"column":12},"end":{"line":142,"column":35}},"45":{"start":{"line":143,"column":12},"end":{"line":149,"column":26}},"46":{"start":{"line":150,"column":12},"end":{"line":150,"column":24}},"47":{"start":{"line":152,"column":8},"end":{"line":152,"column":14}},"48":{"start":{"line":154,"column":4},"end":{"line":381,"column":5}},"49":{"start":{"line":161,"column":8},"end":{"line":161,"column":29}},"50":{"start":{"line":163,"column":8},"end":{"line":163,"column":38}},"51":{"start":{"line":164,"column":8},"end":{"line":164,"column":14}},"52":{"start":{"line":171,"column":8},"end":{"line":171,"column":29}},"53":{"start":{"line":173,"column":8},"end":{"line":173,"column":33}},"54":{"start":{"line":174,"column":8},"end":{"line":174,"column":43}},"55":{"start":{"line":175,"column":8},"end":{"line":175,"column":37}},"56":{"start":{"line":176,"column":8},"end":{"line":176,"column":89}},"57":{"start":{"line":177,"column":8},"end":{"line":177,"column":59}},"58":{"start":{"line":178,"column":8},"end":{"line":178,"column":35}},"59":{"start":{"line":179,"column":8},"end":{"line":179,"column":45}},"60":{"start":{"line":181,"column":8},"end":{"line":181,"column":44}},"61":{"start":{"line":182,"column":8},"end":{"line":196,"column":11}},"62":{"start":{"line":185,"column":16},"end":{"line":194,"column":18}},"63":{"start":{"line":189,"column":24},"end":{"line":189,"column":61}},"64":{"start":{"line":190,"column":24},"end":{"line":190,"column":43}},"65":{"start":{"line":191,"column":24},"end":{"line":191,"column":34}},"66":{"start":{"line":192,"column":24},"end":{"line":192,"column":49}},"67":{"start":{"line":198,"column":8},"end":{"line":213,"column":11}},"68":{"start":{"line":215,"column":8},"end":{"line":229,"column":11}},"69":{"start":{"line":231,"column":8},"end":{"line":241,"column":11}},"70":{"start":{"line":243,"column":8},"end":{"line":307,"column":11}},"71":{"start":{"line":308,"column":8},"end":{"line":312,"column":11}},"72":{"start":{"line":311,"column":12},"end":{"line":311,"column":86}},"73":{"start":{"line":314,"column":8},"end":{"line":319,"column":90}},"74":{"start":{"line":320,"column":8},"end":{"line":324,"column":10}},"75":{"start":{"line":325,"column":8},"end":{"line":329,"column":10}},"76":{"start":{"line":331,"column":8},"end":{"line":360,"column":43}},"77":{"start":{"line":337,"column":16},"end":{"line":348,"column":17}},"78":{"start":{"line":339,"column":20},"end":{"line":347,"column":23}},"79":{"start":{"line":349,"column":16},"end":{"line":358,"column":17}},"80":{"start":{"line":353,"column":20},"end":{"line":353,"column":78}},"81":{"start":{"line":354,"column":20},"end":{"line":354,"column":26}},"82":{"start":{"line":357,"column":20},"end":{"line":357,"column":37}},"83":{"start":{"line":362,"column":8},"end":{"line":362,"column":67}},"84":{"start":{"line":364,"column":8},"end":{"line":364,"column":44}},"85":{"start":{"line":366,"column":8},"end":{"line":377,"column":11}},"86":{"start":{"line":367,"column":12},"end":{"line":367,"column":42}},"87":{"start":{"line":369,"column":12},"end":{"line":369,"column":55}},"88":{"start":{"line":370,"column":12},"end":{"line":376,"column":13}},"89":{"start":{"line":374,"column":16},"end":{"line":374,"column":92}},"90":{"start":{"line":375,"column":16},"end":{"line":375,"column":22}},"91":{"start":{"line":379,"column":8},"end":{"line":379,"column":35}},"92":{"start":{"line":380,"column":8},"end":{"line":380,"column":14}},"93":{"start":{"line":384,"column":4},"end":{"line":384,"column":14}},"94":{"start":{"line":389,"column":4},"end":{"line":420,"column":9}},"95":{"start":{"line":391,"column":8},"end":{"line":391,"column":19}},"96":{"start":{"line":392,"column":8},"end":{"line":403,"column":13}},"97":{"start":{"line":393,"column":12},"end":{"line":402,"column":13}},"98":{"start":{"line":394,"column":16},"end":{"line":397,"column":27}},"99":{"start":{"line":399,"column":16},"end":{"line":401,"column":30}},"100":{"start":{"line":405,"column":8},"end":{"line":407,"column":21}},"101":{"start":{"line":409,"column":8},"end":{"line":411,"column":34}},"102":{"start":{"line":413,"column":8},"end":{"line":413,"column":65}},"103":{"start":{"line":415,"column":8},"end":{"line":415,"column":61}},"104":{"start":{"line":417,"column":8},"end":{"line":419,"column":36}},"105":{"start":{"line":421,"column":4},"end":{"line":421,"column":17}}},"branchMap":{"1":{"line":45,"type":"cond-expr","locations":[{"start":{"line":46,"column":6},"end":{"line":46,"column":14}},{"start":{"line":47,"column":6},"end":{"line":47,"column":18}}]},"2":{"line":48,"type":"switch","locations":[{"start":{"line":49,"column":0},"end":{"line":62,"column":10}}]},"3":{"line":83,"type":"cond-expr","locations":[{"start":{"line":83,"column":56},"end":{"line":83,"column":58}},{"start":{"line":83,"column":61},"end":{"line":83,"column":73}}]},"4":{"line":84,"type":"switch","locations":[{"start":{"line":85,"column":20},"end":{"line":91,"column":30}},{"start":{"line":92,"column":20},"end":{"line":98,"column":30}},{"start":{"line":109,"column":20},"end":{"line":110,"column":39}}]},"5":{"line":119,"type":"switch","locations":[{"start":{"line":124,"column":4},"end":{"line":126,"column":14}},{"start":{"line":131,"column":4},"end":{"line":152,"column":14}}]},"6":{"line":154,"type":"switch","locations":[{"start":{"line":159,"column":4},"end":{"line":164,"column":14}},{"start":{"line":169,"column":4},"end":{"line":380,"column":14}}]},"7":{"line":186,"type":"binary-expr","locations":[{"start":{"line":186,"column":20},"end":{"line":186,"column":54}},{"start":{"line":186,"column":58},"end":{"line":186,"column":90}}]},"8":{"line":337,"type":"if","locations":[{"start":{"line":337,"column":16},"end":{"line":337,"column":16}},{"start":{"line":337,"column":16},"end":{"line":337,"column":16}}]},"9":{"line":349,"type":"switch","locations":[{"start":{"line":351,"column":16},"end":{"line":351,"column":25}},{"start":{"line":352,"column":16},"end":{"line":354,"column":26}},{"start":{"line":356,"column":16},"end":{"line":357,"column":37}}]},"10":{"line":370,"type":"switch","locations":[{"start":{"line":371,"column":12},"end":{"line":371,"column":23}},{"start":{"line":372,"column":12},"end":{"line":375,"column":22}}]},"11":{"line":394,"type":"binary-expr","locations":[{"start":{"line":394,"column":23},"end":{"line":394,"column":37}},{"start":{"line":395,"column":20},"end":{"line":395,"column":61}},{"start":{"line":396,"column":20},"end":{"line":396,"column":70}},{"start":{"line":397,"column":20},"end":{"line":397,"column":26}}]},"12":{"line":399,"type":"binary-expr","locations":[{"start":{"line":399,"column":23},"end":{"line":399,"column":62}},{"start":{"line":400,"column":20},"end":{"line":400,"column":70}},{"start":{"line":401,"column":20},"end":{"line":401,"column":29}}]},"13":{"line":405,"type":"cond-expr","locations":[{"start":{"line":406,"column":14},"end":{"line":406,"column":20}},{"start":{"line":407,"column":14},"end":{"line":407,"column":20}}]},"14":{"line":409,"type":"cond-expr","locations":[{"start":{"line":410,"column":14},"end":{"line":410,"column":29}},{"start":{"line":411,"column":14},"end":{"line":411,"column":33}}]},"15":{"line":417,"type":"cond-expr","locations":[{"start":{"line":418,"column":14},"end":{"line":418,"column":25}},{"start":{"line":419,"column":14},"end":{"line":419,"column":35}}]}}},"/home/travis/build/kaizhu256/node-cms2/index.js":{"path":"/home/travis/build/kaizhu256/node-cms2/index.js","s":{"1":1,"2":1,"3":1,"4":80,"5":80,"6":1,"7":0,"8":0,"9":0,"10":0,"11":0,"12":1,"13":0,"14":0,"15":0,"16":0,"17":0,"18":1,"19":0,"20":0,"21":0,"22":0,"23":1,"24":0,"25":0,"26":0,"27":0,"28":0,"29":0,"30":0,"31":0,"32":0,"33":0,"34":1,"35":0,"36":0,"37":0,"38":0,"39":0,"40":0,"41":0,"42":0,"43":0,"44":0,"45":0,"46":0,"47":0,"48":0,"49":0,"50":0,"51":0,"52":0,"53":0,"54":0,"55":0,"56":0,"57":0,"58":0,"59":0,"60":0,"61":0,"62":0,"63":0,"64":0,"65":0,"66":0,"67":0,"68":0,"69":0,"70":0,"71":0,"72":0,"73":0,"74":0,"75":0,"76":0,"77":0,"78":0,"79":0,"80":0,"81":0,"82":0,"83":0,"84":1,"85":0,"86":1,"87":1,"88":4,"89":4,"90":4,"91":743,"92":739,"93":739,"94":32,"95":32,"96":32,"97":739,"98":340,"99":4,"100":4,"101":4,"102":30,"103":30,"104":30,"105":30,"106":30,"107":189,"108":60,"109":30,"110":30,"111":30,"112":30,"113":30,"114":4,"115":848,"116":385,"117":1013,"118":169,"119":4,"120":4,"121":8,"122":10,"123":4,"124":10,"125":4,"126":4,"127":16,"128":176,"129":176,"130":80,"131":4,"132":4,"133":4,"134":4,"135":4,"136":4,"137":0,"138":0,"139":4,"140":4,"141":0,"142":4,"143":0,"144":4,"145":4,"146":2,"147":2,"148":4,"149":1,"150":2,"151":2,"152":2,"153":4,"154":4,"155":4,"156":2,"157":0,"158":0,"159":0,"160":0,"161":2,"162":2,"163":2,"164":0,"165":0,"166":0,"167":0,"168":0,"169":0,"170":0,"171":0,"172":0,"173":2,"174":2,"175":2,"176":0,"177":0,"178":0,"179":0,"180":0,"181":0,"182":0,"183":0,"184":0,"185":0,"186":0,"187":0,"188":0,"189":0,"190":0,"191":0,"192":0,"193":0,"194":0,"195":0,"196":0,"197":0,"198":0,"199":0,"200":0,"201":0,"202":0,"203":0,"204":0,"205":0,"206":0,"207":0,"208":0,"209":0,"210":0,"211":0,"212":0,"213":0,"214":0,"215":0,"216":0,"217":0,"218":0,"219":0,"220":0,"221":0,"222":0,"223":0,"224":0,"225":0,"226":0,"227":0,"228":0,"229":2,"230":1,"231":0,"232":0,"233":0,"234":0,"235":0,"236":0,"237":0,"238":0,"239":0,"240":0,"241":0,"242":0,"243":0,"244":0,"245":0,"246":0,"247":0,"248":0,"249":0,"250":0,"251":0,"252":0,"253":0,"254":0,"255":0,"256":0,"257":0,"258":0,"259":0,"260":0,"261":0,"262":0,"263":0,"264":0,"265":0,"266":0,"267":0,"268":0,"269":0,"270":0,"271":0,"272":0,"273":0,"274":0,"275":0,"276":0,"277":0,"278":0,"279":0,"280":0,"281":0,"282":0,"283":0,"284":0,"285":0,"286":0,"287":1,"288":0,"289":0,"290":0,"291":0,"292":0,"293":0,"294":1,"295":1,"296":0,"297":0,"298":0,"299":0,"300":0,"301":0,"302":0,"303":0,"304":0,"305":1,"306":0,"307":0,"308":1,"309":0,"310":0,"311":1,"312":1,"313":0,"314":0,"315":0,"316":1,"317":1,"318":1,"319":1,"320":1,"321":1,"322":1,"323":1,"324":1,"325":1,"326":1,"327":1,"328":1,"329":1,"330":1,"331":1,"332":1,"333":1,"334":1,"335":1,"336":1,"337":1,"338":1,"339":1,"340":1,"341":1,"342":0,"343":1,"344":1,"345":1},"b":{"1":[80,80],"2":[0,0],"3":[0,0],"4":[0,0],"5":[0,0],"6":[0,0],"7":[0,0],"8":[0,0],"9":[0,0],"10":[0,0],"11":[0,0],"12":[0,0],"13":[0,0],"14":[0,0],"15":[0,0,0,0],"16":[0,0],"17":[0,0],"18":[0,0,0,0,0],"19":[0,0],"20":[0,0],"21":[0,0],"22":[0,0,0,0,0,0,0],"23":[0,0],"24":[0,0],"25":[0,0],"26":[0,0,0,0],"27":[0,0],"28":[0,0],"29":[1],"30":[4,4],"31":[324,419],"32":[743,743],"33":[32,707],"34":[32,0],"35":[340,399],"36":[4,1],"37":[60,129],"38":[189,129],"39":[60,60],"40":[30,1],"41":[385,463],"42":[848,848],"43":[169,844],"44":[8,0],"45":[176,96],"46":[80,0],"47":[0,4],"48":[0,4],"49":[4,0,0],"50":[0,4],"51":[4,0,0],"52":[0,4],"53":[4,0,0],"54":[4,4,3],"55":[0,4],"56":[2,2,0,0,0,0,0,0,0],"57":[0,0,0,0,0,0,0,0,0,2],"58":[0,2],"59":[0],"60":[0,0],"61":[0,0],"62":[0,0],"63":[2,0],"64":[0,0],"65":[0,0],"66":[0,0,0],"67":[0,0],"68":[0,0,0,0],"69":[0,0,0],"70":[0,0],"71":[0,0],"72":[0,0],"73":[0,0],"74":[0,0],"75":[0,0,0],"76":[0,0,0,0,0,0,0,0],"77":[0,0,0,0,0,0],"78":[0,0],"79":[0,0,0,0],"80":[0,0],"81":[0,0],"82":[0,1],"83":[1,1],"84":[1,1,1,1],"85":[0,0,0],"86":[0,1]},"f":{"1":1,"2":1,"3":80,"4":0,"5":0,"6":0,"7":0,"8":0,"9":0,"10":0,"11":0,"12":0,"13":0,"14":0,"15":4,"16":743,"17":739,"18":30,"19":30,"20":189,"21":848,"22":1013,"23":8,"24":10,"25":10,"26":16,"27":176,"28":80,"29":4,"30":4,"31":0,"32":2,"33":2,"34":4,"35":0,"36":0,"37":0,"38":0,"39":0,"40":0,"41":0,"42":0,"43":0,"44":0,"45":0,"46":0,"47":1,"48":1,"49":1},"fnMap":{"1":{"name":"(anonymous_1)","line":9,"loc":{"start":{"line":9,"column":1},"end":{"line":9,"column":18}}},"2":{"name":"(anonymous_2)","line":15,"loc":{"start":{"line":15,"column":5},"end":{"line":15,"column":17}}},"3":{"name":"(anonymous_3)","line":16,"loc":{"start":{"line":16,"column":38},"end":{"line":16,"column":54}}},"4":{"name":"(anonymous_4)","line":27,"loc":{"start":{"line":27,"column":45},"end":{"line":27,"column":61}}},"5":{"name":"(anonymous_5)","line":31,"loc":{"start":{"line":31,"column":48},"end":{"line":31,"column":67}}},"6":{"name":"(anonymous_6)","line":40,"loc":{"start":{"line":40,"column":45},"end":{"line":40,"column":61}}},"7":{"name":"(anonymous_7)","line":44,"loc":{"start":{"line":44,"column":48},"end":{"line":44,"column":67}}},"8":{"name":"(anonymous_8)","line":53,"loc":{"start":{"line":53,"column":36},"end":{"line":53,"column":55}}},"9":{"name":"(anonymous_9)","line":65,"loc":{"start":{"line":65,"column":35},"end":{"line":65,"column":54}}},"10":{"name":"(anonymous_10)","line":72,"loc":{"start":{"line":72,"column":56},"end":{"line":72,"column":71}}},"11":{"name":"(anonymous_11)","line":90,"loc":{"start":{"line":90,"column":43},"end":{"line":90,"column":62}}},"12":{"name":"(anonymous_12)","line":96,"loc":{"start":{"line":96,"column":21},"end":{"line":96,"column":38}}},"13":{"name":"(anonymous_13)","line":130,"loc":{"start":{"line":130,"column":29},"end":{"line":130,"column":48}}},"14":{"name":"(anonymous_14)","line":192,"loc":{"start":{"line":192,"column":33},"end":{"line":192,"column":55}}},"15":{"name":"(anonymous_15)","line":205,"loc":{"start":{"line":205,"column":33},"end":{"line":205,"column":52}}},"16":{"name":"(anonymous_16)","line":378,"loc":{"start":{"line":378,"column":39},"end":{"line":378,"column":58}}},"17":{"name":"(anonymous_17)","line":381,"loc":{"start":{"line":381,"column":22},"end":{"line":381,"column":37}}},"18":{"name":"(anonymous_18)","line":402,"loc":{"start":{"line":402,"column":35},"end":{"line":402,"column":51}}},"19":{"name":"(anonymous_19)","line":403,"loc":{"start":{"line":403,"column":45},"end":{"line":403,"column":63}}},"20":{"name":"(anonymous_20)","line":421,"loc":{"start":{"line":421,"column":37},"end":{"line":421,"column":52}}},"21":{"name":"(anonymous_21)","line":439,"loc":{"start":{"line":439,"column":68},"end":{"line":439,"column":87}}},"22":{"name":"(anonymous_22)","line":441,"loc":{"start":{"line":441,"column":41},"end":{"line":441,"column":56}}},"23":{"name":"(anonymous_23)","line":453,"loc":{"start":{"line":453,"column":53},"end":{"line":453,"column":69}}},"24":{"name":"(anonymous_24)","line":454,"loc":{"start":{"line":454,"column":25},"end":{"line":454,"column":44}}},"25":{"name":"(anonymous_25)","line":462,"loc":{"start":{"line":462,"column":9},"end":{"line":462,"column":24}}},"26":{"name":"(anonymous_26)","line":468,"loc":{"start":{"line":468,"column":21},"end":{"line":468,"column":33}}},"27":{"name":"(anonymous_27)","line":469,"loc":{"start":{"line":469,"column":60},"end":{"line":469,"column":77}}},"28":{"name":"(anonymous_28)","line":474,"loc":{"start":{"line":474,"column":21},"end":{"line":474,"column":40}}},"29":{"name":"(anonymous_29)","line":484,"loc":{"start":{"line":484,"column":3},"end":{"line":484,"column":15}}},"30":{"name":"(anonymous_30)","line":490,"loc":{"start":{"line":490,"column":31},"end":{"line":490,"column":56}}},"31":{"name":"(anonymous_31)","line":500,"loc":{"start":{"line":500,"column":42},"end":{"line":500,"column":61}}},"32":{"name":"(anonymous_32)","line":515,"loc":{"start":{"line":515,"column":14},"end":{"line":515,"column":31}}},"33":{"name":"(anonymous_33)","line":527,"loc":{"start":{"line":527,"column":32},"end":{"line":527,"column":77}}},"34":{"name":"(anonymous_34)","line":533,"loc":{"start":{"line":533,"column":21},"end":{"line":533,"column":38}}},"35":{"name":"(anonymous_35)","line":608,"loc":{"start":{"line":608,"column":37},"end":{"line":608,"column":56}}},"36":{"name":"(anonymous_36)","line":613,"loc":{"start":{"line":613,"column":39},"end":{"line":613,"column":56}}},"37":{"name":"(anonymous_37)","line":618,"loc":{"start":{"line":618,"column":50},"end":{"line":618,"column":73}}},"38":{"name":"(anonymous_38)","line":639,"loc":{"start":{"line":639,"column":31},"end":{"line":639,"column":48}}},"39":{"name":"(anonymous_39)","line":667,"loc":{"start":{"line":667,"column":11},"end":{"line":667,"column":42}}},"40":{"name":"(anonymous_40)","line":717,"loc":{"start":{"line":717,"column":43},"end":{"line":717,"column":88}}},"41":{"name":"(anonymous_41)","line":723,"loc":{"start":{"line":723,"column":21},"end":{"line":723,"column":44}}},"42":{"name":"(anonymous_42)","line":852,"loc":{"start":{"line":852,"column":37},"end":{"line":852,"column":89}}},"43":{"name":"(anonymous_43)","line":877,"loc":{"start":{"line":877,"column":41},"end":{"line":877,"column":86}}},"44":{"name":"(anonymous_44)","line":883,"loc":{"start":{"line":883,"column":21},"end":{"line":883,"column":38}}},"45":{"name":"(anonymous_45)","line":898,"loc":{"start":{"line":898,"column":41},"end":{"line":898,"column":86}}},"46":{"name":"(anonymous_46)","line":907,"loc":{"start":{"line":907,"column":42},"end":{"line":907,"column":87}}},"47":{"name":"(anonymous_47)","line":1136,"loc":{"start":{"line":1136,"column":3},"end":{"line":1136,"column":15}}},"48":{"name":"(anonymous_48)","line":1143,"loc":{"start":{"line":1143,"column":5},"end":{"line":1143,"column":17}}},"49":{"name":"(anonymous_49)","line":1146,"loc":{"start":{"line":1146,"column":24},"end":{"line":1146,"column":36}}}},"statementMap":{"1":{"start":{"line":9,"column":0},"end":{"line":1166,"column":7}},"2":{"start":{"line":15,"column":4},"end":{"line":198,"column":9}},"3":{"start":{"line":16,"column":8},"end":{"line":25,"column":10}},"4":{"start":{"line":20,"column":12},"end":{"line":24,"column":13}},"5":{"start":{"line":21,"column":16},"end":{"line":22,"column":77}},"6":{"start":{"line":27,"column":8},"end":{"line":38,"column":10}},"7":{"start":{"line":31,"column":12},"end":{"line":36,"column":18}},"8":{"start":{"line":32,"column":16},"end":{"line":35,"column":17}},"9":{"start":{"line":33,"column":20},"end":{"line":33,"column":60}},"10":{"start":{"line":34,"column":20},"end":{"line":34,"column":38}},"11":{"start":{"line":37,"column":12},"end":{"line":37,"column":24}},"12":{"start":{"line":40,"column":8},"end":{"line":51,"column":10}},"13":{"start":{"line":44,"column":12},"end":{"line":49,"column":18}},"14":{"start":{"line":45,"column":16},"end":{"line":48,"column":17}},"15":{"start":{"line":46,"column":20},"end":{"line":46,"column":59}},"16":{"start":{"line":47,"column":20},"end":{"line":47,"column":39}},"17":{"start":{"line":50,"column":12},"end":{"line":50,"column":24}},"18":{"start":{"line":53,"column":8},"end":{"line":63,"column":10}},"19":{"start":{"line":57,"column":12},"end":{"line":57,"column":21}},"20":{"start":{"line":58,"column":12},"end":{"line":58,"column":38}},"21":{"start":{"line":60,"column":12},"end":{"line":60,"column":94}},"22":{"start":{"line":62,"column":12},"end":{"line":62,"column":58}},"23":{"start":{"line":65,"column":8},"end":{"line":88,"column":10}},"24":{"start":{"line":69,"column":12},"end":{"line":69,"column":28}},"25":{"start":{"line":70,"column":12},"end":{"line":70,"column":32}},"26":{"start":{"line":71,"column":12},"end":{"line":71,"column":40}},"27":{"start":{"line":72,"column":12},"end":{"line":86,"column":15}},"28":{"start":{"line":73,"column":16},"end":{"line":85,"column":17}},"29":{"start":{"line":74,"column":20},"end":{"line":79,"column":23}},"30":{"start":{"line":81,"column":20},"end":{"line":82,"column":53}},"31":{"start":{"line":83,"column":20},"end":{"line":83,"column":87}},"32":{"start":{"line":84,"column":20},"end":{"line":84,"column":38}},"33":{"start":{"line":87,"column":12},"end":{"line":87,"column":24}},"34":{"start":{"line":90,"column":8},"end":{"line":190,"column":10}},"35":{"start":{"line":95,"column":12},"end":{"line":95,"column":58}},"36":{"start":{"line":96,"column":12},"end":{"line":101,"column":14}},"37":{"start":{"line":97,"column":16},"end":{"line":100,"column":17}},"38":{"start":{"line":98,"column":20},"end":{"line":99,"column":68}},"39":{"start":{"line":102,"column":12},"end":{"line":102,"column":46}},"40":{"start":{"line":103,"column":12},"end":{"line":103,"column":32}},"41":{"start":{"line":104,"column":12},"end":{"line":104,"column":95}},"42":{"start":{"line":105,"column":12},"end":{"line":105,"column":45}},"43":{"start":{"line":107,"column":12},"end":{"line":115,"column":13}},"44":{"start":{"line":110,"column":16},"end":{"line":114,"column":17}},"45":{"start":{"line":111,"column":20},"end":{"line":111,"column":44}},"46":{"start":{"line":113,"column":20},"end":{"line":113,"column":33}},"47":{"start":{"line":117,"column":12},"end":{"line":123,"column":13}},"48":{"start":{"line":118,"column":16},"end":{"line":121,"column":17}},"49":{"start":{"line":119,"column":20},"end":{"line":120,"column":66}},"50":{"start":{"line":122,"column":16},"end":{"line":122,"column":28}},"51":{"start":{"line":126,"column":12},"end":{"line":182,"column":13}},"52":{"start":{"line":128,"column":16},"end":{"line":128,"column":44}},"53":{"start":{"line":130,"column":16},"end":{"line":136,"column":19}},"54":{"start":{"line":131,"column":20},"end":{"line":135,"column":23}},"55":{"start":{"line":137,"column":16},"end":{"line":137,"column":22}},"56":{"start":{"line":139,"column":16},"end":{"line":139,"column":50}},"57":{"start":{"line":140,"column":16},"end":{"line":140,"column":22}},"58":{"start":{"line":142,"column":16},"end":{"line":142,"column":22}},"59":{"start":{"line":144,"column":16},"end":{"line":144,"column":72}},"60":{"start":{"line":145,"column":16},"end":{"line":149,"column":17}},"61":{"start":{"line":148,"column":20},"end":{"line":148,"column":26}},"62":{"start":{"line":150,"column":16},"end":{"line":150,"column":22}},"63":{"start":{"line":152,"column":16},"end":{"line":152,"column":49}},"64":{"start":{"line":153,"column":16},"end":{"line":157,"column":17}},"65":{"start":{"line":156,"column":20},"end":{"line":156,"column":26}},"66":{"start":{"line":158,"column":16},"end":{"line":158,"column":22}},"67":{"start":{"line":160,"column":16},"end":{"line":160,"column":49}},"68":{"start":{"line":161,"column":16},"end":{"line":161,"column":22}},"69":{"start":{"line":163,"column":16},"end":{"line":163,"column":49}},"70":{"start":{"line":164,"column":16},"end":{"line":180,"column":17}},"71":{"start":{"line":167,"column":20},"end":{"line":167,"column":67}},"72":{"start":{"line":168,"column":20},"end":{"line":168,"column":26}},"73":{"start":{"line":170,"column":20},"end":{"line":170,"column":41}},"74":{"start":{"line":171,"column":20},"end":{"line":171,"column":85}},"75":{"start":{"line":172,"column":20},"end":{"line":172,"column":26}},"76":{"start":{"line":174,"column":20},"end":{"line":174,"column":41}},"77":{"start":{"line":175,"column":20},"end":{"line":175,"column":72}},"78":{"start":{"line":176,"column":20},"end":{"line":176,"column":26}},"79":{"start":{"line":178,"column":20},"end":{"line":178,"column":74}},"80":{"start":{"line":179,"column":20},"end":{"line":179,"column":26}},"81":{"start":{"line":181,"column":16},"end":{"line":181,"column":22}},"82":{"start":{"line":184,"column":12},"end":{"line":188,"column":15}},"83":{"start":{"line":189,"column":12},"end":{"line":189,"column":24}},"84":{"start":{"line":192,"column":8},"end":{"line":197,"column":10}},"85":{"start":{"line":196,"column":12},"end":{"line":196,"column":87}},"86":{"start":{"line":199,"column":4},"end":{"line":916,"column":5}},"87":{"start":{"line":205,"column":8},"end":{"line":525,"column":10}},"88":{"start":{"line":215,"column":0},"end":{"line":215,"column":27}},"89":{"start":{"line":216,"column":0},"end":{"line":376,"column":6}},"90":{"start":{"line":378,"column":0},"end":{"line":395,"column":6}},"91":{"start":{"line":379,"column":4},"end":{"line":394,"column":7}},"92":{"start":{"line":382,"column":8},"end":{"line":382,"column":56}},"93":{"start":{"line":383,"column":8},"end":{"line":390,"column":9}},"94":{"start":{"line":385,"column":12},"end":{"line":387,"column":13}},"95":{"start":{"line":386,"column":16},"end":{"line":386,"column":44}},"96":{"start":{"line":389,"column":12},"end":{"line":389,"column":32}},"97":{"start":{"line":391,"column":8},"end":{"line":393,"column":9}},"98":{"start":{"line":392,"column":12},"end":{"line":392,"column":78}},"99":{"start":{"line":398,"column":0},"end":{"line":398,"column":50}},"100":{"start":{"line":400,"column":0},"end":{"line":400,"column":91}},"101":{"start":{"line":402,"column":0},"end":{"line":434,"column":3}},"102":{"start":{"line":403,"column":4},"end":{"line":433,"column":7}},"103":{"start":{"line":404,"column":8},"end":{"line":404,"column":49}},"104":{"start":{"line":406,"column":8},"end":{"line":417,"column":16}},"105":{"start":{"line":419,"column":8},"end":{"line":419,"column":52}},"106":{"start":{"line":421,"column":8},"end":{"line":425,"column":11}},"107":{"start":{"line":422,"column":12},"end":{"line":424,"column":13}},"108":{"start":{"line":423,"column":16},"end":{"line":423,"column":66}},"109":{"start":{"line":426,"column":8},"end":{"line":426,"column":36}},"110":{"start":{"line":427,"column":8},"end":{"line":427,"column":32}},"111":{"start":{"line":428,"column":8},"end":{"line":428,"column":71}},"112":{"start":{"line":430,"column":8},"end":{"line":430,"column":76}},"113":{"start":{"line":432,"column":8},"end":{"line":432,"column":82}},"114":{"start":{"line":436,"column":0},"end":{"line":450,"column":2}},"115":{"start":{"line":440,"column":8},"end":{"line":447,"column":9}},"116":{"start":{"line":441,"column":12},"end":{"line":446,"column":15}},"117":{"start":{"line":443,"column":16},"end":{"line":445,"column":17}},"118":{"start":{"line":444,"column":20},"end":{"line":444,"column":40}},"119":{"start":{"line":452,"column":0},"end":{"line":452,"column":9}},"120":{"start":{"line":453,"column":0},"end":{"line":457,"column":3}},"121":{"start":{"line":454,"column":4},"end":{"line":456,"column":7}},"122":{"start":{"line":455,"column":8},"end":{"line":455,"column":36}},"123":{"start":{"line":458,"column":0},"end":{"line":464,"column":7}},"124":{"start":{"line":463,"column":8},"end":{"line":463,"column":24}},"125":{"start":{"line":466,"column":0},"end":{"line":466,"column":73}},"126":{"start":{"line":468,"column":0},"end":{"line":480,"column":3}},"127":{"start":{"line":469,"column":4},"end":{"line":479,"column":7}},"128":{"start":{"line":470,"column":8},"end":{"line":470,"column":58}},"129":{"start":{"line":472,"column":8},"end":{"line":478,"column":15}},"130":{"start":{"line":475,"column":16},"end":{"line":477,"column":22}},"131":{"start":{"line":481,"column":0},"end":{"line":481,"column":36}},"132":{"start":{"line":482,"column":0},"end":{"line":520,"column":3}},"133":{"start":{"line":485,"column":4},"end":{"line":485,"column":32}},"134":{"start":{"line":487,"column":4},"end":{"line":487,"column":66}},"135":{"start":{"line":489,"column":4},"end":{"line":507,"column":11}},"136":{"start":{"line":491,"column":12},"end":{"line":494,"column":13}},"137":{"start":{"line":492,"column":16},"end":{"line":492,"column":53}},"138":{"start":{"line":493,"column":16},"end":{"line":493,"column":23}},"139":{"start":{"line":495,"column":12},"end":{"line":495,"column":50}},"140":{"start":{"line":496,"column":12},"end":{"line":503,"column":15}},"141":{"start":{"line":501,"column":16},"end":{"line":502,"column":76}},"142":{"start":{"line":504,"column":12},"end":{"line":506,"column":13}},"143":{"start":{"line":505,"column":16},"end":{"line":505,"column":58}},"144":{"start":{"line":511,"column":4},"end":{"line":511,"column":86}},"145":{"start":{"line":513,"column":4},"end":{"line":518,"column":7}},"146":{"start":{"line":516,"column":8},"end":{"line":516,"column":44}},"147":{"start":{"line":517,"column":8},"end":{"line":517,"column":75}},"148":{"start":{"line":519,"column":4},"end":{"line":519,"column":29}},"149":{"start":{"line":527,"column":8},"end":{"line":715,"column":10}},"150":{"start":{"line":531,"column":12},"end":{"line":531,"column":58}},"151":{"start":{"line":532,"column":12},"end":{"line":532,"column":25}},"152":{"start":{"line":533,"column":12},"end":{"line":713,"column":14}},"153":{"start":{"line":534,"column":16},"end":{"line":712,"column":17}},"154":{"start":{"line":540,"column":0},"end":{"line":542,"column":19}},"155":{"start":{"line":543,"column":0},"end":{"line":709,"column":21}},"156":{"start":{"line":546,"column":4},"end":{"line":562,"column":5}},"157":{"start":{"line":549,"column":8},"end":{"line":549,"column":75}},"158":{"start":{"line":550,"column":8},"end":{"line":550,"column":15}},"159":{"start":{"line":558,"column":8},"end":{"line":558,"column":71}},"160":{"start":{"line":559,"column":8},"end":{"line":559,"column":15}},"161":{"start":{"line":561,"column":8},"end":{"line":561,"column":17}},"162":{"start":{"line":563,"column":4},"end":{"line":563,"column":10}},"163":{"start":{"line":565,"column":4},"end":{"line":583,"column":5}},"164":{"start":{"line":567,"column":8},"end":{"line":568,"column":58}},"165":{"start":{"line":569,"column":8},"end":{"line":574,"column":9}},"166":{"start":{"line":572,"column":12},"end":{"line":572,"column":86}},"167":{"start":{"line":573,"column":12},"end":{"line":573,"column":19}},"168":{"start":{"line":576,"column":8},"end":{"line":582,"column":9}},"169":{"start":{"line":577,"column":12},"end":{"line":577,"column":68}},"170":{"start":{"line":578,"column":12},"end":{"line":580,"column":13}},"171":{"start":{"line":579,"column":16},"end":{"line":579,"column":22}},"172":{"start":{"line":581,"column":12},"end":{"line":581,"column":54}},"173":{"start":{"line":585,"column":4},"end":{"line":588,"column":5}},"174":{"start":{"line":586,"column":8},"end":{"line":586,"column":25}},"175":{"start":{"line":587,"column":8},"end":{"line":587,"column":15}},"176":{"start":{"line":590,"column":4},"end":{"line":590,"column":34}},"177":{"start":{"line":592,"column":4},"end":{"line":592,"column":65}},"178":{"start":{"line":595,"column":4},"end":{"line":595,"column":34}},"179":{"start":{"line":596,"column":4},"end":{"line":596,"column":61}},"180":{"start":{"line":597,"column":4},"end":{"line":597,"column":13}},"181":{"start":{"line":598,"column":4},"end":{"line":598,"column":10}},"182":{"start":{"line":600,"column":4},"end":{"line":600,"column":49}},"183":{"start":{"line":601,"column":4},"end":{"line":601,"column":27}},"184":{"start":{"line":603,"column":4},"end":{"line":603,"column":27}},"185":{"start":{"line":605,"column":4},"end":{"line":607,"column":20}},"186":{"start":{"line":608,"column":4},"end":{"line":612,"column":7}},"187":{"start":{"line":609,"column":8},"end":{"line":611,"column":9}},"188":{"start":{"line":610,"column":12},"end":{"line":610,"column":58}},"189":{"start":{"line":613,"column":4},"end":{"line":634,"column":7}},"190":{"start":{"line":614,"column":8},"end":{"line":631,"column":9}},"191":{"start":{"line":617,"column":12},"end":{"line":617,"column":35}},"192":{"start":{"line":618,"column":12},"end":{"line":621,"column":15}},"193":{"start":{"line":619,"column":16},"end":{"line":619,"column":61}},"194":{"start":{"line":620,"column":16},"end":{"line":620,"column":33}},"195":{"start":{"line":622,"column":12},"end":{"line":622,"column":18}},"196":{"start":{"line":625,"column":12},"end":{"line":625,"column":72}},"197":{"start":{"line":626,"column":12},"end":{"line":626,"column":18}},"198":{"start":{"line":629,"column":12},"end":{"line":629,"column":80}},"199":{"start":{"line":630,"column":12},"end":{"line":630,"column":18}},"200":{"start":{"line":633,"column":8},"end":{"line":633,"column":87}},"201":{"start":{"line":635,"column":4},"end":{"line":635,"column":16}},"202":{"start":{"line":636,"column":4},"end":{"line":636,"column":10}},"203":{"start":{"line":639,"column":4},"end":{"line":648,"column":7}},"204":{"start":{"line":641,"column":8},"end":{"line":647,"column":11}},"205":{"start":{"line":650,"column":4},"end":{"line":650,"column":58}},"206":{"start":{"line":653,"column":4},"end":{"line":659,"column":15}},"207":{"start":{"line":661,"column":4},"end":{"line":662,"column":70}},"208":{"start":{"line":664,"column":4},"end":{"line":674,"column":5}},"209":{"start":{"line":665,"column":8},"end":{"line":672,"column":11}},"210":{"start":{"line":669,"column":12},"end":{"line":669,"column":38}},"211":{"start":{"line":670,"column":12},"end":{"line":670,"column":54}},"212":{"start":{"line":671,"column":12},"end":{"line":671,"column":21}},"213":{"start":{"line":673,"column":8},"end":{"line":673,"column":15}},"214":{"start":{"line":675,"column":4},"end":{"line":675,"column":13}},"215":{"start":{"line":676,"column":4},"end":{"line":676,"column":10}},"216":{"start":{"line":679,"column":4},"end":{"line":679,"column":63}},"217":{"start":{"line":680,"column":4},"end":{"line":680,"column":10}},"218":{"start":{"line":683,"column":4},"end":{"line":686,"column":5}},"219":{"start":{"line":684,"column":8},"end":{"line":684,"column":59}},"220":{"start":{"line":685,"column":8},"end":{"line":685,"column":15}},"221":{"start":{"line":687,"column":4},"end":{"line":687,"column":13}},"222":{"start":{"line":688,"column":4},"end":{"line":688,"column":10}},"223":{"start":{"line":691,"column":4},"end":{"line":691,"column":62}},"224":{"start":{"line":692,"column":4},"end":{"line":692,"column":10}},"225":{"start":{"line":695,"column":4},"end":{"line":701,"column":7}},"226":{"start":{"line":702,"column":4},"end":{"line":702,"column":10}},"227":{"start":{"line":704,"column":4},"end":{"line":704,"column":73}},"228":{"start":{"line":711,"column":20},"end":{"line":711,"column":95}},"229":{"start":{"line":714,"column":12},"end":{"line":714,"column":21}},"230":{"start":{"line":717,"column":8},"end":{"line":850,"column":10}},"231":{"start":{"line":721,"column":12},"end":{"line":721,"column":42}},"232":{"start":{"line":722,"column":12},"end":{"line":722,"column":25}},"233":{"start":{"line":723,"column":12},"end":{"line":848,"column":14}},"234":{"start":{"line":724,"column":16},"end":{"line":847,"column":17}},"235":{"start":{"line":725,"column":20},"end":{"line":727,"column":39}},"236":{"start":{"line":728,"column":20},"end":{"line":844,"column":21}},"237":{"start":{"line":731,"column":24},"end":{"line":731,"column":53}},"238":{"start":{"line":732,"column":24},"end":{"line":732,"column":50}},"239":{"start":{"line":734,"column":24},"end":{"line":734,"column":60}},"240":{"start":{"line":735,"column":24},"end":{"line":795,"column":25}},"241":{"start":{"line":739,"column":28},"end":{"line":739,"column":91}},"242":{"start":{"line":741,"column":28},"end":{"line":744,"column":31}},"243":{"start":{"line":746,"column":28},"end":{"line":750,"column":31}},"244":{"start":{"line":751,"column":28},"end":{"line":751,"column":47}},"245":{"start":{"line":752,"column":28},"end":{"line":752,"column":34}},"246":{"start":{"line":754,"column":28},"end":{"line":754,"column":48}},"247":{"start":{"line":755,"column":28},"end":{"line":755,"column":90}},"248":{"start":{"line":756,"column":28},"end":{"line":756,"column":34}},"249":{"start":{"line":758,"column":28},"end":{"line":758,"column":92}},"250":{"start":{"line":759,"column":28},"end":{"line":759,"column":34}},"251":{"start":{"line":761,"column":28},"end":{"line":761,"column":88}},"252":{"start":{"line":762,"column":28},"end":{"line":762,"column":34}},"253":{"start":{"line":764,"column":28},"end":{"line":768,"column":49}},"254":{"start":{"line":769,"column":28},"end":{"line":769,"column":34}},"255":{"start":{"line":772,"column":28},"end":{"line":772,"column":91}},"256":{"start":{"line":774,"column":28},"end":{"line":777,"column":31}},"257":{"start":{"line":779,"column":28},"end":{"line":783,"column":30}},"258":{"start":{"line":785,"column":28},"end":{"line":789,"column":31}},"259":{"start":{"line":790,"column":28},"end":{"line":790,"column":47}},"260":{"start":{"line":791,"column":28},"end":{"line":791,"column":34}},"261":{"start":{"line":793,"column":28},"end":{"line":794,"column":68}},"262":{"start":{"line":796,"column":24},"end":{"line":796,"column":30}},"263":{"start":{"line":798,"column":24},"end":{"line":837,"column":25}},"264":{"start":{"line":800,"column":28},"end":{"line":800,"column":48}},"265":{"start":{"line":802,"column":28},"end":{"line":802,"column":74}},"266":{"start":{"line":803,"column":28},"end":{"line":803,"column":34}},"267":{"start":{"line":805,"column":28},"end":{"line":805,"column":48}},"268":{"start":{"line":807,"column":28},"end":{"line":812,"column":30}},"269":{"start":{"line":813,"column":28},"end":{"line":813,"column":34}},"270":{"start":{"line":815,"column":28},"end":{"line":815,"column":48}},"271":{"start":{"line":816,"column":28},"end":{"line":816,"column":63}},"272":{"start":{"line":817,"column":28},"end":{"line":817,"column":37}},"273":{"start":{"line":818,"column":28},"end":{"line":818,"column":34}},"274":{"start":{"line":821,"column":28},"end":{"line":821,"column":48}},"275":{"start":{"line":822,"column":28},"end":{"line":822,"column":61}},"276":{"start":{"line":823,"column":28},"end":{"line":823,"column":37}},"277":{"start":{"line":824,"column":28},"end":{"line":824,"column":34}},"278":{"start":{"line":826,"column":28},"end":{"line":826,"column":48}},"279":{"start":{"line":828,"column":28},"end":{"line":828,"column":79}},"280":{"start":{"line":830,"column":28},"end":{"line":835,"column":30}},"281":{"start":{"line":836,"column":28},"end":{"line":836,"column":34}},"282":{"start":{"line":838,"column":24},"end":{"line":838,"column":30}},"283":{"start":{"line":840,"column":24},"end":{"line":842,"column":30}},"284":{"start":{"line":843,"column":24},"end":{"line":843,"column":46}},"285":{"start":{"line":846,"column":20},"end":{"line":846,"column":48}},"286":{"start":{"line":849,"column":12},"end":{"line":849,"column":21}},"287":{"start":{"line":852,"column":8},"end":{"line":873,"column":10}},"288":{"start":{"line":856,"column":12},"end":{"line":856,"column":49}},"289":{"start":{"line":857,"column":12},"end":{"line":860,"column":13}},"290":{"start":{"line":858,"column":16},"end":{"line":858,"column":33}},"291":{"start":{"line":859,"column":16},"end":{"line":859,"column":23}},"292":{"start":{"line":861,"column":12},"end":{"line":861,"column":76}},"293":{"start":{"line":863,"column":12},"end":{"line":872,"column":20}},"294":{"start":{"line":875,"column":8},"end":{"line":875,"column":48}},"295":{"start":{"line":877,"column":8},"end":{"line":896,"column":10}},"296":{"start":{"line":881,"column":12},"end":{"line":881,"column":33}},"297":{"start":{"line":882,"column":12},"end":{"line":882,"column":26}},"298":{"start":{"line":883,"column":12},"end":{"line":894,"column":14}},"299":{"start":{"line":884,"column":16},"end":{"line":886,"column":35}},"300":{"start":{"line":887,"column":16},"end":{"line":891,"column":17}},"301":{"start":{"line":888,"column":20},"end":{"line":889,"column":86}},"302":{"start":{"line":890,"column":20},"end":{"line":890,"column":27}},"303":{"start":{"line":893,"column":16},"end":{"line":893,"column":38}},"304":{"start":{"line":895,"column":12},"end":{"line":895,"column":21}},"305":{"start":{"line":898,"column":8},"end":{"line":905,"column":10}},"306":{"start":{"line":903,"column":12},"end":{"line":903,"column":50}},"307":{"start":{"line":904,"column":12},"end":{"line":904,"column":29}},"308":{"start":{"line":907,"column":8},"end":{"line":914,"column":10}},"309":{"start":{"line":912,"column":12},"end":{"line":912,"column":50}},"310":{"start":{"line":913,"column":12},"end":{"line":913,"column":29}},"311":{"start":{"line":915,"column":8},"end":{"line":915,"column":14}},"312":{"start":{"line":917,"column":4},"end":{"line":1135,"column":5}},"313":{"start":{"line":924,"column":8},"end":{"line":924,"column":33}},"314":{"start":{"line":926,"column":8},"end":{"line":926,"column":41}},"315":{"start":{"line":927,"column":8},"end":{"line":927,"column":14}},"316":{"start":{"line":934,"column":8},"end":{"line":934,"column":36}},"317":{"start":{"line":936,"column":8},"end":{"line":936,"column":33}},"318":{"start":{"line":937,"column":8},"end":{"line":937,"column":43}},"319":{"start":{"line":938,"column":8},"end":{"line":938,"column":37}},"320":{"start":{"line":939,"column":8},"end":{"line":939,"column":89}},"321":{"start":{"line":940,"column":8},"end":{"line":940,"column":59}},"322":{"start":{"line":941,"column":8},"end":{"line":941,"column":35}},"323":{"start":{"line":942,"column":8},"end":{"line":942,"column":45}},"324":{"start":{"line":943,"column":8},"end":{"line":943,"column":33}},"325":{"start":{"line":945,"column":8},"end":{"line":946,"column":46}},"326":{"start":{"line":947,"column":8},"end":{"line":1026,"column":10}},"327":{"start":{"line":1027,"column":8},"end":{"line":1035,"column":14}},"328":{"start":{"line":1036,"column":8},"end":{"line":1040,"column":14}},"329":{"start":{"line":1041,"column":8},"end":{"line":1047,"column":88}},"330":{"start":{"line":1048,"column":8},"end":{"line":1050,"column":50}},"331":{"start":{"line":1051,"column":8},"end":{"line":1053,"column":46}},"332":{"start":{"line":1054,"column":8},"end":{"line":1056,"column":44}},"333":{"start":{"line":1057,"column":8},"end":{"line":1070,"column":14}},"334":{"start":{"line":1072,"column":8},"end":{"line":1082,"column":10}},"335":{"start":{"line":1134,"column":8},"end":{"line":1134,"column":14}},"336":{"start":{"line":1138,"column":4},"end":{"line":1138,"column":14}},"337":{"start":{"line":1143,"column":4},"end":{"line":1164,"column":9}},"338":{"start":{"line":1145,"column":8},"end":{"line":1145,"column":19}},"339":{"start":{"line":1146,"column":8},"end":{"line":1157,"column":13}},"340":{"start":{"line":1147,"column":12},"end":{"line":1156,"column":13}},"341":{"start":{"line":1148,"column":16},"end":{"line":1151,"column":27}},"342":{"start":{"line":1153,"column":16},"end":{"line":1155,"column":30}},"343":{"start":{"line":1159,"column":8},"end":{"line":1161,"column":21}},"344":{"start":{"line":1163,"column":8},"end":{"line":1163,"column":38}},"345":{"start":{"line":1165,"column":4},"end":{"line":1165,"column":17}}},"branchMap":{"1":{"line":21,"type":"binary-expr","locations":[{"start":{"line":21,"column":23},"end":{"line":21,"column":27}},{"start":{"line":21,"column":31},"end":{"line":22,"column":76}}]},"2":{"line":32,"type":"if","locations":[{"start":{"line":32,"column":16},"end":{"line":32,"column":16}},{"start":{"line":32,"column":16},"end":{"line":32,"column":16}}]},"3":{"line":32,"type":"binary-expr","locations":[{"start":{"line":32,"column":20},"end":{"line":32,"column":27}},{"start":{"line":32,"column":31},"end":{"line":32,"column":41}}]},"4":{"line":33,"type":"binary-expr","locations":[{"start":{"line":33,"column":34},"end":{"line":33,"column":45}},{"start":{"line":33,"column":49},"end":{"line":33,"column":59}}]},"5":{"line":45,"type":"if","locations":[{"start":{"line":45,"column":16},"end":{"line":45,"column":16}},{"start":{"line":45,"column":16},"end":{"line":45,"column":16}}]},"6":{"line":45,"type":"binary-expr","locations":[{"start":{"line":45,"column":20},"end":{"line":45,"column":27}},{"start":{"line":45,"column":31},"end":{"line":45,"column":42}}]},"7":{"line":46,"type":"binary-expr","locations":[{"start":{"line":46,"column":33},"end":{"line":46,"column":43}},{"start":{"line":46,"column":47},"end":{"line":46,"column":58}}]},"8":{"line":58,"type":"binary-expr","locations":[{"start":{"line":58,"column":19},"end":{"line":58,"column":31}},{"start":{"line":58,"column":35},"end":{"line":58,"column":37}}]},"9":{"line":60,"type":"binary-expr","locations":[{"start":{"line":60,"column":32},"end":{"line":60,"column":65}},{"start":{"line":60,"column":69},"end":{"line":60,"column":93}}]},"10":{"line":71,"type":"binary-expr","locations":[{"start":{"line":71,"column":20},"end":{"line":71,"column":33}},{"start":{"line":71,"column":37},"end":{"line":71,"column":39}}]},"11":{"line":72,"type":"binary-expr","locations":[{"start":{"line":72,"column":24},"end":{"line":72,"column":40}},{"start":{"line":72,"column":44},"end":{"line":72,"column":46}}]},"12":{"line":78,"type":"binary-expr","locations":[{"start":{"line":78,"column":34},"end":{"line":78,"column":48}},{"start":{"line":78,"column":52},"end":{"line":78,"column":84}}]},"13":{"line":97,"type":"if","locations":[{"start":{"line":97,"column":16},"end":{"line":97,"column":16}},{"start":{"line":97,"column":16},"end":{"line":97,"column":16}}]},"14":{"line":102,"type":"binary-expr","locations":[{"start":{"line":102,"column":23},"end":{"line":102,"column":39}},{"start":{"line":102,"column":43},"end":{"line":102,"column":45}}]},"15":{"line":104,"type":"binary-expr","locations":[{"start":{"line":104,"column":19},"end":{"line":104,"column":32}},{"start":{"line":104,"column":36},"end":{"line":104,"column":49}},{"start":{"line":104,"column":54},"end":{"line":104,"column":69}},{"start":{"line":104,"column":73},"end":{"line":104,"column":93}}]},"16":{"line":105,"type":"binary-expr","locations":[{"start":{"line":105,"column":21},"end":{"line":105,"column":36}},{"start":{"line":105,"column":40},"end":{"line":105,"column":44}}]},"17":{"line":107,"type":"if","locations":[{"start":{"line":107,"column":12},"end":{"line":107,"column":12}},{"start":{"line":107,"column":12},"end":{"line":107,"column":12}}]},"18":{"line":107,"type":"binary-expr","locations":[{"start":{"line":107,"column":16},"end":{"line":107,"column":29}},{"start":{"line":108,"column":20},"end":{"line":108,"column":24}},{"start":{"line":108,"column":28},"end":{"line":108,"column":52}},{"start":{"line":109,"column":20},"end":{"line":109,"column":44}},{"start":{"line":109,"column":48},"end":{"line":109,"column":74}}]},"19":{"line":117,"type":"if","locations":[{"start":{"line":117,"column":12},"end":{"line":117,"column":12}},{"start":{"line":117,"column":12},"end":{"line":117,"column":12}}]},"20":{"line":117,"type":"binary-expr","locations":[{"start":{"line":117,"column":16},"end":{"line":117,"column":29}},{"start":{"line":117,"column":33},"end":{"line":117,"column":51}}]},"21":{"line":118,"type":"if","locations":[{"start":{"line":118,"column":16},"end":{"line":118,"column":16}},{"start":{"line":118,"column":16},"end":{"line":118,"column":16}}]},"22":{"line":126,"type":"switch","locations":[{"start":{"line":127,"column":12},"end":{"line":137,"column":22}},{"start":{"line":138,"column":12},"end":{"line":140,"column":22}},{"start":{"line":141,"column":12},"end":{"line":142,"column":22}},{"start":{"line":143,"column":12},"end":{"line":150,"column":22}},{"start":{"line":151,"column":12},"end":{"line":158,"column":22}},{"start":{"line":159,"column":12},"end":{"line":161,"column":22}},{"start":{"line":162,"column":12},"end":{"line":181,"column":22}}]},"23":{"line":144,"type":"binary-expr","locations":[{"start":{"line":144,"column":23},"end":{"line":144,"column":47}},{"start":{"line":144,"column":51},"end":{"line":144,"column":70}}]},"24":{"line":145,"type":"switch","locations":[{"start":{"line":146,"column":16},"end":{"line":146,"column":29}},{"start":{"line":147,"column":16},"end":{"line":148,"column":26}}]},"25":{"line":153,"type":"switch","locations":[{"start":{"line":154,"column":16},"end":{"line":154,"column":30}},{"start":{"line":155,"column":16},"end":{"line":156,"column":26}}]},"26":{"line":164,"type":"switch","locations":[{"start":{"line":166,"column":16},"end":{"line":168,"column":26}},{"start":{"line":169,"column":16},"end":{"line":172,"column":26}},{"start":{"line":173,"column":16},"end":{"line":176,"column":26}},{"start":{"line":177,"column":16},"end":{"line":179,"column":26}}]},"27":{"line":171,"type":"binary-expr","locations":[{"start":{"line":171,"column":27},"end":{"line":171,"column":40}},{"start":{"line":171,"column":44},"end":{"line":171,"column":83}}]},"28":{"line":175,"type":"binary-expr","locations":[{"start":{"line":175,"column":27},"end":{"line":175,"column":40}},{"start":{"line":175,"column":44},"end":{"line":175,"column":70}}]},"29":{"line":199,"type":"switch","locations":[{"start":{"line":204,"column":4},"end":{"line":915,"column":14}}]},"30":{"line":218,"type":"binary-expr","locations":[{"start":{"line":218,"column":11},"end":{"line":218,"column":31}},{"start":{"line":218,"column":35},"end":{"line":365,"column":5}}]},"31":{"line":379,"type":"cond-expr","locations":[{"start":{"line":380,"column":10},"end":{"line":380,"column":17}},{"start":{"line":381,"column":10},"end":{"line":381,"column":12}}]},"32":{"line":379,"type":"binary-expr","locations":[{"start":{"line":379,"column":16},"end":{"line":379,"column":23}},{"start":{"line":379,"column":27},"end":{"line":379,"column":54}}]},"33":{"line":383,"type":"if","locations":[{"start":{"line":383,"column":8},"end":{"line":383,"column":8}},{"start":{"line":383,"column":8},"end":{"line":383,"column":8}}]},"34":{"line":385,"type":"if","locations":[{"start":{"line":385,"column":12},"end":{"line":385,"column":12}},{"start":{"line":385,"column":12},"end":{"line":385,"column":12}}]},"35":{"line":391,"type":"if","locations":[{"start":{"line":391,"column":8},"end":{"line":391,"column":8}},{"start":{"line":391,"column":8},"end":{"line":391,"column":8}}]},"36":{"line":398,"type":"binary-expr","locations":[{"start":{"line":398,"column":23},"end":{"line":398,"column":43}},{"start":{"line":398,"column":47},"end":{"line":398,"column":49}}]},"37":{"line":422,"type":"if","locations":[{"start":{"line":422,"column":12},"end":{"line":422,"column":12}},{"start":{"line":422,"column":12},"end":{"line":422,"column":12}}]},"38":{"line":422,"type":"binary-expr","locations":[{"start":{"line":422,"column":16},"end":{"line":422,"column":30}},{"start":{"line":422,"column":34},"end":{"line":422,"column":66}}]},"39":{"line":423,"type":"binary-expr","locations":[{"start":{"line":423,"column":34},"end":{"line":423,"column":49}},{"start":{"line":423,"column":53},"end":{"line":423,"column":65}}]},"40":{"line":430,"type":"binary-expr","locations":[{"start":{"line":430,"column":40},"end":{"line":430,"column":69}},{"start":{"line":430,"column":73},"end":{"line":430,"column":75}}]},"41":{"line":440,"type":"if","locations":[{"start":{"line":440,"column":8},"end":{"line":440,"column":8}},{"start":{"line":440,"column":8},"end":{"line":440,"column":8}}]},"42":{"line":440,"type":"binary-expr","locations":[{"start":{"line":440,"column":12},"end":{"line":440,"column":19}},{"start":{"line":440,"column":23},"end":{"line":440,"column":50}}]},"43":{"line":443,"type":"if","locations":[{"start":{"line":443,"column":16},"end":{"line":443,"column":16}},{"start":{"line":443,"column":16},"end":{"line":443,"column":16}}]},"44":{"line":454,"type":"binary-expr","locations":[{"start":{"line":454,"column":5},"end":{"line":454,"column":9}},{"start":{"line":454,"column":13},"end":{"line":454,"column":15}}]},"45":{"line":472,"type":"binary-expr","locations":[{"start":{"line":472,"column":32},"end":{"line":472,"column":54}},{"start":{"line":472,"column":58},"end":{"line":472,"column":60}}]},"46":{"line":476,"type":"binary-expr","locations":[{"start":{"line":476,"column":33},"end":{"line":476,"column":74}},{"start":{"line":476,"column":78},"end":{"line":476,"column":80}}]},"47":{"line":491,"type":"if","locations":[{"start":{"line":491,"column":12},"end":{"line":491,"column":12}},{"start":{"line":491,"column":12},"end":{"line":491,"column":12}}]},"48":{"line":496,"type":"cond-expr","locations":[{"start":{"line":497,"column":18},"end":{"line":497,"column":31}},{"start":{"line":498,"column":18},"end":{"line":500,"column":20}}]},"49":{"line":496,"type":"binary-expr","locations":[{"start":{"line":496,"column":13},"end":{"line":496,"column":19}},{"start":{"line":496,"column":23},"end":{"line":496,"column":36}},{"start":{"line":496,"column":40},"end":{"line":496,"column":60}}]},"50":{"line":498,"type":"cond-expr","locations":[{"start":{"line":499,"column":18},"end":{"line":499,"column":33}},{"start":{"line":500,"column":18},"end":{"line":500,"column":20}}]},"51":{"line":498,"type":"binary-expr","locations":[{"start":{"line":498,"column":18},"end":{"line":498,"column":24}},{"start":{"line":498,"column":28},"end":{"line":498,"column":43}},{"start":{"line":498,"column":47},"end":{"line":498,"column":67}}]},"52":{"line":504,"type":"if","locations":[{"start":{"line":504,"column":12},"end":{"line":504,"column":12}},{"start":{"line":504,"column":12},"end":{"line":504,"column":12}}]},"53":{"line":504,"type":"binary-expr","locations":[{"start":{"line":504,"column":16},"end":{"line":504,"column":22}},{"start":{"line":504,"column":26},"end":{"line":504,"column":39}},{"start":{"line":504,"column":43},"end":{"line":504,"column":59}}]},"54":{"line":514,"type":"binary-expr","locations":[{"start":{"line":514,"column":9},"end":{"line":514,"column":50}},{"start":{"line":514,"column":54},"end":{"line":514,"column":78}},{"start":{"line":514,"column":83},"end":{"line":514,"column":85}}]},"55":{"line":540,"type":"cond-expr","locations":[{"start":{"line":541,"column":6},"end":{"line":541,"column":14}},{"start":{"line":542,"column":6},"end":{"line":542,"column":18}}]},"56":{"line":543,"type":"switch","locations":[{"start":{"line":544,"column":0},"end":{"line":563,"column":10}},{"start":{"line":564,"column":0},"end":{"line":598,"column":10}},{"start":{"line":599,"column":0},"end":{"line":636,"column":10}},{"start":{"line":637,"column":0},"end":{"line":676,"column":10}},{"start":{"line":677,"column":0},"end":{"line":680,"column":10}},{"start":{"line":681,"column":0},"end":{"line":688,"column":10}},{"start":{"line":689,"column":0},"end":{"line":692,"column":10}},{"start":{"line":693,"column":0},"end":{"line":702,"column":10}},{"start":{"line":703,"column":0},"end":{"line":704,"column":73}}]},"57":{"line":546,"type":"switch","locations":[{"start":{"line":547,"column":4},"end":{"line":547,"column":32}},{"start":{"line":548,"column":4},"end":{"line":550,"column":15}},{"start":{"line":551,"column":4},"end":{"line":551,"column":27}},{"start":{"line":552,"column":4},"end":{"line":552,"column":35}},{"start":{"line":553,"column":4},"end":{"line":553,"column":41}},{"start":{"line":554,"column":4},"end":{"line":554,"column":40}},{"start":{"line":555,"column":4},"end":{"line":555,"column":49}},{"start":{"line":556,"column":4},"end":{"line":556,"column":45}},{"start":{"line":557,"column":4},"end":{"line":559,"column":15}},{"start":{"line":560,"column":4},"end":{"line":561,"column":17}}]},"58":{"line":565,"type":"if","locations":[{"start":{"line":565,"column":4},"end":{"line":565,"column":4}},{"start":{"line":565,"column":4},"end":{"line":565,"column":4}}]},"59":{"line":569,"type":"switch","locations":[{"start":{"line":571,"column":8},"end":{"line":573,"column":19}}]},"60":{"line":577,"type":"binary-expr","locations":[{"start":{"line":577,"column":22},"end":{"line":577,"column":29}},{"start":{"line":577,"column":33},"end":{"line":577,"column":67}}]},"61":{"line":578,"type":"if","locations":[{"start":{"line":578,"column":12},"end":{"line":578,"column":12}},{"start":{"line":578,"column":12},"end":{"line":578,"column":12}}]},"62":{"line":578,"type":"binary-expr","locations":[{"start":{"line":578,"column":16},"end":{"line":578,"column":23}},{"start":{"line":578,"column":27},"end":{"line":578,"column":47}}]},"63":{"line":585,"type":"if","locations":[{"start":{"line":585,"column":4},"end":{"line":585,"column":4}},{"start":{"line":585,"column":4},"end":{"line":585,"column":4}}]},"64":{"line":609,"type":"if","locations":[{"start":{"line":609,"column":8},"end":{"line":609,"column":8}},{"start":{"line":609,"column":8},"end":{"line":609,"column":8}}]},"65":{"line":613,"type":"binary-expr","locations":[{"start":{"line":613,"column":5},"end":{"line":613,"column":23}},{"start":{"line":613,"column":27},"end":{"line":613,"column":29}}]},"66":{"line":614,"type":"switch","locations":[{"start":{"line":616,"column":8},"end":{"line":622,"column":18}},{"start":{"line":624,"column":8},"end":{"line":626,"column":18}},{"start":{"line":628,"column":8},"end":{"line":630,"column":18}}]},"67":{"line":633,"type":"binary-expr","locations":[{"start":{"line":633,"column":40},"end":{"line":633,"column":69}},{"start":{"line":633,"column":73},"end":{"line":633,"column":86}}]},"68":{"line":654,"type":"binary-expr","locations":[{"start":{"line":654,"column":13},"end":{"line":654,"column":34}},{"start":{"line":655,"column":13},"end":{"line":655,"column":35}},{"start":{"line":655,"column":39},"end":{"line":655,"column":65}},{"start":{"line":656,"column":12},"end":{"line":656,"column":37}}]},"69":{"line":657,"type":"binary-expr","locations":[{"start":{"line":657,"column":12},"end":{"line":657,"column":34}},{"start":{"line":658,"column":13},"end":{"line":658,"column":35}},{"start":{"line":658,"column":39},"end":{"line":658,"column":66}}]},"70":{"line":662,"type":"binary-expr","locations":[{"start":{"line":662,"column":8},"end":{"line":662,"column":40}},{"start":{"line":662,"column":44},"end":{"line":662,"column":69}}]},"71":{"line":664,"type":"if","locations":[{"start":{"line":664,"column":4},"end":{"line":664,"column":4}},{"start":{"line":664,"column":4},"end":{"line":664,"column":4}}]},"72":{"line":670,"type":"binary-expr","locations":[{"start":{"line":670,"column":35},"end":{"line":670,"column":47}},{"start":{"line":670,"column":51},"end":{"line":670,"column":53}}]},"73":{"line":683,"type":"if","locations":[{"start":{"line":683,"column":4},"end":{"line":683,"column":4}},{"start":{"line":683,"column":4},"end":{"line":683,"column":4}}]},"74":{"line":725,"type":"cond-expr","locations":[{"start":{"line":726,"column":26},"end":{"line":726,"column":34}},{"start":{"line":727,"column":26},"end":{"line":727,"column":38}}]},"75":{"line":728,"type":"switch","locations":[{"start":{"line":729,"column":20},"end":{"line":796,"column":30}},{"start":{"line":797,"column":20},"end":{"line":838,"column":30}},{"start":{"line":839,"column":20},"end":{"line":843,"column":46}}]},"76":{"line":735,"type":"switch","locations":[{"start":{"line":736,"column":24},"end":{"line":736,"column":41}},{"start":{"line":737,"column":24},"end":{"line":752,"column":34}},{"start":{"line":753,"column":24},"end":{"line":756,"column":34}},{"start":{"line":757,"column":24},"end":{"line":759,"column":34}},{"start":{"line":760,"column":24},"end":{"line":762,"column":34}},{"start":{"line":763,"column":24},"end":{"line":769,"column":34}},{"start":{"line":770,"column":24},"end":{"line":791,"column":34}},{"start":{"line":792,"column":24},"end":{"line":794,"column":68}}]},"77":{"line":798,"type":"switch","locations":[{"start":{"line":799,"column":24},"end":{"line":803,"column":34}},{"start":{"line":804,"column":24},"end":{"line":813,"column":34}},{"start":{"line":814,"column":24},"end":{"line":818,"column":34}},{"start":{"line":819,"column":24},"end":{"line":819,"column":42}},{"start":{"line":820,"column":24},"end":{"line":824,"column":34}},{"start":{"line":825,"column":24},"end":{"line":836,"column":34}}]},"78":{"line":857,"type":"if","locations":[{"start":{"line":857,"column":12},"end":{"line":857,"column":12}},{"start":{"line":857,"column":12},"end":{"line":857,"column":12}}]},"79":{"line":864,"type":"binary-expr","locations":[{"start":{"line":864,"column":21},"end":{"line":864,"column":28}},{"start":{"line":865,"column":20},"end":{"line":865,"column":35}},{"start":{"line":866,"column":20},"end":{"line":866,"column":48}},{"start":{"line":867,"column":20},"end":{"line":867,"column":52}}]},"80":{"line":884,"type":"cond-expr","locations":[{"start":{"line":885,"column":22},"end":{"line":885,"column":30}},{"start":{"line":886,"column":22},"end":{"line":886,"column":34}}]},"81":{"line":887,"type":"if","locations":[{"start":{"line":887,"column":16},"end":{"line":887,"column":16}},{"start":{"line":887,"column":16},"end":{"line":887,"column":16}}]},"82":{"line":917,"type":"switch","locations":[{"start":{"line":922,"column":4},"end":{"line":927,"column":14}},{"start":{"line":932,"column":4},"end":{"line":1134,"column":14}}]},"83":{"line":948,"type":"binary-expr","locations":[{"start":{"line":948,"column":22},"end":{"line":948,"column":71}},{"start":{"line":948,"column":75},"end":{"line":948,"column":86}}]},"84":{"line":1148,"type":"binary-expr","locations":[{"start":{"line":1148,"column":23},"end":{"line":1148,"column":37}},{"start":{"line":1149,"column":20},"end":{"line":1149,"column":61}},{"start":{"line":1150,"column":20},"end":{"line":1150,"column":70}},{"start":{"line":1151,"column":20},"end":{"line":1151,"column":26}}]},"85":{"line":1153,"type":"binary-expr","locations":[{"start":{"line":1153,"column":23},"end":{"line":1153,"column":62}},{"start":{"line":1154,"column":20},"end":{"line":1154,"column":70}},{"start":{"line":1155,"column":20},"end":{"line":1155,"column":29}}]},"86":{"line":1159,"type":"cond-expr","locations":[{"start":{"line":1160,"column":14},"end":{"line":1160,"column":20}},{"start":{"line":1161,"column":14},"end":{"line":1161,"column":20}}]}}}}