{"/home/travis/build/kaizhu256/node-cms2/test.js":{"path":"/home/travis/build/kaizhu256/node-cms2/test.js","s":{"1":3,"2":3,"3":3,"4":3,"5":3,"6":3,"7":3,"8":3,"9":3,"10":2,"11":1,"12":1,"13":1,"14":1,"15":1,"16":1,"17":1,"18":1,"19":3,"20":2,"21":2,"22":2,"23":1,"24":1,"25":1,"26":1,"27":1,"28":1,"29":1,"30":1,"31":1,"32":1,"33":1,"34":1,"35":14,"36":1,"37":14,"38":4,"39":4,"40":0,"41":0,"42":10,"43":1,"44":1,"45":1,"46":11,"47":11,"48":4,"49":4,"50":11,"51":1,"52":1,"53":3,"54":3,"55":3,"56":3,"57":3,"58":3,"59":2,"60":3,"61":3,"62":3,"63":3,"64":3,"65":3},"b":{"1":[2,1],"2":[2,1],"3":[1,13],"4":[2,4,0,10],"5":[2,4],"6":[3,1,1,1],"7":[2,2,2],"8":[2,1],"9":[2,1],"10":[2,1]},"f":{"1":3,"2":3,"3":3,"4":3,"5":3,"6":1,"7":14,"8":11,"9":3,"10":3,"11":3},"fnMap":{"1":{"name":"(anonymous_1)","line":9,"loc":{"start":{"line":9,"column":1},"end":{"line":9,"column":18}}},"2":{"name":"(anonymous_2)","line":12,"loc":{"start":{"line":12,"column":5},"end":{"line":12,"column":17}}},"3":{"name":"(anonymous_3)","line":14,"loc":{"start":{"line":14,"column":34},"end":{"line":14,"column":53}}},"4":{"name":"(anonymous_4)","line":22,"loc":{"start":{"line":22,"column":15},"end":{"line":22,"column":32}}},"5":{"name":"(anonymous_5)","line":23,"loc":{"start":{"line":23,"column":44},"end":{"line":23,"column":56}}},"6":{"name":"(anonymous_6)","line":47,"loc":{"start":{"line":47,"column":42},"end":{"line":47,"column":61}}},"7":{"name":"(anonymous_7)","line":117,"loc":{"start":{"line":117,"column":12},"end":{"line":117,"column":57}}},"8":{"name":"(anonymous_8)","line":154,"loc":{"start":{"line":154,"column":48},"end":{"line":154,"column":64}}},"9":{"name":"(anonymous_9)","line":170,"loc":{"start":{"line":170,"column":3},"end":{"line":170,"column":15}}},"10":{"name":"(anonymous_10)","line":177,"loc":{"start":{"line":177,"column":5},"end":{"line":177,"column":17}}},"11":{"name":"(anonymous_11)","line":180,"loc":{"start":{"line":180,"column":24},"end":{"line":180,"column":36}}}},"statementMap":{"1":{"start":{"line":9,"column":0},"end":{"line":210,"column":7}},"2":{"start":{"line":12,"column":4},"end":{"line":32,"column":9}},"3":{"start":{"line":14,"column":8},"end":{"line":31,"column":10}},"4":{"start":{"line":20,"column":12},"end":{"line":30,"column":15}},"5":{"start":{"line":23,"column":16},"end":{"line":29,"column":28}},"6":{"start":{"line":25,"column":20},"end":{"line":25,"column":73}},"7":{"start":{"line":27,"column":20},"end":{"line":27,"column":86}},"8":{"start":{"line":28,"column":20},"end":{"line":28,"column":30}},"9":{"start":{"line":33,"column":4},"end":{"line":67,"column":5}},"10":{"start":{"line":40,"column":8},"end":{"line":40,"column":14}},"11":{"start":{"line":47,"column":8},"end":{"line":65,"column":10}},"12":{"start":{"line":52,"column":12},"end":{"line":52,"column":26}},"13":{"start":{"line":53,"column":12},"end":{"line":53,"column":58}},"14":{"start":{"line":54,"column":12},"end":{"line":54,"column":35}},"15":{"start":{"line":56,"column":12},"end":{"line":56,"column":35}},"16":{"start":{"line":57,"column":12},"end":{"line":63,"column":26}},"17":{"start":{"line":64,"column":12},"end":{"line":64,"column":24}},"18":{"start":{"line":66,"column":8},"end":{"line":66,"column":14}},"19":{"start":{"line":68,"column":4},"end":{"line":169,"column":5}},"20":{"start":{"line":75,"column":8},"end":{"line":75,"column":29}},"21":{"start":{"line":77,"column":8},"end":{"line":77,"column":38}},"22":{"start":{"line":78,"column":8},"end":{"line":78,"column":14}},"23":{"start":{"line":85,"column":8},"end":{"line":85,"column":29}},"24":{"start":{"line":87,"column":8},"end":{"line":87,"column":33}},"25":{"start":{"line":88,"column":8},"end":{"line":88,"column":43}},"26":{"start":{"line":89,"column":8},"end":{"line":89,"column":37}},"27":{"start":{"line":90,"column":8},"end":{"line":90,"column":89}},"28":{"start":{"line":91,"column":8},"end":{"line":91,"column":59}},"29":{"start":{"line":92,"column":8},"end":{"line":92,"column":35}},"30":{"start":{"line":93,"column":8},"end":{"line":93,"column":45}},"31":{"start":{"line":95,"column":8},"end":{"line":101,"column":90}},"32":{"start":{"line":102,"column":8},"end":{"line":107,"column":14}},"33":{"start":{"line":108,"column":8},"end":{"line":113,"column":14}},"34":{"start":{"line":115,"column":8},"end":{"line":148,"column":43}},"35":{"start":{"line":121,"column":16},"end":{"line":132,"column":17}},"36":{"start":{"line":123,"column":20},"end":{"line":131,"column":23}},"37":{"start":{"line":133,"column":16},"end":{"line":146,"column":17}},"38":{"start":{"line":137,"column":20},"end":{"line":137,"column":78}},"39":{"start":{"line":138,"column":20},"end":{"line":138,"column":26}},"40":{"start":{"line":141,"column":20},"end":{"line":141,"column":72}},"41":{"start":{"line":142,"column":20},"end":{"line":142,"column":26}},"42":{"start":{"line":145,"column":20},"end":{"line":145,"column":37}},"43":{"start":{"line":150,"column":8},"end":{"line":150,"column":67}},"44":{"start":{"line":152,"column":8},"end":{"line":152,"column":44}},"45":{"start":{"line":154,"column":8},"end":{"line":165,"column":11}},"46":{"start":{"line":155,"column":12},"end":{"line":155,"column":42}},"47":{"start":{"line":156,"column":12},"end":{"line":162,"column":13}},"48":{"start":{"line":160,"column":16},"end":{"line":160,"column":92}},"49":{"start":{"line":161,"column":16},"end":{"line":161,"column":22}},"50":{"start":{"line":164,"column":12},"end":{"line":164,"column":55}},"51":{"start":{"line":167,"column":8},"end":{"line":167,"column":37}},"52":{"start":{"line":168,"column":8},"end":{"line":168,"column":14}},"53":{"start":{"line":172,"column":4},"end":{"line":172,"column":14}},"54":{"start":{"line":177,"column":4},"end":{"line":208,"column":9}},"55":{"start":{"line":179,"column":8},"end":{"line":179,"column":19}},"56":{"start":{"line":180,"column":8},"end":{"line":191,"column":13}},"57":{"start":{"line":181,"column":12},"end":{"line":190,"column":13}},"58":{"start":{"line":182,"column":16},"end":{"line":185,"column":27}},"59":{"start":{"line":187,"column":16},"end":{"line":189,"column":30}},"60":{"start":{"line":193,"column":8},"end":{"line":195,"column":21}},"61":{"start":{"line":197,"column":8},"end":{"line":199,"column":34}},"62":{"start":{"line":201,"column":8},"end":{"line":201,"column":65}},"63":{"start":{"line":203,"column":8},"end":{"line":203,"column":61}},"64":{"start":{"line":205,"column":8},"end":{"line":207,"column":36}},"65":{"start":{"line":209,"column":4},"end":{"line":209,"column":17}}},"branchMap":{"1":{"line":33,"type":"switch","locations":[{"start":{"line":38,"column":4},"end":{"line":40,"column":14}},{"start":{"line":45,"column":4},"end":{"line":66,"column":14}}]},"2":{"line":68,"type":"switch","locations":[{"start":{"line":73,"column":4},"end":{"line":78,"column":14}},{"start":{"line":83,"column":4},"end":{"line":168,"column":14}}]},"3":{"line":121,"type":"if","locations":[{"start":{"line":121,"column":16},"end":{"line":121,"column":16}},{"start":{"line":121,"column":16},"end":{"line":121,"column":16}}]},"4":{"line":133,"type":"switch","locations":[{"start":{"line":135,"column":16},"end":{"line":135,"column":25}},{"start":{"line":136,"column":16},"end":{"line":138,"column":26}},{"start":{"line":140,"column":16},"end":{"line":142,"column":26}},{"start":{"line":144,"column":16},"end":{"line":145,"column":37}}]},"5":{"line":156,"type":"switch","locations":[{"start":{"line":157,"column":12},"end":{"line":157,"column":23}},{"start":{"line":158,"column":12},"end":{"line":161,"column":22}}]},"6":{"line":182,"type":"binary-expr","locations":[{"start":{"line":182,"column":23},"end":{"line":182,"column":37}},{"start":{"line":183,"column":20},"end":{"line":183,"column":61}},{"start":{"line":184,"column":20},"end":{"line":184,"column":70}},{"start":{"line":185,"column":20},"end":{"line":185,"column":26}}]},"7":{"line":187,"type":"binary-expr","locations":[{"start":{"line":187,"column":23},"end":{"line":187,"column":62}},{"start":{"line":188,"column":20},"end":{"line":188,"column":70}},{"start":{"line":189,"column":20},"end":{"line":189,"column":29}}]},"8":{"line":193,"type":"cond-expr","locations":[{"start":{"line":194,"column":14},"end":{"line":194,"column":20}},{"start":{"line":195,"column":14},"end":{"line":195,"column":20}}]},"9":{"line":197,"type":"cond-expr","locations":[{"start":{"line":198,"column":14},"end":{"line":198,"column":29}},{"start":{"line":199,"column":14},"end":{"line":199,"column":33}}]},"10":{"line":205,"type":"cond-expr","locations":[{"start":{"line":206,"column":14},"end":{"line":206,"column":25}},{"start":{"line":207,"column":14},"end":{"line":207,"column":35}}]}}},"/home/travis/build/kaizhu256/node-cms2/index.js":{"path":"/home/travis/build/kaizhu256/node-cms2/index.js","s":{"1":1,"2":1,"3":1,"4":84,"5":84,"6":1,"7":1,"8":7,"9":0,"10":0,"11":1,"12":1,"13":1,"14":2,"15":0,"16":0,"17":1,"18":1,"19":0,"20":0,"21":0,"22":0,"23":1,"24":4,"25":4,"26":4,"27":4,"28":0,"29":0,"30":0,"31":0,"32":0,"33":4,"34":1,"35":4,"36":4,"37":4,"38":0,"39":4,"40":4,"41":4,"42":4,"43":4,"44":4,"45":4,"46":0,"47":4,"48":0,"49":0,"50":0,"51":4,"52":0,"53":0,"54":0,"55":0,"56":0,"57":0,"58":0,"59":1,"60":1,"61":0,"62":1,"63":0,"64":0,"65":0,"66":0,"67":3,"68":3,"69":0,"70":0,"71":0,"72":0,"73":0,"74":0,"75":0,"76":0,"77":0,"78":0,"79":0,"80":0,"81":0,"82":4,"83":4,"84":1,"85":0,"86":1,"87":1,"88":4,"89":4,"90":4,"91":656,"92":652,"93":652,"94":28,"95":28,"96":28,"97":652,"98":308,"99":4,"100":4,"101":4,"102":4,"103":4,"104":26,"105":26,"106":26,"107":26,"108":26,"109":156,"110":52,"111":26,"112":26,"113":26,"114":26,"115":26,"116":4,"117":760,"118":345,"119":904,"120":148,"121":4,"122":4,"123":8,"124":10,"125":4,"126":4,"127":10,"128":4,"129":16,"130":176,"131":176,"132":80,"133":1,"134":10,"135":10,"136":10,"137":20,"138":20,"139":20,"140":10,"141":4,"142":4,"143":2,"144":2,"145":4,"146":4,"147":4,"148":1,"149":1,"150":0,"151":0,"152":1,"153":1,"154":1,"155":1,"156":0,"157":4,"158":3,"159":3,"160":1,"161":1,"162":1,"163":1,"164":1,"165":1,"166":1,"167":1,"168":1,"169":1,"170":1,"171":1,"172":3,"173":0,"174":1,"175":4,"176":0,"177":0,"178":0,"179":0,"180":0,"181":0,"182":0,"183":4,"184":4,"185":4,"186":1,"187":1,"188":1,"189":4,"190":1,"191":1,"192":1,"193":1,"194":1,"195":1,"196":1,"197":1,"198":1,"199":0,"200":0,"201":1,"202":1,"203":1,"204":1,"205":1,"206":0,"207":0,"208":1,"209":1,"210":1,"211":1,"212":0,"213":0,"214":10,"215":1,"216":1,"217":1,"218":1,"219":3,"220":3,"221":3,"222":1,"223":1,"224":1,"225":1,"226":0,"227":0,"228":0,"229":0,"230":0,"231":0,"232":0,"233":0,"234":0,"235":0,"236":1,"237":1,"238":0,"239":0,"240":0,"241":0,"242":0,"243":0,"244":0,"245":1,"246":1,"247":0,"248":0,"249":0,"250":0,"251":0,"252":0,"253":1,"254":1,"255":1,"256":1,"257":0,"258":0,"259":0,"260":0,"261":1,"262":1,"263":1,"264":0,"265":1,"266":1,"267":0,"268":0,"269":0,"270":0,"271":0,"272":0,"273":1,"274":1,"275":0,"276":0,"277":0,"278":0,"279":0,"280":0,"281":0,"282":0,"283":0,"284":1,"285":1,"286":1,"287":1,"288":1,"289":1,"290":1,"291":1,"292":1,"293":1,"294":1,"295":1,"296":1,"297":1,"298":1,"299":1,"300":1,"301":1,"302":1,"303":1,"304":1,"305":1,"306":1,"307":1,"308":1,"309":1,"310":1,"311":1,"312":1,"313":1,"314":1,"315":0,"316":0,"317":1,"318":1,"319":0,"320":1,"321":1,"322":1,"323":1,"324":1,"325":1,"326":1,"327":1,"328":1,"329":0,"330":1,"331":1,"332":1,"333":0,"334":0,"335":0,"336":1,"337":1,"338":1,"339":1,"340":1,"341":1,"342":1,"343":1,"344":1,"345":1},"b":{"1":[84,84],"2":[0,7],"3":[7,7],"4":[0,0],"5":[0,2],"6":[2,2],"7":[0,0],"8":[0,0],"9":[0,0],"10":[4,4],"11":[4,4],"12":[0,0],"13":[0,4],"14":[4,0],"15":[4,0,0,0],"16":[4,4],"17":[4,0],"18":[4,4,4,4,4],"19":[0,4],"20":[4,4],"21":[0,0],"22":[0,0,0,1,0,3,0],"23":[1,1],"24":[0,0],"25":[0,0],"26":[0,0,0,0],"27":[0,0],"28":[0,0],"29":[1],"30":[4,4],"31":[285,371],"32":[656,656],"33":[28,624],"34":[28,0],"35":[308,344],"36":[4,1],"37":[52,104],"38":[156,104],"39":[52,52],"40":[26,1],"41":[345,415],"42":[760,760],"43":[148,756],"44":[8,0],"45":[176,96],"46":[80,0],"47":[0,20],"48":[10,4,1,1,1,1,1,1,0],"49":[2,4,2,2,2,2,2,2,2,4],"50":[1,3],"51":[0],"52":[1,1],"53":[1,0],"54":[1,0],"55":[3,1],"56":[0,3],"57":[1,0],"58":[0,0,4],"59":[4,2],"60":[1,1,0,1],"61":[1,1,0],"62":[1,0],"63":[1,0],"64":[1,1],"65":[1,0],"66":[0,3],"67":[1,1,1],"68":[0,0,0,0,1,0,0],"69":[0,0,0,1,0],"70":[0,0],"71":[0,0,0,0],"72":[0,0],"73":[0,0],"74":[1],"75":[1,1],"76":[1,1],"77":[0,1],"78":[0,1],"79":[1,0,0],"80":[0,1],"81":[1,0,0],"82":[1,1,1,1],"83":[0,0,0],"84":[0,1],"85":[0,1]},"f":{"1":1,"2":1,"3":84,"4":1,"5":7,"6":1,"7":2,"8":0,"9":4,"10":0,"11":4,"12":4,"13":0,"14":0,"15":4,"16":656,"17":652,"18":4,"19":26,"20":26,"21":156,"22":760,"23":904,"24":8,"25":10,"26":10,"27":16,"28":176,"29":80,"30":10,"31":20,"32":3,"33":4,"34":0,"35":4,"36":1,"37":1,"38":3,"39":0,"40":0,"41":0,"42":1,"43":1,"44":1,"45":1,"46":1,"47":1,"48":0,"49":1,"50":1,"51":1},"fnMap":{"1":{"name":"(anonymous_1)","line":9,"loc":{"start":{"line":9,"column":1},"end":{"line":9,"column":18}}},"2":{"name":"(anonymous_2)","line":15,"loc":{"start":{"line":15,"column":5},"end":{"line":15,"column":17}}},"3":{"name":"(anonymous_3)","line":16,"loc":{"start":{"line":16,"column":38},"end":{"line":16,"column":54}}},"4":{"name":"(anonymous_4)","line":27,"loc":{"start":{"line":27,"column":45},"end":{"line":27,"column":61}}},"5":{"name":"(anonymous_5)","line":31,"loc":{"start":{"line":31,"column":48},"end":{"line":31,"column":67}}},"6":{"name":"(anonymous_6)","line":40,"loc":{"start":{"line":40,"column":45},"end":{"line":40,"column":61}}},"7":{"name":"(anonymous_7)","line":44,"loc":{"start":{"line":44,"column":48},"end":{"line":44,"column":67}}},"8":{"name":"(anonymous_8)","line":53,"loc":{"start":{"line":53,"column":36},"end":{"line":53,"column":55}}},"9":{"name":"(anonymous_9)","line":65,"loc":{"start":{"line":65,"column":35},"end":{"line":65,"column":54}}},"10":{"name":"(anonymous_10)","line":72,"loc":{"start":{"line":72,"column":56},"end":{"line":72,"column":71}}},"11":{"name":"(anonymous_11)","line":90,"loc":{"start":{"line":90,"column":43},"end":{"line":90,"column":62}}},"12":{"name":"(anonymous_12)","line":96,"loc":{"start":{"line":96,"column":21},"end":{"line":96,"column":38}}},"13":{"name":"(anonymous_13)","line":130,"loc":{"start":{"line":130,"column":29},"end":{"line":130,"column":48}}},"14":{"name":"(anonymous_14)","line":192,"loc":{"start":{"line":192,"column":33},"end":{"line":192,"column":55}}},"15":{"name":"(anonymous_15)","line":205,"loc":{"start":{"line":205,"column":33},"end":{"line":205,"column":52}}},"16":{"name":"(anonymous_16)","line":358,"loc":{"start":{"line":358,"column":39},"end":{"line":358,"column":58}}},"17":{"name":"(anonymous_17)","line":361,"loc":{"start":{"line":361,"column":22},"end":{"line":361,"column":37}}},"18":{"name":"(anonymous_18)","line":385,"loc":{"start":{"line":385,"column":4},"end":{"line":385,"column":16}}},"19":{"name":"(anonymous_19)","line":390,"loc":{"start":{"line":390,"column":35},"end":{"line":390,"column":51}}},"20":{"name":"(anonymous_20)","line":391,"loc":{"start":{"line":391,"column":45},"end":{"line":391,"column":63}}},"21":{"name":"(anonymous_21)","line":409,"loc":{"start":{"line":409,"column":37},"end":{"line":409,"column":52}}},"22":{"name":"(anonymous_22)","line":427,"loc":{"start":{"line":427,"column":68},"end":{"line":427,"column":87}}},"23":{"name":"(anonymous_23)","line":429,"loc":{"start":{"line":429,"column":41},"end":{"line":429,"column":56}}},"24":{"name":"(anonymous_24)","line":441,"loc":{"start":{"line":441,"column":53},"end":{"line":441,"column":69}}},"25":{"name":"(anonymous_25)","line":442,"loc":{"start":{"line":442,"column":25},"end":{"line":442,"column":44}}},"26":{"name":"(anonymous_26)","line":452,"loc":{"start":{"line":452,"column":9},"end":{"line":452,"column":24}}},"27":{"name":"(anonymous_27)","line":456,"loc":{"start":{"line":456,"column":21},"end":{"line":456,"column":33}}},"28":{"name":"(anonymous_28)","line":457,"loc":{"start":{"line":457,"column":60},"end":{"line":457,"column":77}}},"29":{"name":"(anonymous_29)","line":462,"loc":{"start":{"line":462,"column":21},"end":{"line":462,"column":40}}},"30":{"name":"(anonymous_30)","line":475,"loc":{"start":{"line":475,"column":32},"end":{"line":475,"column":77}}},"31":{"name":"(anonymous_31)","line":486,"loc":{"start":{"line":486,"column":9},"end":{"line":486,"column":26}}},"32":{"name":"(anonymous_32)","line":556,"loc":{"start":{"line":556,"column":45},"end":{"line":556,"column":64}}},"33":{"name":"(anonymous_33)","line":561,"loc":{"start":{"line":561,"column":47},"end":{"line":561,"column":64}}},"34":{"name":"(anonymous_34)","line":566,"loc":{"start":{"line":566,"column":58},"end":{"line":566,"column":81}}},"35":{"name":"(anonymous_35)","line":587,"loc":{"start":{"line":587,"column":39},"end":{"line":587,"column":56}}},"36":{"name":"(anonymous_36)","line":615,"loc":{"start":{"line":615,"column":19},"end":{"line":615,"column":50}}},"37":{"name":"(anonymous_37)","line":665,"loc":{"start":{"line":665,"column":43},"end":{"line":665,"column":88}}},"38":{"name":"(anonymous_38)","line":671,"loc":{"start":{"line":671,"column":21},"end":{"line":671,"column":44}}},"39":{"name":"(anonymous_39)","line":792,"loc":{"start":{"line":792,"column":37},"end":{"line":792,"column":89}}},"40":{"name":"(anonymous_40)","line":817,"loc":{"start":{"line":817,"column":41},"end":{"line":817,"column":86}}},"41":{"name":"(anonymous_41)","line":823,"loc":{"start":{"line":823,"column":21},"end":{"line":823,"column":38}}},"42":{"name":"(anonymous_42)","line":838,"loc":{"start":{"line":838,"column":41},"end":{"line":838,"column":86}}},"43":{"name":"(anonymous_43)","line":847,"loc":{"start":{"line":847,"column":42},"end":{"line":847,"column":87}}},"44":{"name":"(anonymous_44)","line":867,"loc":{"start":{"line":867,"column":12},"end":{"line":867,"column":31}}},"45":{"name":"(anonymous_45)","line":870,"loc":{"start":{"line":870,"column":20},"end":{"line":870,"column":41}}},"46":{"name":"(anonymous_46)","line":1117,"loc":{"start":{"line":1117,"column":17},"end":{"line":1117,"column":29}}},"47":{"name":"(anonymous_47)","line":1120,"loc":{"start":{"line":1120,"column":50},"end":{"line":1120,"column":75}}},"48":{"name":"(anonymous_48)","line":1130,"loc":{"start":{"line":1130,"column":50},"end":{"line":1130,"column":69}}},"49":{"name":"(anonymous_49)","line":1163,"loc":{"start":{"line":1163,"column":3},"end":{"line":1163,"column":15}}},"50":{"name":"(anonymous_50)","line":1170,"loc":{"start":{"line":1170,"column":5},"end":{"line":1170,"column":17}}},"51":{"name":"(anonymous_51)","line":1173,"loc":{"start":{"line":1173,"column":24},"end":{"line":1173,"column":36}}}},"statementMap":{"1":{"start":{"line":9,"column":0},"end":{"line":1221,"column":7}},"2":{"start":{"line":15,"column":4},"end":{"line":198,"column":9}},"3":{"start":{"line":16,"column":8},"end":{"line":25,"column":10}},"4":{"start":{"line":20,"column":12},"end":{"line":24,"column":13}},"5":{"start":{"line":21,"column":16},"end":{"line":22,"column":77}},"6":{"start":{"line":27,"column":8},"end":{"line":38,"column":10}},"7":{"start":{"line":31,"column":12},"end":{"line":36,"column":15}},"8":{"start":{"line":32,"column":16},"end":{"line":35,"column":17}},"9":{"start":{"line":33,"column":20},"end":{"line":33,"column":60}},"10":{"start":{"line":34,"column":20},"end":{"line":34,"column":38}},"11":{"start":{"line":37,"column":12},"end":{"line":37,"column":24}},"12":{"start":{"line":40,"column":8},"end":{"line":51,"column":10}},"13":{"start":{"line":44,"column":12},"end":{"line":49,"column":15}},"14":{"start":{"line":45,"column":16},"end":{"line":48,"column":17}},"15":{"start":{"line":46,"column":20},"end":{"line":46,"column":59}},"16":{"start":{"line":47,"column":20},"end":{"line":47,"column":39}},"17":{"start":{"line":50,"column":12},"end":{"line":50,"column":24}},"18":{"start":{"line":53,"column":8},"end":{"line":63,"column":10}},"19":{"start":{"line":57,"column":12},"end":{"line":57,"column":21}},"20":{"start":{"line":58,"column":12},"end":{"line":58,"column":38}},"21":{"start":{"line":60,"column":12},"end":{"line":60,"column":94}},"22":{"start":{"line":62,"column":12},"end":{"line":62,"column":58}},"23":{"start":{"line":65,"column":8},"end":{"line":88,"column":10}},"24":{"start":{"line":69,"column":12},"end":{"line":69,"column":28}},"25":{"start":{"line":70,"column":12},"end":{"line":70,"column":32}},"26":{"start":{"line":71,"column":12},"end":{"line":71,"column":40}},"27":{"start":{"line":72,"column":12},"end":{"line":86,"column":15}},"28":{"start":{"line":73,"column":16},"end":{"line":85,"column":17}},"29":{"start":{"line":74,"column":20},"end":{"line":79,"column":23}},"30":{"start":{"line":81,"column":20},"end":{"line":82,"column":53}},"31":{"start":{"line":83,"column":20},"end":{"line":83,"column":87}},"32":{"start":{"line":84,"column":20},"end":{"line":84,"column":38}},"33":{"start":{"line":87,"column":12},"end":{"line":87,"column":24}},"34":{"start":{"line":90,"column":8},"end":{"line":190,"column":10}},"35":{"start":{"line":95,"column":12},"end":{"line":95,"column":58}},"36":{"start":{"line":96,"column":12},"end":{"line":101,"column":14}},"37":{"start":{"line":97,"column":16},"end":{"line":100,"column":17}},"38":{"start":{"line":98,"column":20},"end":{"line":99,"column":68}},"39":{"start":{"line":102,"column":12},"end":{"line":102,"column":46}},"40":{"start":{"line":103,"column":12},"end":{"line":103,"column":32}},"41":{"start":{"line":104,"column":12},"end":{"line":104,"column":95}},"42":{"start":{"line":105,"column":12},"end":{"line":105,"column":45}},"43":{"start":{"line":107,"column":12},"end":{"line":115,"column":13}},"44":{"start":{"line":110,"column":16},"end":{"line":114,"column":17}},"45":{"start":{"line":111,"column":20},"end":{"line":111,"column":44}},"46":{"start":{"line":113,"column":20},"end":{"line":113,"column":33}},"47":{"start":{"line":117,"column":12},"end":{"line":123,"column":13}},"48":{"start":{"line":118,"column":16},"end":{"line":121,"column":17}},"49":{"start":{"line":119,"column":20},"end":{"line":120,"column":66}},"50":{"start":{"line":122,"column":16},"end":{"line":122,"column":28}},"51":{"start":{"line":126,"column":12},"end":{"line":182,"column":13}},"52":{"start":{"line":128,"column":16},"end":{"line":128,"column":44}},"53":{"start":{"line":130,"column":16},"end":{"line":136,"column":19}},"54":{"start":{"line":131,"column":20},"end":{"line":135,"column":23}},"55":{"start":{"line":137,"column":16},"end":{"line":137,"column":22}},"56":{"start":{"line":139,"column":16},"end":{"line":139,"column":50}},"57":{"start":{"line":140,"column":16},"end":{"line":140,"column":22}},"58":{"start":{"line":142,"column":16},"end":{"line":142,"column":22}},"59":{"start":{"line":144,"column":16},"end":{"line":144,"column":72}},"60":{"start":{"line":145,"column":16},"end":{"line":149,"column":17}},"61":{"start":{"line":148,"column":20},"end":{"line":148,"column":26}},"62":{"start":{"line":150,"column":16},"end":{"line":150,"column":22}},"63":{"start":{"line":152,"column":16},"end":{"line":152,"column":49}},"64":{"start":{"line":153,"column":16},"end":{"line":157,"column":17}},"65":{"start":{"line":156,"column":20},"end":{"line":156,"column":26}},"66":{"start":{"line":158,"column":16},"end":{"line":158,"column":22}},"67":{"start":{"line":160,"column":16},"end":{"line":160,"column":49}},"68":{"start":{"line":161,"column":16},"end":{"line":161,"column":22}},"69":{"start":{"line":163,"column":16},"end":{"line":163,"column":49}},"70":{"start":{"line":164,"column":16},"end":{"line":180,"column":17}},"71":{"start":{"line":167,"column":20},"end":{"line":167,"column":67}},"72":{"start":{"line":168,"column":20},"end":{"line":168,"column":26}},"73":{"start":{"line":170,"column":20},"end":{"line":170,"column":41}},"74":{"start":{"line":171,"column":20},"end":{"line":171,"column":85}},"75":{"start":{"line":172,"column":20},"end":{"line":172,"column":26}},"76":{"start":{"line":174,"column":20},"end":{"line":174,"column":41}},"77":{"start":{"line":175,"column":20},"end":{"line":175,"column":72}},"78":{"start":{"line":176,"column":20},"end":{"line":176,"column":26}},"79":{"start":{"line":178,"column":20},"end":{"line":178,"column":74}},"80":{"start":{"line":179,"column":20},"end":{"line":179,"column":26}},"81":{"start":{"line":181,"column":16},"end":{"line":181,"column":22}},"82":{"start":{"line":184,"column":12},"end":{"line":188,"column":15}},"83":{"start":{"line":189,"column":12},"end":{"line":189,"column":24}},"84":{"start":{"line":192,"column":8},"end":{"line":197,"column":10}},"85":{"start":{"line":196,"column":12},"end":{"line":196,"column":87}},"86":{"start":{"line":199,"column":4},"end":{"line":856,"column":5}},"87":{"start":{"line":205,"column":8},"end":{"line":473,"column":10}},"88":{"start":{"line":214,"column":0},"end":{"line":214,"column":27}},"89":{"start":{"line":215,"column":0},"end":{"line":356,"column":6}},"90":{"start":{"line":358,"column":0},"end":{"line":375,"column":3}},"91":{"start":{"line":359,"column":4},"end":{"line":374,"column":7}},"92":{"start":{"line":362,"column":8},"end":{"line":362,"column":56}},"93":{"start":{"line":363,"column":8},"end":{"line":370,"column":9}},"94":{"start":{"line":365,"column":12},"end":{"line":367,"column":13}},"95":{"start":{"line":366,"column":16},"end":{"line":366,"column":44}},"96":{"start":{"line":369,"column":12},"end":{"line":369,"column":32}},"97":{"start":{"line":371,"column":8},"end":{"line":373,"column":9}},"98":{"start":{"line":372,"column":12},"end":{"line":372,"column":78}},"99":{"start":{"line":378,"column":0},"end":{"line":378,"column":50}},"100":{"start":{"line":380,"column":0},"end":{"line":380,"column":91}},"101":{"start":{"line":382,"column":0},"end":{"line":388,"column":2}},"102":{"start":{"line":386,"column":8},"end":{"line":386,"column":77}},"103":{"start":{"line":390,"column":0},"end":{"line":422,"column":3}},"104":{"start":{"line":391,"column":4},"end":{"line":421,"column":7}},"105":{"start":{"line":392,"column":8},"end":{"line":392,"column":49}},"106":{"start":{"line":394,"column":8},"end":{"line":405,"column":16}},"107":{"start":{"line":407,"column":8},"end":{"line":407,"column":52}},"108":{"start":{"line":409,"column":8},"end":{"line":413,"column":11}},"109":{"start":{"line":410,"column":12},"end":{"line":412,"column":13}},"110":{"start":{"line":411,"column":16},"end":{"line":411,"column":66}},"111":{"start":{"line":414,"column":8},"end":{"line":414,"column":36}},"112":{"start":{"line":415,"column":8},"end":{"line":415,"column":32}},"113":{"start":{"line":416,"column":8},"end":{"line":416,"column":71}},"114":{"start":{"line":418,"column":8},"end":{"line":418,"column":76}},"115":{"start":{"line":420,"column":8},"end":{"line":420,"column":82}},"116":{"start":{"line":424,"column":0},"end":{"line":438,"column":2}},"117":{"start":{"line":428,"column":8},"end":{"line":435,"column":9}},"118":{"start":{"line":429,"column":12},"end":{"line":434,"column":15}},"119":{"start":{"line":431,"column":16},"end":{"line":433,"column":17}},"120":{"start":{"line":432,"column":20},"end":{"line":432,"column":40}},"121":{"start":{"line":440,"column":0},"end":{"line":440,"column":9}},"122":{"start":{"line":441,"column":0},"end":{"line":445,"column":3}},"123":{"start":{"line":442,"column":4},"end":{"line":444,"column":7}},"124":{"start":{"line":443,"column":8},"end":{"line":443,"column":36}},"125":{"start":{"line":447,"column":0},"end":{"line":447,"column":29}},"126":{"start":{"line":448,"column":0},"end":{"line":454,"column":7}},"127":{"start":{"line":453,"column":8},"end":{"line":453,"column":24}},"128":{"start":{"line":456,"column":0},"end":{"line":468,"column":3}},"129":{"start":{"line":457,"column":4},"end":{"line":467,"column":7}},"130":{"start":{"line":458,"column":8},"end":{"line":458,"column":58}},"131":{"start":{"line":460,"column":8},"end":{"line":466,"column":15}},"132":{"start":{"line":463,"column":16},"end":{"line":465,"column":22}},"133":{"start":{"line":475,"column":8},"end":{"line":663,"column":10}},"134":{"start":{"line":484,"column":0},"end":{"line":484,"column":46}},"135":{"start":{"line":485,"column":0},"end":{"line":485,"column":13}},"136":{"start":{"line":486,"column":0},"end":{"line":657,"column":2}},"137":{"start":{"line":487,"column":4},"end":{"line":656,"column":5}},"138":{"start":{"line":488,"column":8},"end":{"line":490,"column":27}},"139":{"start":{"line":491,"column":8},"end":{"line":653,"column":9}},"140":{"start":{"line":494,"column":12},"end":{"line":510,"column":13}},"141":{"start":{"line":497,"column":16},"end":{"line":497,"column":83}},"142":{"start":{"line":498,"column":16},"end":{"line":498,"column":23}},"143":{"start":{"line":506,"column":16},"end":{"line":506,"column":79}},"144":{"start":{"line":507,"column":16},"end":{"line":507,"column":23}},"145":{"start":{"line":509,"column":16},"end":{"line":509,"column":25}},"146":{"start":{"line":511,"column":12},"end":{"line":511,"column":18}},"147":{"start":{"line":513,"column":12},"end":{"line":531,"column":13}},"148":{"start":{"line":515,"column":16},"end":{"line":516,"column":66}},"149":{"start":{"line":517,"column":16},"end":{"line":522,"column":17}},"150":{"start":{"line":520,"column":20},"end":{"line":520,"column":94}},"151":{"start":{"line":521,"column":20},"end":{"line":521,"column":27}},"152":{"start":{"line":524,"column":16},"end":{"line":530,"column":17}},"153":{"start":{"line":525,"column":20},"end":{"line":525,"column":76}},"154":{"start":{"line":526,"column":20},"end":{"line":528,"column":21}},"155":{"start":{"line":527,"column":24},"end":{"line":527,"column":30}},"156":{"start":{"line":529,"column":20},"end":{"line":529,"column":62}},"157":{"start":{"line":533,"column":12},"end":{"line":536,"column":13}},"158":{"start":{"line":534,"column":16},"end":{"line":534,"column":33}},"159":{"start":{"line":535,"column":16},"end":{"line":535,"column":23}},"160":{"start":{"line":538,"column":12},"end":{"line":538,"column":42}},"161":{"start":{"line":540,"column":12},"end":{"line":540,"column":73}},"162":{"start":{"line":541,"column":12},"end":{"line":541,"column":37}},"163":{"start":{"line":543,"column":12},"end":{"line":543,"column":42}},"164":{"start":{"line":544,"column":12},"end":{"line":544,"column":69}},"165":{"start":{"line":545,"column":12},"end":{"line":545,"column":21}},"166":{"start":{"line":546,"column":12},"end":{"line":546,"column":18}},"167":{"start":{"line":548,"column":12},"end":{"line":548,"column":57}},"168":{"start":{"line":549,"column":12},"end":{"line":549,"column":35}},"169":{"start":{"line":551,"column":12},"end":{"line":551,"column":35}},"170":{"start":{"line":553,"column":12},"end":{"line":555,"column":28}},"171":{"start":{"line":556,"column":12},"end":{"line":560,"column":15}},"172":{"start":{"line":557,"column":16},"end":{"line":559,"column":17}},"173":{"start":{"line":558,"column":20},"end":{"line":558,"column":66}},"174":{"start":{"line":561,"column":12},"end":{"line":582,"column":15}},"175":{"start":{"line":562,"column":16},"end":{"line":579,"column":17}},"176":{"start":{"line":565,"column":20},"end":{"line":565,"column":43}},"177":{"start":{"line":566,"column":20},"end":{"line":569,"column":23}},"178":{"start":{"line":567,"column":24},"end":{"line":567,"column":69}},"179":{"start":{"line":568,"column":24},"end":{"line":568,"column":41}},"180":{"start":{"line":570,"column":20},"end":{"line":570,"column":26}},"181":{"start":{"line":573,"column":20},"end":{"line":573,"column":80}},"182":{"start":{"line":574,"column":20},"end":{"line":574,"column":26}},"183":{"start":{"line":577,"column":20},"end":{"line":577,"column":88}},"184":{"start":{"line":578,"column":20},"end":{"line":578,"column":26}},"185":{"start":{"line":581,"column":16},"end":{"line":581,"column":95}},"186":{"start":{"line":583,"column":12},"end":{"line":583,"column":24}},"187":{"start":{"line":584,"column":12},"end":{"line":584,"column":18}},"188":{"start":{"line":587,"column":12},"end":{"line":596,"column":15}},"189":{"start":{"line":589,"column":16},"end":{"line":595,"column":19}},"190":{"start":{"line":598,"column":12},"end":{"line":598,"column":66}},"191":{"start":{"line":601,"column":12},"end":{"line":607,"column":24}},"192":{"start":{"line":609,"column":12},"end":{"line":610,"column":78}},"193":{"start":{"line":612,"column":12},"end":{"line":622,"column":13}},"194":{"start":{"line":613,"column":16},"end":{"line":620,"column":19}},"195":{"start":{"line":617,"column":20},"end":{"line":617,"column":46}},"196":{"start":{"line":618,"column":20},"end":{"line":618,"column":62}},"197":{"start":{"line":619,"column":20},"end":{"line":619,"column":29}},"198":{"start":{"line":621,"column":16},"end":{"line":621,"column":23}},"199":{"start":{"line":623,"column":12},"end":{"line":623,"column":21}},"200":{"start":{"line":624,"column":12},"end":{"line":624,"column":18}},"201":{"start":{"line":627,"column":12},"end":{"line":627,"column":71}},"202":{"start":{"line":628,"column":12},"end":{"line":628,"column":18}},"203":{"start":{"line":631,"column":12},"end":{"line":634,"column":13}},"204":{"start":{"line":632,"column":16},"end":{"line":632,"column":67}},"205":{"start":{"line":633,"column":16},"end":{"line":633,"column":23}},"206":{"start":{"line":635,"column":12},"end":{"line":635,"column":21}},"207":{"start":{"line":636,"column":12},"end":{"line":636,"column":18}},"208":{"start":{"line":639,"column":12},"end":{"line":639,"column":70}},"209":{"start":{"line":640,"column":12},"end":{"line":640,"column":18}},"210":{"start":{"line":643,"column":12},"end":{"line":649,"column":15}},"211":{"start":{"line":650,"column":12},"end":{"line":650,"column":18}},"212":{"start":{"line":652,"column":12},"end":{"line":652,"column":81}},"213":{"start":{"line":655,"column":8},"end":{"line":655,"column":83}},"214":{"start":{"line":658,"column":0},"end":{"line":658,"column":9}},"215":{"start":{"line":665,"column":8},"end":{"line":790,"column":10}},"216":{"start":{"line":669,"column":12},"end":{"line":669,"column":42}},"217":{"start":{"line":670,"column":12},"end":{"line":670,"column":25}},"218":{"start":{"line":671,"column":12},"end":{"line":788,"column":14}},"219":{"start":{"line":672,"column":16},"end":{"line":787,"column":17}},"220":{"start":{"line":673,"column":20},"end":{"line":675,"column":39}},"221":{"start":{"line":676,"column":20},"end":{"line":784,"column":21}},"222":{"start":{"line":679,"column":24},"end":{"line":679,"column":53}},"223":{"start":{"line":680,"column":24},"end":{"line":680,"column":50}},"224":{"start":{"line":682,"column":24},"end":{"line":682,"column":60}},"225":{"start":{"line":683,"column":24},"end":{"line":740,"column":25}},"226":{"start":{"line":687,"column":28},"end":{"line":687,"column":91}},"227":{"start":{"line":689,"column":28},"end":{"line":692,"column":31}},"228":{"start":{"line":694,"column":28},"end":{"line":698,"column":31}},"229":{"start":{"line":699,"column":28},"end":{"line":699,"column":47}},"230":{"start":{"line":700,"column":28},"end":{"line":700,"column":34}},"231":{"start":{"line":702,"column":28},"end":{"line":702,"column":43}},"232":{"start":{"line":703,"column":28},"end":{"line":703,"column":90}},"233":{"start":{"line":704,"column":28},"end":{"line":704,"column":34}},"234":{"start":{"line":706,"column":28},"end":{"line":706,"column":88}},"235":{"start":{"line":707,"column":28},"end":{"line":707,"column":34}},"236":{"start":{"line":709,"column":28},"end":{"line":713,"column":49}},"237":{"start":{"line":714,"column":28},"end":{"line":714,"column":34}},"238":{"start":{"line":717,"column":28},"end":{"line":717,"column":91}},"239":{"start":{"line":719,"column":28},"end":{"line":722,"column":31}},"240":{"start":{"line":724,"column":28},"end":{"line":728,"column":30}},"241":{"start":{"line":730,"column":28},"end":{"line":734,"column":31}},"242":{"start":{"line":735,"column":28},"end":{"line":735,"column":47}},"243":{"start":{"line":736,"column":28},"end":{"line":736,"column":34}},"244":{"start":{"line":738,"column":28},"end":{"line":739,"column":68}},"245":{"start":{"line":741,"column":24},"end":{"line":741,"column":30}},"246":{"start":{"line":743,"column":24},"end":{"line":777,"column":25}},"247":{"start":{"line":745,"column":28},"end":{"line":745,"column":43}},"248":{"start":{"line":747,"column":28},"end":{"line":747,"column":74}},"249":{"start":{"line":748,"column":28},"end":{"line":748,"column":34}},"250":{"start":{"line":750,"column":28},"end":{"line":750,"column":43}},"251":{"start":{"line":752,"column":28},"end":{"line":757,"column":30}},"252":{"start":{"line":758,"column":28},"end":{"line":758,"column":34}},"253":{"start":{"line":761,"column":28},"end":{"line":761,"column":43}},"254":{"start":{"line":762,"column":28},"end":{"line":762,"column":61}},"255":{"start":{"line":763,"column":28},"end":{"line":763,"column":37}},"256":{"start":{"line":764,"column":28},"end":{"line":764,"column":34}},"257":{"start":{"line":766,"column":28},"end":{"line":766,"column":43}},"258":{"start":{"line":768,"column":28},"end":{"line":768,"column":79}},"259":{"start":{"line":770,"column":28},"end":{"line":775,"column":30}},"260":{"start":{"line":776,"column":28},"end":{"line":776,"column":34}},"261":{"start":{"line":778,"column":24},"end":{"line":778,"column":30}},"262":{"start":{"line":780,"column":24},"end":{"line":782,"column":30}},"263":{"start":{"line":783,"column":24},"end":{"line":783,"column":46}},"264":{"start":{"line":786,"column":20},"end":{"line":786,"column":48}},"265":{"start":{"line":789,"column":12},"end":{"line":789,"column":21}},"266":{"start":{"line":792,"column":8},"end":{"line":813,"column":10}},"267":{"start":{"line":796,"column":12},"end":{"line":796,"column":49}},"268":{"start":{"line":797,"column":12},"end":{"line":800,"column":13}},"269":{"start":{"line":798,"column":16},"end":{"line":798,"column":33}},"270":{"start":{"line":799,"column":16},"end":{"line":799,"column":23}},"271":{"start":{"line":801,"column":12},"end":{"line":801,"column":76}},"272":{"start":{"line":803,"column":12},"end":{"line":812,"column":20}},"273":{"start":{"line":815,"column":8},"end":{"line":815,"column":48}},"274":{"start":{"line":817,"column":8},"end":{"line":836,"column":10}},"275":{"start":{"line":821,"column":12},"end":{"line":821,"column":33}},"276":{"start":{"line":822,"column":12},"end":{"line":822,"column":26}},"277":{"start":{"line":823,"column":12},"end":{"line":834,"column":14}},"278":{"start":{"line":824,"column":16},"end":{"line":826,"column":35}},"279":{"start":{"line":827,"column":16},"end":{"line":831,"column":17}},"280":{"start":{"line":828,"column":20},"end":{"line":829,"column":86}},"281":{"start":{"line":830,"column":20},"end":{"line":830,"column":27}},"282":{"start":{"line":833,"column":16},"end":{"line":833,"column":38}},"283":{"start":{"line":835,"column":12},"end":{"line":835,"column":21}},"284":{"start":{"line":838,"column":8},"end":{"line":845,"column":10}},"285":{"start":{"line":843,"column":12},"end":{"line":843,"column":50}},"286":{"start":{"line":844,"column":12},"end":{"line":844,"column":29}},"287":{"start":{"line":847,"column":8},"end":{"line":854,"column":10}},"288":{"start":{"line":852,"column":12},"end":{"line":852,"column":50}},"289":{"start":{"line":853,"column":12},"end":{"line":853,"column":29}},"290":{"start":{"line":855,"column":8},"end":{"line":855,"column":14}},"291":{"start":{"line":857,"column":4},"end":{"line":1162,"column":5}},"292":{"start":{"line":864,"column":8},"end":{"line":864,"column":44}},"293":{"start":{"line":865,"column":8},"end":{"line":880,"column":10}},"294":{"start":{"line":868,"column":16},"end":{"line":877,"column":18}},"295":{"start":{"line":872,"column":24},"end":{"line":872,"column":61}},"296":{"start":{"line":873,"column":24},"end":{"line":873,"column":43}},"297":{"start":{"line":874,"column":24},"end":{"line":874,"column":34}},"298":{"start":{"line":875,"column":24},"end":{"line":875,"column":49}},"299":{"start":{"line":882,"column":8},"end":{"line":883,"column":46}},"300":{"start":{"line":884,"column":8},"end":{"line":963,"column":10}},"301":{"start":{"line":964,"column":8},"end":{"line":972,"column":14}},"302":{"start":{"line":973,"column":8},"end":{"line":977,"column":14}},"303":{"start":{"line":978,"column":8},"end":{"line":984,"column":88}},"304":{"start":{"line":985,"column":8},"end":{"line":987,"column":50}},"305":{"start":{"line":988,"column":8},"end":{"line":990,"column":46}},"306":{"start":{"line":991,"column":8},"end":{"line":993,"column":44}},"307":{"start":{"line":995,"column":8},"end":{"line":1010,"column":11}},"308":{"start":{"line":1012,"column":8},"end":{"line":1026,"column":11}},"309":{"start":{"line":1028,"column":8},"end":{"line":1038,"column":11}},"310":{"start":{"line":1040,"column":8},"end":{"line":1100,"column":11}},"311":{"start":{"line":1101,"column":8},"end":{"line":1114,"column":15}},"312":{"start":{"line":1115,"column":8},"end":{"line":1148,"column":11}},"313":{"start":{"line":1119,"column":12},"end":{"line":1134,"column":19}},"314":{"start":{"line":1121,"column":20},"end":{"line":1124,"column":21}},"315":{"start":{"line":1122,"column":24},"end":{"line":1122,"column":61}},"316":{"start":{"line":1123,"column":24},"end":{"line":1123,"column":31}},"317":{"start":{"line":1125,"column":20},"end":{"line":1125,"column":58}},"318":{"start":{"line":1126,"column":20},"end":{"line":1133,"column":23}},"319":{"start":{"line":1131,"column":24},"end":{"line":1132,"column":84}},"320":{"start":{"line":1144,"column":12},"end":{"line":1147,"column":27}},"321":{"start":{"line":1150,"column":8},"end":{"line":1160,"column":10}},"322":{"start":{"line":1161,"column":8},"end":{"line":1161,"column":14}},"323":{"start":{"line":1165,"column":4},"end":{"line":1165,"column":14}},"324":{"start":{"line":1170,"column":4},"end":{"line":1191,"column":9}},"325":{"start":{"line":1172,"column":8},"end":{"line":1172,"column":19}},"326":{"start":{"line":1173,"column":8},"end":{"line":1184,"column":13}},"327":{"start":{"line":1174,"column":12},"end":{"line":1183,"column":13}},"328":{"start":{"line":1175,"column":16},"end":{"line":1178,"column":27}},"329":{"start":{"line":1180,"column":16},"end":{"line":1182,"column":30}},"330":{"start":{"line":1186,"column":8},"end":{"line":1188,"column":21}},"331":{"start":{"line":1190,"column":8},"end":{"line":1190,"column":38}},"332":{"start":{"line":1192,"column":4},"end":{"line":1219,"column":5}},"333":{"start":{"line":1199,"column":8},"end":{"line":1199,"column":33}},"334":{"start":{"line":1201,"column":8},"end":{"line":1201,"column":41}},"335":{"start":{"line":1202,"column":8},"end":{"line":1202,"column":14}},"336":{"start":{"line":1209,"column":8},"end":{"line":1209,"column":36}},"337":{"start":{"line":1211,"column":8},"end":{"line":1211,"column":33}},"338":{"start":{"line":1212,"column":8},"end":{"line":1212,"column":43}},"339":{"start":{"line":1213,"column":8},"end":{"line":1213,"column":37}},"340":{"start":{"line":1214,"column":8},"end":{"line":1214,"column":89}},"341":{"start":{"line":1215,"column":8},"end":{"line":1215,"column":59}},"342":{"start":{"line":1216,"column":8},"end":{"line":1216,"column":35}},"343":{"start":{"line":1217,"column":8},"end":{"line":1217,"column":45}},"344":{"start":{"line":1218,"column":8},"end":{"line":1218,"column":14}},"345":{"start":{"line":1220,"column":4},"end":{"line":1220,"column":17}}},"branchMap":{"1":{"line":21,"type":"binary-expr","locations":[{"start":{"line":21,"column":23},"end":{"line":21,"column":27}},{"start":{"line":21,"column":31},"end":{"line":22,"column":76}}]},"2":{"line":32,"type":"if","locations":[{"start":{"line":32,"column":16},"end":{"line":32,"column":16}},{"start":{"line":32,"column":16},"end":{"line":32,"column":16}}]},"3":{"line":32,"type":"binary-expr","locations":[{"start":{"line":32,"column":20},"end":{"line":32,"column":27}},{"start":{"line":32,"column":31},"end":{"line":32,"column":41}}]},"4":{"line":33,"type":"binary-expr","locations":[{"start":{"line":33,"column":34},"end":{"line":33,"column":45}},{"start":{"line":33,"column":49},"end":{"line":33,"column":59}}]},"5":{"line":45,"type":"if","locations":[{"start":{"line":45,"column":16},"end":{"line":45,"column":16}},{"start":{"line":45,"column":16},"end":{"line":45,"column":16}}]},"6":{"line":45,"type":"binary-expr","locations":[{"start":{"line":45,"column":20},"end":{"line":45,"column":27}},{"start":{"line":45,"column":31},"end":{"line":45,"column":42}}]},"7":{"line":46,"type":"binary-expr","locations":[{"start":{"line":46,"column":33},"end":{"line":46,"column":43}},{"start":{"line":46,"column":47},"end":{"line":46,"column":58}}]},"8":{"line":58,"type":"binary-expr","locations":[{"start":{"line":58,"column":19},"end":{"line":58,"column":31}},{"start":{"line":58,"column":35},"end":{"line":58,"column":37}}]},"9":{"line":60,"type":"binary-expr","locations":[{"start":{"line":60,"column":32},"end":{"line":60,"column":65}},{"start":{"line":60,"column":69},"end":{"line":60,"column":93}}]},"10":{"line":71,"type":"binary-expr","locations":[{"start":{"line":71,"column":20},"end":{"line":71,"column":33}},{"start":{"line":71,"column":37},"end":{"line":71,"column":39}}]},"11":{"line":72,"type":"binary-expr","locations":[{"start":{"line":72,"column":24},"end":{"line":72,"column":40}},{"start":{"line":72,"column":44},"end":{"line":72,"column":46}}]},"12":{"line":78,"type":"binary-expr","locations":[{"start":{"line":78,"column":34},"end":{"line":78,"column":48}},{"start":{"line":78,"column":52},"end":{"line":78,"column":84}}]},"13":{"line":97,"type":"if","locations":[{"start":{"line":97,"column":16},"end":{"line":97,"column":16}},{"start":{"line":97,"column":16},"end":{"line":97,"column":16}}]},"14":{"line":102,"type":"binary-expr","locations":[{"start":{"line":102,"column":23},"end":{"line":102,"column":39}},{"start":{"line":102,"column":43},"end":{"line":102,"column":45}}]},"15":{"line":104,"type":"binary-expr","locations":[{"start":{"line":104,"column":19},"end":{"line":104,"column":32}},{"start":{"line":104,"column":36},"end":{"line":104,"column":49}},{"start":{"line":104,"column":54},"end":{"line":104,"column":69}},{"start":{"line":104,"column":73},"end":{"line":104,"column":93}}]},"16":{"line":105,"type":"binary-expr","locations":[{"start":{"line":105,"column":21},"end":{"line":105,"column":36}},{"start":{"line":105,"column":40},"end":{"line":105,"column":44}}]},"17":{"line":107,"type":"if","locations":[{"start":{"line":107,"column":12},"end":{"line":107,"column":12}},{"start":{"line":107,"column":12},"end":{"line":107,"column":12}}]},"18":{"line":107,"type":"binary-expr","locations":[{"start":{"line":107,"column":16},"end":{"line":107,"column":29}},{"start":{"line":108,"column":20},"end":{"line":108,"column":24}},{"start":{"line":108,"column":28},"end":{"line":108,"column":52}},{"start":{"line":109,"column":20},"end":{"line":109,"column":44}},{"start":{"line":109,"column":48},"end":{"line":109,"column":74}}]},"19":{"line":117,"type":"if","locations":[{"start":{"line":117,"column":12},"end":{"line":117,"column":12}},{"start":{"line":117,"column":12},"end":{"line":117,"column":12}}]},"20":{"line":117,"type":"binary-expr","locations":[{"start":{"line":117,"column":16},"end":{"line":117,"column":29}},{"start":{"line":117,"column":33},"end":{"line":117,"column":51}}]},"21":{"line":118,"type":"if","locations":[{"start":{"line":118,"column":16},"end":{"line":118,"column":16}},{"start":{"line":118,"column":16},"end":{"line":118,"column":16}}]},"22":{"line":126,"type":"switch","locations":[{"start":{"line":127,"column":12},"end":{"line":137,"column":22}},{"start":{"line":138,"column":12},"end":{"line":140,"column":22}},{"start":{"line":141,"column":12},"end":{"line":142,"column":22}},{"start":{"line":143,"column":12},"end":{"line":150,"column":22}},{"start":{"line":151,"column":12},"end":{"line":158,"column":22}},{"start":{"line":159,"column":12},"end":{"line":161,"column":22}},{"start":{"line":162,"column":12},"end":{"line":181,"column":22}}]},"23":{"line":144,"type":"binary-expr","locations":[{"start":{"line":144,"column":23},"end":{"line":144,"column":47}},{"start":{"line":144,"column":51},"end":{"line":144,"column":70}}]},"24":{"line":145,"type":"switch","locations":[{"start":{"line":146,"column":16},"end":{"line":146,"column":29}},{"start":{"line":147,"column":16},"end":{"line":148,"column":26}}]},"25":{"line":153,"type":"switch","locations":[{"start":{"line":154,"column":16},"end":{"line":154,"column":30}},{"start":{"line":155,"column":16},"end":{"line":156,"column":26}}]},"26":{"line":164,"type":"switch","locations":[{"start":{"line":166,"column":16},"end":{"line":168,"column":26}},{"start":{"line":169,"column":16},"end":{"line":172,"column":26}},{"start":{"line":173,"column":16},"end":{"line":176,"column":26}},{"start":{"line":177,"column":16},"end":{"line":179,"column":26}}]},"27":{"line":171,"type":"binary-expr","locations":[{"start":{"line":171,"column":27},"end":{"line":171,"column":40}},{"start":{"line":171,"column":44},"end":{"line":171,"column":83}}]},"28":{"line":175,"type":"binary-expr","locations":[{"start":{"line":175,"column":27},"end":{"line":175,"column":40}},{"start":{"line":175,"column":44},"end":{"line":175,"column":70}}]},"29":{"line":199,"type":"switch","locations":[{"start":{"line":204,"column":4},"end":{"line":855,"column":14}}]},"30":{"line":217,"type":"binary-expr","locations":[{"start":{"line":217,"column":11},"end":{"line":217,"column":31}},{"start":{"line":217,"column":35},"end":{"line":345,"column":5}}]},"31":{"line":359,"type":"cond-expr","locations":[{"start":{"line":360,"column":10},"end":{"line":360,"column":17}},{"start":{"line":361,"column":10},"end":{"line":361,"column":12}}]},"32":{"line":359,"type":"binary-expr","locations":[{"start":{"line":359,"column":16},"end":{"line":359,"column":23}},{"start":{"line":359,"column":27},"end":{"line":359,"column":54}}]},"33":{"line":363,"type":"if","locations":[{"start":{"line":363,"column":8},"end":{"line":363,"column":8}},{"start":{"line":363,"column":8},"end":{"line":363,"column":8}}]},"34":{"line":365,"type":"if","locations":[{"start":{"line":365,"column":12},"end":{"line":365,"column":12}},{"start":{"line":365,"column":12},"end":{"line":365,"column":12}}]},"35":{"line":371,"type":"if","locations":[{"start":{"line":371,"column":8},"end":{"line":371,"column":8}},{"start":{"line":371,"column":8},"end":{"line":371,"column":8}}]},"36":{"line":378,"type":"binary-expr","locations":[{"start":{"line":378,"column":23},"end":{"line":378,"column":43}},{"start":{"line":378,"column":47},"end":{"line":378,"column":49}}]},"37":{"line":410,"type":"if","locations":[{"start":{"line":410,"column":12},"end":{"line":410,"column":12}},{"start":{"line":410,"column":12},"end":{"line":410,"column":12}}]},"38":{"line":410,"type":"binary-expr","locations":[{"start":{"line":410,"column":16},"end":{"line":410,"column":30}},{"start":{"line":410,"column":34},"end":{"line":410,"column":66}}]},"39":{"line":411,"type":"binary-expr","locations":[{"start":{"line":411,"column":34},"end":{"line":411,"column":49}},{"start":{"line":411,"column":53},"end":{"line":411,"column":65}}]},"40":{"line":418,"type":"binary-expr","locations":[{"start":{"line":418,"column":40},"end":{"line":418,"column":69}},{"start":{"line":418,"column":73},"end":{"line":418,"column":75}}]},"41":{"line":428,"type":"if","locations":[{"start":{"line":428,"column":8},"end":{"line":428,"column":8}},{"start":{"line":428,"column":8},"end":{"line":428,"column":8}}]},"42":{"line":428,"type":"binary-expr","locations":[{"start":{"line":428,"column":12},"end":{"line":428,"column":19}},{"start":{"line":428,"column":23},"end":{"line":428,"column":50}}]},"43":{"line":431,"type":"if","locations":[{"start":{"line":431,"column":16},"end":{"line":431,"column":16}},{"start":{"line":431,"column":16},"end":{"line":431,"column":16}}]},"44":{"line":442,"type":"binary-expr","locations":[{"start":{"line":442,"column":5},"end":{"line":442,"column":9}},{"start":{"line":442,"column":13},"end":{"line":442,"column":15}}]},"45":{"line":460,"type":"binary-expr","locations":[{"start":{"line":460,"column":32},"end":{"line":460,"column":54}},{"start":{"line":460,"column":58},"end":{"line":460,"column":60}}]},"46":{"line":464,"type":"binary-expr","locations":[{"start":{"line":464,"column":33},"end":{"line":464,"column":74}},{"start":{"line":464,"column":78},"end":{"line":464,"column":80}}]},"47":{"line":488,"type":"cond-expr","locations":[{"start":{"line":489,"column":14},"end":{"line":489,"column":17}},{"start":{"line":490,"column":14},"end":{"line":490,"column":26}}]},"48":{"line":491,"type":"switch","locations":[{"start":{"line":492,"column":8},"end":{"line":511,"column":18}},{"start":{"line":512,"column":8},"end":{"line":546,"column":18}},{"start":{"line":547,"column":8},"end":{"line":584,"column":18}},{"start":{"line":585,"column":8},"end":{"line":624,"column":18}},{"start":{"line":625,"column":8},"end":{"line":628,"column":18}},{"start":{"line":629,"column":8},"end":{"line":636,"column":18}},{"start":{"line":637,"column":8},"end":{"line":640,"column":18}},{"start":{"line":641,"column":8},"end":{"line":650,"column":18}},{"start":{"line":651,"column":8},"end":{"line":652,"column":81}}]},"49":{"line":494,"type":"switch","locations":[{"start":{"line":495,"column":12},"end":{"line":495,"column":40}},{"start":{"line":496,"column":12},"end":{"line":498,"column":23}},{"start":{"line":499,"column":12},"end":{"line":499,"column":35}},{"start":{"line":500,"column":12},"end":{"line":500,"column":43}},{"start":{"line":501,"column":12},"end":{"line":501,"column":49}},{"start":{"line":502,"column":12},"end":{"line":502,"column":48}},{"start":{"line":503,"column":12},"end":{"line":503,"column":57}},{"start":{"line":504,"column":12},"end":{"line":504,"column":53}},{"start":{"line":505,"column":12},"end":{"line":507,"column":23}},{"start":{"line":508,"column":12},"end":{"line":509,"column":25}}]},"50":{"line":513,"type":"if","locations":[{"start":{"line":513,"column":12},"end":{"line":513,"column":12}},{"start":{"line":513,"column":12},"end":{"line":513,"column":12}}]},"51":{"line":517,"type":"switch","locations":[{"start":{"line":519,"column":16},"end":{"line":521,"column":27}}]},"52":{"line":525,"type":"binary-expr","locations":[{"start":{"line":525,"column":30},"end":{"line":525,"column":37}},{"start":{"line":525,"column":41},"end":{"line":525,"column":75}}]},"53":{"line":526,"type":"if","locations":[{"start":{"line":526,"column":20},"end":{"line":526,"column":20}},{"start":{"line":526,"column":20},"end":{"line":526,"column":20}}]},"54":{"line":526,"type":"binary-expr","locations":[{"start":{"line":526,"column":24},"end":{"line":526,"column":31}},{"start":{"line":526,"column":35},"end":{"line":526,"column":55}}]},"55":{"line":533,"type":"if","locations":[{"start":{"line":533,"column":12},"end":{"line":533,"column":12}},{"start":{"line":533,"column":12},"end":{"line":533,"column":12}}]},"56":{"line":557,"type":"if","locations":[{"start":{"line":557,"column":16},"end":{"line":557,"column":16}},{"start":{"line":557,"column":16},"end":{"line":557,"column":16}}]},"57":{"line":561,"type":"binary-expr","locations":[{"start":{"line":561,"column":13},"end":{"line":561,"column":31}},{"start":{"line":561,"column":35},"end":{"line":561,"column":37}}]},"58":{"line":562,"type":"switch","locations":[{"start":{"line":564,"column":16},"end":{"line":570,"column":26}},{"start":{"line":572,"column":16},"end":{"line":574,"column":26}},{"start":{"line":576,"column":16},"end":{"line":578,"column":26}}]},"59":{"line":581,"type":"binary-expr","locations":[{"start":{"line":581,"column":48},"end":{"line":581,"column":77}},{"start":{"line":581,"column":81},"end":{"line":581,"column":94}}]},"60":{"line":602,"type":"binary-expr","locations":[{"start":{"line":602,"column":21},"end":{"line":602,"column":42}},{"start":{"line":603,"column":21},"end":{"line":603,"column":43}},{"start":{"line":603,"column":47},"end":{"line":603,"column":73}},{"start":{"line":604,"column":20},"end":{"line":604,"column":45}}]},"61":{"line":605,"type":"binary-expr","locations":[{"start":{"line":605,"column":20},"end":{"line":605,"column":42}},{"start":{"line":606,"column":21},"end":{"line":606,"column":43}},{"start":{"line":606,"column":47},"end":{"line":606,"column":74}}]},"62":{"line":610,"type":"binary-expr","locations":[{"start":{"line":610,"column":16},"end":{"line":610,"column":48}},{"start":{"line":610,"column":52},"end":{"line":610,"column":77}}]},"63":{"line":612,"type":"if","locations":[{"start":{"line":612,"column":12},"end":{"line":612,"column":12}},{"start":{"line":612,"column":12},"end":{"line":612,"column":12}}]},"64":{"line":618,"type":"binary-expr","locations":[{"start":{"line":618,"column":43},"end":{"line":618,"column":55}},{"start":{"line":618,"column":59},"end":{"line":618,"column":61}}]},"65":{"line":631,"type":"if","locations":[{"start":{"line":631,"column":12},"end":{"line":631,"column":12}},{"start":{"line":631,"column":12},"end":{"line":631,"column":12}}]},"66":{"line":673,"type":"cond-expr","locations":[{"start":{"line":674,"column":26},"end":{"line":674,"column":29}},{"start":{"line":675,"column":26},"end":{"line":675,"column":38}}]},"67":{"line":676,"type":"switch","locations":[{"start":{"line":677,"column":20},"end":{"line":741,"column":30}},{"start":{"line":742,"column":20},"end":{"line":778,"column":30}},{"start":{"line":779,"column":20},"end":{"line":783,"column":46}}]},"68":{"line":683,"type":"switch","locations":[{"start":{"line":684,"column":24},"end":{"line":684,"column":41}},{"start":{"line":685,"column":24},"end":{"line":700,"column":34}},{"start":{"line":701,"column":24},"end":{"line":704,"column":34}},{"start":{"line":705,"column":24},"end":{"line":707,"column":34}},{"start":{"line":708,"column":24},"end":{"line":714,"column":34}},{"start":{"line":715,"column":24},"end":{"line":736,"column":34}},{"start":{"line":737,"column":24},"end":{"line":739,"column":68}}]},"69":{"line":743,"type":"switch","locations":[{"start":{"line":744,"column":24},"end":{"line":748,"column":34}},{"start":{"line":749,"column":24},"end":{"line":758,"column":34}},{"start":{"line":759,"column":24},"end":{"line":759,"column":42}},{"start":{"line":760,"column":24},"end":{"line":764,"column":34}},{"start":{"line":765,"column":24},"end":{"line":776,"column":34}}]},"70":{"line":797,"type":"if","locations":[{"start":{"line":797,"column":12},"end":{"line":797,"column":12}},{"start":{"line":797,"column":12},"end":{"line":797,"column":12}}]},"71":{"line":804,"type":"binary-expr","locations":[{"start":{"line":804,"column":21},"end":{"line":804,"column":28}},{"start":{"line":805,"column":20},"end":{"line":805,"column":35}},{"start":{"line":806,"column":20},"end":{"line":806,"column":48}},{"start":{"line":807,"column":20},"end":{"line":807,"column":52}}]},"72":{"line":824,"type":"cond-expr","locations":[{"start":{"line":825,"column":22},"end":{"line":825,"column":25}},{"start":{"line":826,"column":22},"end":{"line":826,"column":34}}]},"73":{"line":827,"type":"if","locations":[{"start":{"line":827,"column":16},"end":{"line":827,"column":16}},{"start":{"line":827,"column":16},"end":{"line":827,"column":16}}]},"74":{"line":857,"type":"switch","locations":[{"start":{"line":862,"column":4},"end":{"line":1161,"column":14}}]},"75":{"line":869,"type":"binary-expr","locations":[{"start":{"line":869,"column":20},"end":{"line":869,"column":54}},{"start":{"line":869,"column":58},"end":{"line":869,"column":90}}]},"76":{"line":885,"type":"binary-expr","locations":[{"start":{"line":885,"column":22},"end":{"line":885,"column":71}},{"start":{"line":885,"column":75},"end":{"line":885,"column":86}}]},"77":{"line":1121,"type":"if","locations":[{"start":{"line":1121,"column":20},"end":{"line":1121,"column":20}},{"start":{"line":1121,"column":20},"end":{"line":1121,"column":20}}]},"78":{"line":1126,"type":"cond-expr","locations":[{"start":{"line":1127,"column":26},"end":{"line":1127,"column":39}},{"start":{"line":1128,"column":26},"end":{"line":1130,"column":28}}]},"79":{"line":1126,"type":"binary-expr","locations":[{"start":{"line":1126,"column":21},"end":{"line":1126,"column":27}},{"start":{"line":1126,"column":31},"end":{"line":1126,"column":44}},{"start":{"line":1126,"column":48},"end":{"line":1126,"column":68}}]},"80":{"line":1128,"type":"cond-expr","locations":[{"start":{"line":1129,"column":26},"end":{"line":1129,"column":41}},{"start":{"line":1130,"column":26},"end":{"line":1130,"column":28}}]},"81":{"line":1128,"type":"binary-expr","locations":[{"start":{"line":1128,"column":26},"end":{"line":1128,"column":32}},{"start":{"line":1128,"column":36},"end":{"line":1128,"column":51}},{"start":{"line":1128,"column":55},"end":{"line":1128,"column":75}}]},"82":{"line":1175,"type":"binary-expr","locations":[{"start":{"line":1175,"column":23},"end":{"line":1175,"column":37}},{"start":{"line":1176,"column":20},"end":{"line":1176,"column":61}},{"start":{"line":1177,"column":20},"end":{"line":1177,"column":70}},{"start":{"line":1178,"column":20},"end":{"line":1178,"column":26}}]},"83":{"line":1180,"type":"binary-expr","locations":[{"start":{"line":1180,"column":23},"end":{"line":1180,"column":62}},{"start":{"line":1181,"column":20},"end":{"line":1181,"column":70}},{"start":{"line":1182,"column":20},"end":{"line":1182,"column":29}}]},"84":{"line":1186,"type":"cond-expr","locations":[{"start":{"line":1187,"column":14},"end":{"line":1187,"column":20}},{"start":{"line":1188,"column":14},"end":{"line":1188,"column":20}}]},"85":{"line":1192,"type":"switch","locations":[{"start":{"line":1197,"column":4},"end":{"line":1202,"column":14}},{"start":{"line":1207,"column":4},"end":{"line":1218,"column":14}}]}}}}